{"/Users/doxle/Desktop/fizzbuzz/frontend/src/RoutePaths.ts": {"path":"/Users/doxle/Desktop/fizzbuzz/frontend/src/RoutePaths.ts","all":false,"statementMap":{"0":{"start":{"line":1,"column":0},"end":{"line":1,"column":19}},"1":{"start":{"line":2,"column":0},"end":{"line":2,"column":12}},"2":{"start":{"line":3,"column":0},"end":{"line":3,"column":18}},"3":{"start":{"line":4,"column":0},"end":{"line":4,"column":24}},"4":{"start":{"line":5,"column":0},"end":{"line":5,"column":0}},"5":{"start":{"line":6,"column":0},"end":{"line":6,"column":21}},"6":{"start":{"line":7,"column":0},"end":{"line":7,"column":16}},"7":{"start":{"line":8,"column":0},"end":{"line":8,"column":29}},"8":{"start":{"line":9,"column":0},"end":{"line":9,"column":2}},"9":{"start":{"line":10,"column":0},"end":{"line":10,"column":0}},"10":{"start":{"line":11,"column":0},"end":{"line":11,"column":36}},"11":{"start":{"line":12,"column":0},"end":{"line":12,"column":18}},"12":{"start":{"line":13,"column":0},"end":{"line":13,"column":21}},"13":{"start":{"line":14,"column":0},"end":{"line":14,"column":17}},"14":{"start":{"line":15,"column":0},"end":{"line":15,"column":2}},"15":{"start":{"line":16,"column":0},"end":{"line":16,"column":0}},"16":{"start":{"line":17,"column":0},"end":{"line":17,"column":25}}},"s":{"0":1,"1":1,"2":1,"3":1,"4":1,"5":1,"6":1,"7":1,"8":1,"9":1,"10":1,"11":1,"12":1,"13":1,"14":1,"15":1,"16":1},"branchMap":{},"b":{},"fnMap":{},"f":{}}
,"/Users/doxle/Desktop/fizzbuzz/frontend/src/baseAddress.ts": {"path":"/Users/doxle/Desktop/fizzbuzz/frontend/src/baseAddress.ts","all":false,"statementMap":{"0":{"start":{"line":1,"column":0},"end":{"line":1,"column":30}},"1":{"start":{"line":2,"column":0},"end":{"line":2,"column":0}},"2":{"start":{"line":3,"column":0},"end":{"line":3,"column":34}},"3":{"start":{"line":4,"column":0},"end":{"line":4,"column":27}},"4":{"start":{"line":5,"column":0},"end":{"line":5,"column":47}}},"s":{"0":1,"1":1,"2":1,"3":1,"4":0},"branchMap":{"0":{"type":"branch","line":4,"loc":{"start":{"line":4,"column":4},"end":{"line":5,"column":47}},"locations":[{"start":{"line":4,"column":4},"end":{"line":5,"column":47}}]}},"b":{"0":[0]},"fnMap":{},"f":{}}
,"/Users/doxle/Desktop/fizzbuzz/frontend/src/Providers/GamePlayProvider.tsx": {"path":"/Users/doxle/Desktop/fizzbuzz/frontend/src/Providers/GamePlayProvider.tsx","all":false,"statementMap":{"0":{"start":{"line":1,"column":0},"end":{"line":1,"column":64}},"1":{"start":{"line":2,"column":0},"end":{"line":2,"column":38}},"2":{"start":{"line":3,"column":0},"end":{"line":3,"column":52}},"3":{"start":{"line":4,"column":0},"end":{"line":4,"column":54}},"4":{"start":{"line":5,"column":0},"end":{"line":5,"column":50}},"5":{"start":{"line":6,"column":0},"end":{"line":6,"column":15}},"6":{"start":{"line":7,"column":0},"end":{"line":7,"column":20}},"7":{"start":{"line":8,"column":0},"end":{"line":8,"column":12}},"8":{"start":{"line":9,"column":0},"end":{"line":9,"column":10}},"9":{"start":{"line":10,"column":0},"end":{"line":10,"column":9}},"10":{"start":{"line":11,"column":0},"end":{"line":11,"column":11}},"11":{"start":{"line":12,"column":0},"end":{"line":12,"column":15}},"12":{"start":{"line":13,"column":0},"end":{"line":13,"column":51}},"13":{"start":{"line":14,"column":0},"end":{"line":14,"column":0}},"14":{"start":{"line":15,"column":0},"end":{"line":15,"column":34}},"15":{"start":{"line":16,"column":0},"end":{"line":16,"column":14}},"16":{"start":{"line":17,"column":0},"end":{"line":17,"column":2}},"17":{"start":{"line":18,"column":0},"end":{"line":18,"column":0}},"18":{"start":{"line":19,"column":0},"end":{"line":19,"column":33}},"19":{"start":{"line":20,"column":0},"end":{"line":20,"column":31}},"20":{"start":{"line":21,"column":0},"end":{"line":21,"column":72}},"21":{"start":{"line":22,"column":0},"end":{"line":22,"column":45}},"22":{"start":{"line":23,"column":0},"end":{"line":23,"column":37}},"23":{"start":{"line":24,"column":0},"end":{"line":24,"column":51}},"24":{"start":{"line":25,"column":0},"end":{"line":25,"column":4}},"25":{"start":{"line":26,"column":0},"end":{"line":26,"column":36}},"26":{"start":{"line":27,"column":0},"end":{"line":27,"column":14}},"27":{"start":{"line":28,"column":0},"end":{"line":28,"column":28}},"28":{"start":{"line":29,"column":0},"end":{"line":29,"column":1}},"29":{"start":{"line":30,"column":0},"end":{"line":30,"column":0}},"30":{"start":{"line":31,"column":0},"end":{"line":31,"column":80}},"31":{"start":{"line":32,"column":0},"end":{"line":32,"column":57}},"32":{"start":{"line":33,"column":0},"end":{"line":33,"column":68}},"33":{"start":{"line":34,"column":0},"end":{"line":34,"column":29}},"34":{"start":{"line":35,"column":0},"end":{"line":35,"column":4}},"35":{"start":{"line":36,"column":0},"end":{"line":36,"column":57}},"36":{"start":{"line":37,"column":0},"end":{"line":37,"column":29}},"37":{"start":{"line":38,"column":0},"end":{"line":38,"column":15}},"38":{"start":{"line":39,"column":0},"end":{"line":39,"column":78}},"39":{"start":{"line":40,"column":0},"end":{"line":40,"column":39}},"40":{"start":{"line":41,"column":0},"end":{"line":41,"column":63}},"41":{"start":{"line":42,"column":0},"end":{"line":42,"column":4}},"42":{"start":{"line":43,"column":0},"end":{"line":43,"column":0}},"43":{"start":{"line":44,"column":0},"end":{"line":44,"column":72}},"44":{"start":{"line":45,"column":0},"end":{"line":45,"column":45}},"45":{"start":{"line":46,"column":0},"end":{"line":46,"column":30}},"46":{"start":{"line":47,"column":0},"end":{"line":47,"column":53}},"47":{"start":{"line":48,"column":0},"end":{"line":48,"column":6}},"48":{"start":{"line":49,"column":0},"end":{"line":49,"column":35}},"49":{"start":{"line":50,"column":0},"end":{"line":50,"column":35}},"50":{"start":{"line":51,"column":0},"end":{"line":51,"column":6}},"51":{"start":{"line":52,"column":0},"end":{"line":52,"column":45}},"52":{"start":{"line":53,"column":0},"end":{"line":53,"column":39}},"53":{"start":{"line":54,"column":0},"end":{"line":54,"column":59}},"54":{"start":{"line":55,"column":0},"end":{"line":55,"column":6}},"55":{"start":{"line":56,"column":0},"end":{"line":56,"column":34}},"56":{"start":{"line":57,"column":0},"end":{"line":57,"column":35}},"57":{"start":{"line":58,"column":0},"end":{"line":58,"column":6}},"58":{"start":{"line":59,"column":0},"end":{"line":59,"column":5}},"59":{"start":{"line":60,"column":0},"end":{"line":60,"column":31}},"60":{"start":{"line":61,"column":0},"end":{"line":61,"column":27}},"61":{"start":{"line":62,"column":0},"end":{"line":62,"column":34}},"62":{"start":{"line":63,"column":0},"end":{"line":63,"column":26}},"63":{"start":{"line":64,"column":0},"end":{"line":64,"column":4}},"64":{"start":{"line":65,"column":0},"end":{"line":65,"column":0}},"65":{"start":{"line":66,"column":0},"end":{"line":66,"column":37}},"66":{"start":{"line":67,"column":0},"end":{"line":67,"column":0}},"67":{"start":{"line":68,"column":0},"end":{"line":68,"column":19}},"68":{"start":{"line":69,"column":0},"end":{"line":69,"column":8}},"69":{"start":{"line":70,"column":0},"end":{"line":70,"column":16}},"70":{"start":{"line":71,"column":0},"end":{"line":71,"column":29}},"71":{"start":{"line":72,"column":0},"end":{"line":72,"column":36}},"72":{"start":{"line":73,"column":0},"end":{"line":73,"column":18}},"73":{"start":{"line":74,"column":0},"end":{"line":74,"column":5}},"74":{"start":{"line":75,"column":0},"end":{"line":75,"column":13}},"75":{"start":{"line":76,"column":0},"end":{"line":76,"column":0}},"76":{"start":{"line":77,"column":0},"end":{"line":77,"column":47}},"77":{"start":{"line":78,"column":0},"end":{"line":78,"column":30}},"78":{"start":{"line":79,"column":0},"end":{"line":79,"column":26}},"79":{"start":{"line":80,"column":0},"end":{"line":80,"column":42}},"80":{"start":{"line":81,"column":0},"end":{"line":81,"column":7}},"81":{"start":{"line":82,"column":0},"end":{"line":82,"column":58}},"82":{"start":{"line":83,"column":0},"end":{"line":83,"column":0}},"83":{"start":{"line":84,"column":0},"end":{"line":84,"column":52}},"84":{"start":{"line":85,"column":0},"end":{"line":85,"column":12}},"85":{"start":{"line":86,"column":0},"end":{"line":86,"column":20}},"86":{"start":{"line":87,"column":0},"end":{"line":87,"column":23}},"87":{"start":{"line":88,"column":0},"end":{"line":88,"column":22}},"88":{"start":{"line":89,"column":0},"end":{"line":89,"column":25}},"89":{"start":{"line":90,"column":0},"end":{"line":90,"column":14}},"90":{"start":{"line":91,"column":0},"end":{"line":91,"column":11}},"91":{"start":{"line":92,"column":0},"end":{"line":92,"column":20}},"92":{"start":{"line":93,"column":0},"end":{"line":93,"column":7}},"93":{"start":{"line":94,"column":0},"end":{"line":94,"column":51}},"94":{"start":{"line":95,"column":0},"end":{"line":95,"column":4}},"95":{"start":{"line":96,"column":0},"end":{"line":96,"column":10}},"96":{"start":{"line":97,"column":0},"end":{"line":97,"column":49}},"97":{"start":{"line":98,"column":0},"end":{"line":98,"column":16}},"98":{"start":{"line":99,"column":0},"end":{"line":99,"column":31}},"99":{"start":{"line":100,"column":0},"end":{"line":100,"column":4}},"100":{"start":{"line":101,"column":0},"end":{"line":101,"column":2}},"101":{"start":{"line":102,"column":0},"end":{"line":102,"column":0}},"102":{"start":{"line":103,"column":0},"end":{"line":103,"column":32}},"103":{"start":{"line":104,"column":0},"end":{"line":104,"column":0}},"104":{"start":{"line":105,"column":0},"end":{"line":105,"column":41}},"105":{"start":{"line":106,"column":0},"end":{"line":106,"column":52}},"106":{"start":{"line":107,"column":0},"end":{"line":107,"column":17}},"107":{"start":{"line":108,"column":0},"end":{"line":108,"column":79}},"108":{"start":{"line":109,"column":0},"end":{"line":109,"column":3}},"109":{"start":{"line":110,"column":0},"end":{"line":110,"column":17}},"110":{"start":{"line":111,"column":0},"end":{"line":111,"column":2}}},"s":{"0":1,"1":1,"2":1,"3":1,"4":1,"5":1,"6":1,"7":1,"8":1,"9":1,"10":1,"11":1,"12":1,"13":1,"14":1,"15":1,"16":1,"17":1,"18":1,"19":1,"20":1,"21":1,"22":1,"23":1,"24":1,"25":1,"26":1,"27":1,"28":1,"29":1,"30":1,"31":1,"32":14,"33":14,"34":14,"35":14,"36":14,"37":14,"38":14,"39":14,"40":14,"41":14,"42":14,"43":14,"44":14,"45":4,"46":4,"47":4,"48":14,"49":0,"50":0,"51":14,"52":4,"53":4,"54":4,"55":14,"56":0,"57":0,"58":14,"59":14,"60":1,"61":1,"62":1,"63":1,"64":14,"65":14,"66":14,"67":14,"68":9,"69":9,"70":9,"71":9,"72":4,"73":9,"74":9,"75":4,"76":4,"77":4,"78":4,"79":4,"80":4,"81":14,"82":14,"83":14,"84":14,"85":12,"86":12,"87":12,"88":12,"89":12,"90":12,"91":12,"92":12,"93":14,"94":14,"95":14,"96":14,"97":14,"98":14,"99":14,"100":14,"101":1,"102":1,"103":1,"104":1,"105":27,"106":27,"107":0,"108":0,"109":27,"110":27},"branchMap":{"0":{"type":"branch","line":32,"loc":{"start":{"line":32,"column":25},"end":{"line":101,"column":2}},"locations":[{"start":{"line":32,"column":25},"end":{"line":101,"column":2}}]},"1":{"type":"branch","line":45,"loc":{"start":{"line":45,"column":4},"end":{"line":48,"column":6}},"locations":[{"start":{"line":45,"column":4},"end":{"line":48,"column":6}}]},"2":{"type":"branch","line":52,"loc":{"start":{"line":52,"column":4},"end":{"line":55,"column":6}},"locations":[{"start":{"line":52,"column":4},"end":{"line":55,"column":6}}]},"3":{"type":"branch","line":60,"loc":{"start":{"line":60,"column":24},"end":{"line":64,"column":4}},"locations":[{"start":{"line":60,"column":24},"end":{"line":64,"column":4}}]},"4":{"type":"branch","line":68,"loc":{"start":{"line":68,"column":12},"end":{"line":82,"column":5}},"locations":[{"start":{"line":68,"column":12},"end":{"line":82,"column":5}}]},"5":{"type":"branch","line":70,"loc":{"start":{"line":70,"column":6},"end":{"line":71,"column":26}},"locations":[{"start":{"line":70,"column":6},"end":{"line":71,"column":26}}]},"6":{"type":"branch","line":71,"loc":{"start":{"line":71,"column":26},"end":{"line":72,"column":33}},"locations":[{"start":{"line":71,"column":26},"end":{"line":72,"column":33}}]},"7":{"type":"branch","line":72,"loc":{"start":{"line":72,"column":33},"end":{"line":73,"column":18}},"locations":[{"start":{"line":72,"column":33},"end":{"line":73,"column":18}}]},"8":{"type":"branch","line":75,"loc":{"start":{"line":75,"column":6},"end":{"line":75,"column":13}},"locations":[{"start":{"line":75,"column":6},"end":{"line":75,"column":13}}]},"9":{"type":"branch","line":75,"loc":{"start":{"line":75,"column":6},"end":{"line":82,"column":5}},"locations":[{"start":{"line":75,"column":6},"end":{"line":82,"column":5}}]},"10":{"type":"branch","line":85,"loc":{"start":{"line":85,"column":4},"end":{"line":93,"column":7}},"locations":[{"start":{"line":85,"column":4},"end":{"line":93,"column":7}}]},"11":{"type":"branch","line":105,"loc":{"start":{"line":105,"column":34},"end":{"line":111,"column":2}},"locations":[{"start":{"line":105,"column":34},"end":{"line":111,"column":2}}]},"12":{"type":"branch","line":107,"loc":{"start":{"line":107,"column":16},"end":{"line":109,"column":3}},"locations":[{"start":{"line":107,"column":16},"end":{"line":109,"column":3}}]}},"b":{"0":[14],"1":[4],"2":[4],"3":[1],"4":[9],"5":[5],"6":[4],"7":[4],"8":[5],"9":[4],"10":[12],"11":[27],"12":[0]},"fnMap":{"0":{"name":"GamePlayProvider","decl":{"start":{"line":32,"column":25},"end":{"line":101,"column":2}},"loc":{"start":{"line":32,"column":25},"end":{"line":101,"column":2}},"line":32},"1":{"name":"onSuccessCreateGameAttempt","decl":{"start":{"line":45,"column":4},"end":{"line":48,"column":6}},"loc":{"start":{"line":45,"column":4},"end":{"line":48,"column":6}},"line":45},"2":{"name":"onErrorCreateGameAttempt","decl":{"start":{"line":49,"column":4},"end":{"line":51,"column":6}},"loc":{"start":{"line":49,"column":4},"end":{"line":51,"column":6}},"line":49},"3":{"name":"onSuccessGenerateQuestion","decl":{"start":{"line":52,"column":4},"end":{"line":55,"column":6}},"loc":{"start":{"line":52,"column":4},"end":{"line":55,"column":6}},"line":52},"4":{"name":"onErrorGenerateQuestion","decl":{"start":{"line":56,"column":4},"end":{"line":58,"column":6}},"loc":{"start":{"line":56,"column":4},"end":{"line":58,"column":6}},"line":56},"5":{"name":"resetGamePlay","decl":{"start":{"line":60,"column":24},"end":{"line":64,"column":4}},"loc":{"start":{"line":60,"column":24},"end":{"line":64,"column":4}},"line":60},"6":{"name":"useGamePlayContext","decl":{"start":{"line":105,"column":34},"end":{"line":111,"column":2}},"loc":{"start":{"line":105,"column":34},"end":{"line":111,"column":2}},"line":105}},"f":{"0":14,"1":4,"2":0,"3":4,"4":0,"5":1,"6":27}}
,"/Users/doxle/Desktop/fizzbuzz/frontend/src/Providers/GameProvider.tsx": {"path":"/Users/doxle/Desktop/fizzbuzz/frontend/src/Providers/GameProvider.tsx","all":false,"statementMap":{"0":{"start":{"line":1,"column":0},"end":{"line":1,"column":60}},"1":{"start":{"line":2,"column":0},"end":{"line":2,"column":50}},"2":{"start":{"line":3,"column":0},"end":{"line":3,"column":32}},"3":{"start":{"line":4,"column":0},"end":{"line":4,"column":15}},"4":{"start":{"line":5,"column":0},"end":{"line":5,"column":20}},"5":{"start":{"line":6,"column":0},"end":{"line":6,"column":14}},"6":{"start":{"line":7,"column":0},"end":{"line":7,"column":12}},"7":{"start":{"line":8,"column":0},"end":{"line":8,"column":10}},"8":{"start":{"line":9,"column":0},"end":{"line":9,"column":11}},"9":{"start":{"line":10,"column":0},"end":{"line":10,"column":15}},"10":{"start":{"line":11,"column":0},"end":{"line":11,"column":51}},"11":{"start":{"line":12,"column":0},"end":{"line":12,"column":0}},"12":{"start":{"line":13,"column":0},"end":{"line":13,"column":31}},"13":{"start":{"line":14,"column":0},"end":{"line":14,"column":0}},"14":{"start":{"line":15,"column":0},"end":{"line":15,"column":26}},"15":{"start":{"line":16,"column":0},"end":{"line":16,"column":26}},"16":{"start":{"line":17,"column":0},"end":{"line":17,"column":67}},"17":{"start":{"line":18,"column":0},"end":{"line":18,"column":34}},"18":{"start":{"line":19,"column":0},"end":{"line":19,"column":75}},"19":{"start":{"line":20,"column":0},"end":{"line":20,"column":34}},"20":{"start":{"line":21,"column":0},"end":{"line":21,"column":38}},"21":{"start":{"line":22,"column":0},"end":{"line":22,"column":79}},"22":{"start":{"line":23,"column":0},"end":{"line":23,"column":2}},"23":{"start":{"line":24,"column":0},"end":{"line":24,"column":72}},"24":{"start":{"line":25,"column":0},"end":{"line":25,"column":47}},"25":{"start":{"line":26,"column":0},"end":{"line":26,"column":39}},"26":{"start":{"line":27,"column":0},"end":{"line":27,"column":63}},"27":{"start":{"line":28,"column":0},"end":{"line":28,"column":4}},"28":{"start":{"line":29,"column":0},"end":{"line":29,"column":73}},"29":{"start":{"line":30,"column":0},"end":{"line":30,"column":17}},"30":{"start":{"line":31,"column":0},"end":{"line":31,"column":18}},"31":{"start":{"line":32,"column":0},"end":{"line":32,"column":59}},"32":{"start":{"line":33,"column":0},"end":{"line":33,"column":18}},"33":{"start":{"line":34,"column":0},"end":{"line":34,"column":20}},"34":{"start":{"line":35,"column":0},"end":{"line":35,"column":5}},"35":{"start":{"line":36,"column":0},"end":{"line":36,"column":0}},"36":{"start":{"line":37,"column":0},"end":{"line":37,"column":73}},"37":{"start":{"line":38,"column":0},"end":{"line":38,"column":13}},"38":{"start":{"line":39,"column":0},"end":{"line":39,"column":4}},"39":{"start":{"line":40,"column":0},"end":{"line":40,"column":49}},"40":{"start":{"line":41,"column":0},"end":{"line":41,"column":23}},"41":{"start":{"line":42,"column":0},"end":{"line":42,"column":19}},"42":{"start":{"line":43,"column":0},"end":{"line":43,"column":20}},"43":{"start":{"line":44,"column":0},"end":{"line":44,"column":61}},"44":{"start":{"line":45,"column":0},"end":{"line":45,"column":20}},"45":{"start":{"line":46,"column":0},"end":{"line":46,"column":22}},"46":{"start":{"line":47,"column":0},"end":{"line":47,"column":7}},"47":{"start":{"line":48,"column":0},"end":{"line":48,"column":20}},"48":{"start":{"line":49,"column":0},"end":{"line":49,"column":61}},"49":{"start":{"line":50,"column":0},"end":{"line":50,"column":0}},"50":{"start":{"line":51,"column":0},"end":{"line":51,"column":48}},"51":{"start":{"line":52,"column":0},"end":{"line":52,"column":12}},"52":{"start":{"line":53,"column":0},"end":{"line":53,"column":22}},"53":{"start":{"line":54,"column":0},"end":{"line":54,"column":25}},"54":{"start":{"line":55,"column":0},"end":{"line":55,"column":21}},"55":{"start":{"line":56,"column":0},"end":{"line":56,"column":24}},"56":{"start":{"line":57,"column":0},"end":{"line":57,"column":26}},"57":{"start":{"line":58,"column":0},"end":{"line":58,"column":18}},"58":{"start":{"line":59,"column":0},"end":{"line":59,"column":21}},"59":{"start":{"line":60,"column":0},"end":{"line":60,"column":7}},"60":{"start":{"line":61,"column":0},"end":{"line":61,"column":71}},"61":{"start":{"line":62,"column":0},"end":{"line":62,"column":4}},"62":{"start":{"line":63,"column":0},"end":{"line":63,"column":19}},"63":{"start":{"line":64,"column":0},"end":{"line":64,"column":20}},"64":{"start":{"line":65,"column":0},"end":{"line":65,"column":24}},"65":{"start":{"line":66,"column":0},"end":{"line":66,"column":28}},"66":{"start":{"line":67,"column":0},"end":{"line":67,"column":65}},"67":{"start":{"line":68,"column":0},"end":{"line":68,"column":10}},"68":{"start":{"line":69,"column":0},"end":{"line":69,"column":8}},"69":{"start":{"line":70,"column":0},"end":{"line":70,"column":20}},"70":{"start":{"line":71,"column":0},"end":{"line":71,"column":0}},"71":{"start":{"line":72,"column":0},"end":{"line":72,"column":10}},"72":{"start":{"line":73,"column":0},"end":{"line":73,"column":78}},"73":{"start":{"line":74,"column":0},"end":{"line":74,"column":4}},"74":{"start":{"line":75,"column":0},"end":{"line":75,"column":2}},"75":{"start":{"line":76,"column":0},"end":{"line":76,"column":0}},"76":{"start":{"line":77,"column":0},"end":{"line":77,"column":37}},"77":{"start":{"line":78,"column":0},"end":{"line":78,"column":48}},"78":{"start":{"line":79,"column":0},"end":{"line":79,"column":17}},"79":{"start":{"line":80,"column":0},"end":{"line":80,"column":73}},"80":{"start":{"line":81,"column":0},"end":{"line":81,"column":3}},"81":{"start":{"line":82,"column":0},"end":{"line":82,"column":17}},"82":{"start":{"line":83,"column":0},"end":{"line":83,"column":2}},"83":{"start":{"line":84,"column":0},"end":{"line":84,"column":28}}},"s":{"0":1,"1":1,"2":1,"3":1,"4":1,"5":1,"6":1,"7":1,"8":1,"9":1,"10":1,"11":1,"12":1,"13":1,"14":1,"15":1,"16":1,"17":1,"18":1,"19":1,"20":1,"21":1,"22":1,"23":1,"24":1,"25":39,"26":39,"27":39,"28":39,"29":39,"30":39,"31":39,"32":39,"33":39,"34":39,"35":39,"36":39,"37":39,"38":39,"39":39,"40":1,"41":1,"42":1,"43":1,"44":1,"45":1,"46":1,"47":39,"48":39,"49":39,"50":39,"51":39,"52":39,"53":39,"54":39,"55":39,"56":39,"57":39,"58":39,"59":39,"60":39,"61":39,"62":39,"63":18,"64":18,"65":0,"66":0,"67":0,"68":18,"69":39,"70":39,"71":39,"72":39,"73":39,"74":39,"75":1,"76":1,"77":103,"78":103,"79":0,"80":0,"81":103,"82":103,"83":1},"branchMap":{"0":{"type":"branch","line":25,"loc":{"start":{"line":25,"column":21},"end":{"line":75,"column":2}},"locations":[{"start":{"line":25,"column":21},"end":{"line":75,"column":2}}]},"1":{"type":"branch","line":32,"loc":{"start":{"line":32,"column":21},"end":{"line":32,"column":41}},"locations":[{"start":{"line":32,"column":21},"end":{"line":32,"column":41}}]},"2":{"type":"branch","line":27,"loc":{"start":{"line":27,"column":15},"end":{"line":27,"column":63}},"locations":[{"start":{"line":27,"column":15},"end":{"line":27,"column":63}}]},"3":{"type":"branch","line":40,"loc":{"start":{"line":40,"column":42},"end":{"line":48,"column":5}},"locations":[{"start":{"line":40,"column":42},"end":{"line":48,"column":5}}]},"4":{"type":"branch","line":44,"loc":{"start":{"line":44,"column":23},"end":{"line":44,"column":43}},"locations":[{"start":{"line":44,"column":23},"end":{"line":44,"column":43}}]},"5":{"type":"branch","line":52,"loc":{"start":{"line":52,"column":4},"end":{"line":60,"column":7}},"locations":[{"start":{"line":52,"column":4},"end":{"line":60,"column":7}}]},"6":{"type":"branch","line":63,"loc":{"start":{"line":63,"column":12},"end":{"line":70,"column":5}},"locations":[{"start":{"line":63,"column":12},"end":{"line":70,"column":5}}]},"7":{"type":"branch","line":65,"loc":{"start":{"line":65,"column":6},"end":{"line":68,"column":10}},"locations":[{"start":{"line":65,"column":6},"end":{"line":68,"column":10}}]},"8":{"type":"branch","line":77,"loc":{"start":{"line":77,"column":30},"end":{"line":83,"column":2}},"locations":[{"start":{"line":77,"column":30},"end":{"line":83,"column":2}}]},"9":{"type":"branch","line":79,"loc":{"start":{"line":79,"column":16},"end":{"line":81,"column":3}},"locations":[{"start":{"line":79,"column":16},"end":{"line":81,"column":3}}]}},"b":{"0":[39],"1":[0],"2":[39],"3":[1],"4":[0],"5":[39],"6":[18],"7":[0],"8":[103],"9":[0]},"fnMap":{"0":{"name":"GameProvider","decl":{"start":{"line":25,"column":21},"end":{"line":75,"column":2}},"loc":{"start":{"line":25,"column":21},"end":{"line":75,"column":2}},"line":25},"1":{"name":"useGameContext","decl":{"start":{"line":77,"column":30},"end":{"line":83,"column":2}},"loc":{"start":{"line":77,"column":30},"end":{"line":83,"column":2}},"line":77}},"f":{"0":39,"1":103}}
,"/Users/doxle/Desktop/fizzbuzz/frontend/src/apis/auth.ts": {"path":"/Users/doxle/Desktop/fizzbuzz/frontend/src/apis/auth.ts","all":false,"statementMap":{"0":{"start":{"line":1,"column":0},"end":{"line":1,"column":44}},"1":{"start":{"line":2,"column":0},"end":{"line":2,"column":51}},"2":{"start":{"line":3,"column":0},"end":{"line":3,"column":59}},"3":{"start":{"line":4,"column":0},"end":{"line":4,"column":38}},"4":{"start":{"line":5,"column":0},"end":{"line":5,"column":42}},"5":{"start":{"line":6,"column":0},"end":{"line":6,"column":58}},"6":{"start":{"line":7,"column":0},"end":{"line":7,"column":7}},"7":{"start":{"line":8,"column":0},"end":{"line":8,"column":40}},"8":{"start":{"line":9,"column":0},"end":{"line":9,"column":38}},"9":{"start":{"line":10,"column":0},"end":{"line":10,"column":13}},"10":{"start":{"line":11,"column":0},"end":{"line":11,"column":6}},"11":{"start":{"line":12,"column":0},"end":{"line":12,"column":20}},"12":{"start":{"line":13,"column":0},"end":{"line":13,"column":19}},"13":{"start":{"line":14,"column":0},"end":{"line":14,"column":57}},"14":{"start":{"line":15,"column":0},"end":{"line":15,"column":0}},"15":{"start":{"line":16,"column":0},"end":{"line":16,"column":36}},"16":{"start":{"line":17,"column":0},"end":{"line":17,"column":67}},"17":{"start":{"line":18,"column":0},"end":{"line":18,"column":5}},"18":{"start":{"line":19,"column":0},"end":{"line":19,"column":0}},"19":{"start":{"line":20,"column":0},"end":{"line":20,"column":16}},"20":{"start":{"line":21,"column":0},"end":{"line":21,"column":3}},"21":{"start":{"line":22,"column":0},"end":{"line":22,"column":2}},"22":{"start":{"line":23,"column":0},"end":{"line":23,"column":0}},"23":{"start":{"line":24,"column":0},"end":{"line":24,"column":61}},"24":{"start":{"line":25,"column":0},"end":{"line":25,"column":7}},"25":{"start":{"line":26,"column":0},"end":{"line":26,"column":76}},"26":{"start":{"line":27,"column":0},"end":{"line":27,"column":20}},"27":{"start":{"line":28,"column":0},"end":{"line":28,"column":19}},"28":{"start":{"line":29,"column":0},"end":{"line":29,"column":57}},"29":{"start":{"line":30,"column":0},"end":{"line":30,"column":0}},"30":{"start":{"line":31,"column":0},"end":{"line":31,"column":36}},"31":{"start":{"line":32,"column":0},"end":{"line":32,"column":67}},"32":{"start":{"line":33,"column":0},"end":{"line":33,"column":5}},"33":{"start":{"line":34,"column":0},"end":{"line":34,"column":0}},"34":{"start":{"line":35,"column":0},"end":{"line":35,"column":16}},"35":{"start":{"line":36,"column":0},"end":{"line":36,"column":3}},"36":{"start":{"line":37,"column":0},"end":{"line":37,"column":2}}},"s":{"0":1,"1":1,"2":1,"3":1,"4":1,"5":1,"6":4,"7":4,"8":4,"9":4,"10":2,"11":2,"12":2,"13":2,"14":2,"15":2,"16":2,"17":2,"18":0,"19":0,"20":0,"21":4,"22":1,"23":1,"24":4,"25":4,"26":2,"27":2,"28":2,"29":2,"30":2,"31":2,"32":2,"33":0,"34":0,"35":0,"36":4},"branchMap":{"0":{"type":"branch","line":6,"loc":{"start":{"line":6,"column":24},"end":{"line":22,"column":2}},"locations":[{"start":{"line":6,"column":24},"end":{"line":22,"column":2}}]},"1":{"type":"branch","line":10,"loc":{"start":{"line":10,"column":6},"end":{"line":21,"column":3}},"locations":[{"start":{"line":10,"column":6},"end":{"line":21,"column":3}}]},"2":{"type":"branch","line":18,"loc":{"start":{"line":18,"column":4},"end":{"line":21,"column":3}},"locations":[{"start":{"line":18,"column":4},"end":{"line":21,"column":3}}]},"3":{"type":"branch","line":24,"loc":{"start":{"line":24,"column":27},"end":{"line":37,"column":2}},"locations":[{"start":{"line":24,"column":27},"end":{"line":37,"column":2}}]},"4":{"type":"branch","line":26,"loc":{"start":{"line":26,"column":67},"end":{"line":36,"column":3}},"locations":[{"start":{"line":26,"column":67},"end":{"line":36,"column":3}}]},"5":{"type":"branch","line":33,"loc":{"start":{"line":33,"column":4},"end":{"line":36,"column":3}},"locations":[{"start":{"line":33,"column":4},"end":{"line":36,"column":3}}]}},"b":{"0":[4],"1":[2],"2":[0],"3":[4],"4":[2],"5":[0]},"fnMap":{"0":{"name":"loginApi","decl":{"start":{"line":6,"column":24},"end":{"line":22,"column":2}},"loc":{"start":{"line":6,"column":24},"end":{"line":22,"column":2}},"line":6},"1":{"name":"registerApi","decl":{"start":{"line":24,"column":27},"end":{"line":37,"column":2}},"loc":{"start":{"line":24,"column":27},"end":{"line":37,"column":2}},"line":24}},"f":{"0":4,"1":4}}
,"/Users/doxle/Desktop/fizzbuzz/frontend/src/apis/game.ts": {"path":"/Users/doxle/Desktop/fizzbuzz/frontend/src/apis/game.ts","all":false,"statementMap":{"0":{"start":{"line":1,"column":0},"end":{"line":1,"column":44}},"1":{"start":{"line":2,"column":0},"end":{"line":2,"column":8}},"2":{"start":{"line":3,"column":0},"end":{"line":3,"column":18}},"3":{"start":{"line":4,"column":0},"end":{"line":4,"column":13}},"4":{"start":{"line":5,"column":0},"end":{"line":5,"column":8}},"5":{"start":{"line":6,"column":0},"end":{"line":6,"column":17}},"6":{"start":{"line":7,"column":0},"end":{"line":7,"column":21}},"7":{"start":{"line":8,"column":0},"end":{"line":8,"column":23}},"8":{"start":{"line":9,"column":0},"end":{"line":9,"column":59}},"9":{"start":{"line":10,"column":0},"end":{"line":10,"column":54}},"10":{"start":{"line":11,"column":0},"end":{"line":11,"column":42}},"11":{"start":{"line":12,"column":0},"end":{"line":12,"column":0}},"12":{"start":{"line":13,"column":0},"end":{"line":13,"column":66}},"13":{"start":{"line":14,"column":0},"end":{"line":14,"column":7}},"14":{"start":{"line":15,"column":0},"end":{"line":15,"column":74}},"15":{"start":{"line":16,"column":0},"end":{"line":16,"column":49}},"16":{"start":{"line":17,"column":0},"end":{"line":17,"column":7}},"17":{"start":{"line":18,"column":0},"end":{"line":18,"column":0}},"18":{"start":{"line":19,"column":0},"end":{"line":19,"column":20}},"19":{"start":{"line":20,"column":0},"end":{"line":20,"column":19}},"20":{"start":{"line":21,"column":0},"end":{"line":21,"column":57}},"21":{"start":{"line":22,"column":0},"end":{"line":22,"column":0}},"22":{"start":{"line":23,"column":0},"end":{"line":23,"column":36}},"23":{"start":{"line":24,"column":0},"end":{"line":24,"column":37}},"24":{"start":{"line":25,"column":0},"end":{"line":25,"column":5}},"25":{"start":{"line":26,"column":0},"end":{"line":26,"column":0}},"26":{"start":{"line":27,"column":0},"end":{"line":27,"column":16}},"27":{"start":{"line":28,"column":0},"end":{"line":28,"column":3}},"28":{"start":{"line":29,"column":0},"end":{"line":29,"column":2}},"29":{"start":{"line":30,"column":0},"end":{"line":30,"column":0}},"30":{"start":{"line":31,"column":0},"end":{"line":31,"column":63}},"31":{"start":{"line":32,"column":0},"end":{"line":32,"column":7}},"32":{"start":{"line":33,"column":0},"end":{"line":33,"column":76}},"33":{"start":{"line":34,"column":0},"end":{"line":34,"column":20}},"34":{"start":{"line":35,"column":0},"end":{"line":35,"column":19}},"35":{"start":{"line":36,"column":0},"end":{"line":36,"column":57}},"36":{"start":{"line":37,"column":0},"end":{"line":37,"column":0}},"37":{"start":{"line":38,"column":0},"end":{"line":38,"column":36}},"38":{"start":{"line":39,"column":0},"end":{"line":39,"column":37}},"39":{"start":{"line":40,"column":0},"end":{"line":40,"column":5}},"40":{"start":{"line":41,"column":0},"end":{"line":41,"column":0}},"41":{"start":{"line":42,"column":0},"end":{"line":42,"column":16}},"42":{"start":{"line":43,"column":0},"end":{"line":43,"column":3}},"43":{"start":{"line":44,"column":0},"end":{"line":44,"column":2}},"44":{"start":{"line":45,"column":0},"end":{"line":45,"column":0}},"45":{"start":{"line":46,"column":0},"end":{"line":46,"column":59}},"46":{"start":{"line":47,"column":0},"end":{"line":47,"column":7}},"47":{"start":{"line":48,"column":0},"end":{"line":48,"column":76}},"48":{"start":{"line":49,"column":0},"end":{"line":49,"column":20}},"49":{"start":{"line":50,"column":0},"end":{"line":50,"column":19}},"50":{"start":{"line":51,"column":0},"end":{"line":51,"column":57}},"51":{"start":{"line":52,"column":0},"end":{"line":52,"column":0}},"52":{"start":{"line":53,"column":0},"end":{"line":53,"column":36}},"53":{"start":{"line":54,"column":0},"end":{"line":54,"column":37}},"54":{"start":{"line":55,"column":0},"end":{"line":55,"column":5}},"55":{"start":{"line":56,"column":0},"end":{"line":56,"column":0}},"56":{"start":{"line":57,"column":0},"end":{"line":57,"column":16}},"57":{"start":{"line":58,"column":0},"end":{"line":58,"column":3}},"58":{"start":{"line":59,"column":0},"end":{"line":59,"column":2}},"59":{"start":{"line":60,"column":0},"end":{"line":60,"column":0}},"60":{"start":{"line":61,"column":0},"end":{"line":61,"column":67}},"61":{"start":{"line":62,"column":0},"end":{"line":62,"column":7}},"62":{"start":{"line":63,"column":0},"end":{"line":63,"column":40}},"63":{"start":{"line":64,"column":0},"end":{"line":64,"column":41}},"64":{"start":{"line":65,"column":0},"end":{"line":65,"column":42}},"65":{"start":{"line":66,"column":0},"end":{"line":66,"column":28}},"66":{"start":{"line":67,"column":0},"end":{"line":67,"column":6}},"67":{"start":{"line":68,"column":0},"end":{"line":68,"column":20}},"68":{"start":{"line":69,"column":0},"end":{"line":69,"column":19}},"69":{"start":{"line":70,"column":0},"end":{"line":70,"column":57}},"70":{"start":{"line":71,"column":0},"end":{"line":71,"column":0}},"71":{"start":{"line":72,"column":0},"end":{"line":72,"column":36}},"72":{"start":{"line":73,"column":0},"end":{"line":73,"column":67}},"73":{"start":{"line":74,"column":0},"end":{"line":74,"column":5}},"74":{"start":{"line":75,"column":0},"end":{"line":75,"column":0}},"75":{"start":{"line":76,"column":0},"end":{"line":76,"column":16}},"76":{"start":{"line":77,"column":0},"end":{"line":77,"column":3}},"77":{"start":{"line":78,"column":0},"end":{"line":78,"column":2}},"78":{"start":{"line":79,"column":0},"end":{"line":79,"column":56}},"79":{"start":{"line":80,"column":0},"end":{"line":80,"column":7}},"80":{"start":{"line":81,"column":0},"end":{"line":81,"column":72}},"81":{"start":{"line":82,"column":0},"end":{"line":82,"column":15}},"82":{"start":{"line":83,"column":0},"end":{"line":83,"column":19}},"83":{"start":{"line":84,"column":0},"end":{"line":84,"column":57}},"84":{"start":{"line":85,"column":0},"end":{"line":85,"column":0}},"85":{"start":{"line":86,"column":0},"end":{"line":86,"column":36}},"86":{"start":{"line":87,"column":0},"end":{"line":87,"column":67}},"87":{"start":{"line":88,"column":0},"end":{"line":88,"column":5}},"88":{"start":{"line":89,"column":0},"end":{"line":89,"column":0}},"89":{"start":{"line":90,"column":0},"end":{"line":90,"column":16}},"90":{"start":{"line":91,"column":0},"end":{"line":91,"column":3}},"91":{"start":{"line":92,"column":0},"end":{"line":92,"column":2}}},"s":{"0":1,"1":1,"2":1,"3":1,"4":1,"5":1,"6":1,"7":1,"8":1,"9":1,"10":1,"11":1,"12":1,"13":14,"14":14,"15":14,"16":14,"17":14,"18":14,"19":14,"20":0,"21":0,"22":0,"23":0,"24":0,"25":0,"26":0,"27":0,"28":14,"29":1,"30":1,"31":4,"32":4,"33":2,"34":2,"35":2,"36":2,"37":2,"38":2,"39":2,"40":0,"41":0,"42":0,"43":4,"44":1,"45":1,"46":19,"47":19,"48":17,"49":18,"50":2,"51":2,"52":2,"53":2,"54":2,"55":0,"56":0,"57":0,"58":19,"59":1,"60":1,"61":4,"62":4,"63":4,"64":4,"65":4,"66":2,"67":2,"68":2,"69":2,"70":2,"71":2,"72":2,"73":2,"74":0,"75":0,"76":0,"77":4,"78":1,"79":3,"80":3,"81":2,"82":2,"83":1,"84":1,"85":1,"86":1,"87":1,"88":0,"89":0,"90":0,"91":3},"branchMap":{"0":{"type":"branch","line":13,"loc":{"start":{"line":13,"column":30},"end":{"line":29,"column":2}},"locations":[{"start":{"line":13,"column":30},"end":{"line":29,"column":2}}]},"1":{"type":"branch","line":16,"loc":{"start":{"line":16,"column":14},"end":{"line":16,"column":49}},"locations":[{"start":{"line":16,"column":14},"end":{"line":16,"column":49}}]},"2":{"type":"branch","line":20,"loc":{"start":{"line":20,"column":4},"end":{"line":28,"column":3}},"locations":[{"start":{"line":20,"column":4},"end":{"line":28,"column":3}}]},"3":{"type":"branch","line":31,"loc":{"start":{"line":31,"column":26},"end":{"line":44,"column":2}},"locations":[{"start":{"line":31,"column":26},"end":{"line":44,"column":2}}]},"4":{"type":"branch","line":33,"loc":{"start":{"line":33,"column":67},"end":{"line":43,"column":3}},"locations":[{"start":{"line":33,"column":67},"end":{"line":43,"column":3}}]},"5":{"type":"branch","line":40,"loc":{"start":{"line":40,"column":4},"end":{"line":43,"column":3}},"locations":[{"start":{"line":40,"column":4},"end":{"line":43,"column":3}}]},"6":{"type":"branch","line":46,"loc":{"start":{"line":46,"column":32},"end":{"line":59,"column":2}},"locations":[{"start":{"line":46,"column":32},"end":{"line":59,"column":2}}]},"7":{"type":"branch","line":48,"loc":{"start":{"line":48,"column":74},"end":{"line":58,"column":3}},"locations":[{"start":{"line":48,"column":74},"end":{"line":58,"column":3}}]},"8":{"type":"branch","line":48,"loc":{"start":{"line":48,"column":74},"end":{"line":50,"column":4}},"locations":[{"start":{"line":48,"column":74},"end":{"line":50,"column":4}}]},"9":{"type":"branch","line":50,"loc":{"start":{"line":50,"column":4},"end":{"line":58,"column":3}},"locations":[{"start":{"line":50,"column":4},"end":{"line":58,"column":3}}]},"10":{"type":"branch","line":55,"loc":{"start":{"line":55,"column":4},"end":{"line":58,"column":3}},"locations":[{"start":{"line":55,"column":4},"end":{"line":58,"column":3}}]},"11":{"type":"branch","line":61,"loc":{"start":{"line":61,"column":27},"end":{"line":78,"column":2}},"locations":[{"start":{"line":61,"column":27},"end":{"line":78,"column":2}}]},"12":{"type":"branch","line":66,"loc":{"start":{"line":66,"column":23},"end":{"line":77,"column":3}},"locations":[{"start":{"line":66,"column":23},"end":{"line":77,"column":3}}]},"13":{"type":"branch","line":74,"loc":{"start":{"line":74,"column":4},"end":{"line":77,"column":3}},"locations":[{"start":{"line":74,"column":4},"end":{"line":77,"column":3}}]},"14":{"type":"branch","line":79,"loc":{"start":{"line":79,"column":29},"end":{"line":92,"column":2}},"locations":[{"start":{"line":79,"column":29},"end":{"line":92,"column":2}}]},"15":{"type":"branch","line":81,"loc":{"start":{"line":81,"column":70},"end":{"line":91,"column":3}},"locations":[{"start":{"line":81,"column":70},"end":{"line":91,"column":3}}]},"16":{"type":"branch","line":83,"loc":{"start":{"line":83,"column":4},"end":{"line":91,"column":3}},"locations":[{"start":{"line":83,"column":4},"end":{"line":91,"column":3}}]},"17":{"type":"branch","line":88,"loc":{"start":{"line":88,"column":4},"end":{"line":91,"column":3}},"locations":[{"start":{"line":88,"column":4},"end":{"line":91,"column":3}}]}},"b":{"0":[14],"1":[3],"2":[0],"3":[4],"4":[2],"5":[0],"6":[19],"7":[18],"8":[17],"9":[2],"10":[0],"11":[4],"12":[2],"13":[0],"14":[3],"15":[2],"16":[1],"17":[0]},"fnMap":{"0":{"name":"getGameListApi","decl":{"start":{"line":13,"column":30},"end":{"line":29,"column":2}},"loc":{"start":{"line":13,"column":30},"end":{"line":29,"column":2}},"line":13},"1":{"name":"addGameApi","decl":{"start":{"line":31,"column":26},"end":{"line":44,"column":2}},"loc":{"start":{"line":31,"column":26},"end":{"line":44,"column":2}},"line":31},"2":{"name":"getGameDetailApi","decl":{"start":{"line":46,"column":32},"end":{"line":59,"column":2}},"loc":{"start":{"line":46,"column":32},"end":{"line":59,"column":2}},"line":46},"3":{"name":"editGameApi","decl":{"start":{"line":61,"column":27},"end":{"line":78,"column":2}},"loc":{"start":{"line":61,"column":27},"end":{"line":78,"column":2}},"line":61},"4":{"name":"deleteGameApi","decl":{"start":{"line":79,"column":29},"end":{"line":92,"column":2}},"loc":{"start":{"line":79,"column":29},"end":{"line":92,"column":2}},"line":79}},"f":{"0":14,"1":4,"2":19,"3":4,"4":3}}
,"/Users/doxle/Desktop/fizzbuzz/frontend/src/apis/gameAttempt.ts": {"path":"/Users/doxle/Desktop/fizzbuzz/frontend/src/apis/gameAttempt.ts","all":false,"statementMap":{"0":{"start":{"line":1,"column":0},"end":{"line":1,"column":44}},"1":{"start":{"line":2,"column":0},"end":{"line":2,"column":8}},"2":{"start":{"line":3,"column":0},"end":{"line":3,"column":25}},"3":{"start":{"line":4,"column":0},"end":{"line":4,"column":22}},"4":{"start":{"line":5,"column":0},"end":{"line":5,"column":15}},"5":{"start":{"line":6,"column":0},"end":{"line":6,"column":30}},"6":{"start":{"line":7,"column":0},"end":{"line":7,"column":54}},"7":{"start":{"line":8,"column":0},"end":{"line":8,"column":59}},"8":{"start":{"line":9,"column":0},"end":{"line":9,"column":42}},"9":{"start":{"line":10,"column":0},"end":{"line":10,"column":0}},"10":{"start":{"line":11,"column":0},"end":{"line":11,"column":63}},"11":{"start":{"line":12,"column":0},"end":{"line":12,"column":7}},"12":{"start":{"line":13,"column":0},"end":{"line":13,"column":46}},"13":{"start":{"line":14,"column":0},"end":{"line":14,"column":52}},"14":{"start":{"line":15,"column":0},"end":{"line":15,"column":6}},"15":{"start":{"line":16,"column":0},"end":{"line":16,"column":20}},"16":{"start":{"line":17,"column":0},"end":{"line":17,"column":19}},"17":{"start":{"line":18,"column":0},"end":{"line":18,"column":57}},"18":{"start":{"line":19,"column":0},"end":{"line":19,"column":0}},"19":{"start":{"line":20,"column":0},"end":{"line":20,"column":36}},"20":{"start":{"line":21,"column":0},"end":{"line":21,"column":37}},"21":{"start":{"line":22,"column":0},"end":{"line":22,"column":5}},"22":{"start":{"line":23,"column":0},"end":{"line":23,"column":0}},"23":{"start":{"line":24,"column":0},"end":{"line":24,"column":16}},"24":{"start":{"line":25,"column":0},"end":{"line":25,"column":3}},"25":{"start":{"line":26,"column":0},"end":{"line":26,"column":2}},"26":{"start":{"line":27,"column":0},"end":{"line":27,"column":0}},"27":{"start":{"line":28,"column":0},"end":{"line":28,"column":80}},"28":{"start":{"line":29,"column":0},"end":{"line":29,"column":7}},"29":{"start":{"line":30,"column":0},"end":{"line":30,"column":47}},"30":{"start":{"line":31,"column":0},"end":{"line":31,"column":40}},"31":{"start":{"line":32,"column":0},"end":{"line":32,"column":13}},"32":{"start":{"line":33,"column":0},"end":{"line":33,"column":6}},"33":{"start":{"line":34,"column":0},"end":{"line":34,"column":20}},"34":{"start":{"line":35,"column":0},"end":{"line":35,"column":19}},"35":{"start":{"line":36,"column":0},"end":{"line":36,"column":57}},"36":{"start":{"line":37,"column":0},"end":{"line":37,"column":0}},"37":{"start":{"line":38,"column":0},"end":{"line":38,"column":36}},"38":{"start":{"line":39,"column":0},"end":{"line":39,"column":37}},"39":{"start":{"line":40,"column":0},"end":{"line":40,"column":5}},"40":{"start":{"line":41,"column":0},"end":{"line":41,"column":0}},"41":{"start":{"line":42,"column":0},"end":{"line":42,"column":16}},"42":{"start":{"line":43,"column":0},"end":{"line":43,"column":3}},"43":{"start":{"line":44,"column":0},"end":{"line":44,"column":2}},"44":{"start":{"line":45,"column":0},"end":{"line":45,"column":0}},"45":{"start":{"line":46,"column":0},"end":{"line":46,"column":73}},"46":{"start":{"line":47,"column":0},"end":{"line":47,"column":7}},"47":{"start":{"line":48,"column":0},"end":{"line":48,"column":47}},"48":{"start":{"line":49,"column":0},"end":{"line":49,"column":74}},"49":{"start":{"line":50,"column":0},"end":{"line":50,"column":6}},"50":{"start":{"line":51,"column":0},"end":{"line":51,"column":20}},"51":{"start":{"line":52,"column":0},"end":{"line":52,"column":19}},"52":{"start":{"line":53,"column":0},"end":{"line":53,"column":57}},"53":{"start":{"line":54,"column":0},"end":{"line":54,"column":0}},"54":{"start":{"line":55,"column":0},"end":{"line":55,"column":36}},"55":{"start":{"line":56,"column":0},"end":{"line":56,"column":37}},"56":{"start":{"line":57,"column":0},"end":{"line":57,"column":5}},"57":{"start":{"line":58,"column":0},"end":{"line":58,"column":0}},"58":{"start":{"line":59,"column":0},"end":{"line":59,"column":16}},"59":{"start":{"line":60,"column":0},"end":{"line":60,"column":3}},"60":{"start":{"line":61,"column":0},"end":{"line":61,"column":2}},"61":{"start":{"line":62,"column":0},"end":{"line":62,"column":0}},"62":{"start":{"line":63,"column":0},"end":{"line":63,"column":71}},"63":{"start":{"line":64,"column":0},"end":{"line":64,"column":7}},"64":{"start":{"line":65,"column":0},"end":{"line":65,"column":48}},"65":{"start":{"line":66,"column":0},"end":{"line":66,"column":46}},"66":{"start":{"line":67,"column":0},"end":{"line":67,"column":13}},"67":{"start":{"line":68,"column":0},"end":{"line":68,"column":6}},"68":{"start":{"line":69,"column":0},"end":{"line":69,"column":20}},"69":{"start":{"line":70,"column":0},"end":{"line":70,"column":19}},"70":{"start":{"line":71,"column":0},"end":{"line":71,"column":57}},"71":{"start":{"line":72,"column":0},"end":{"line":72,"column":0}},"72":{"start":{"line":73,"column":0},"end":{"line":73,"column":36}},"73":{"start":{"line":74,"column":0},"end":{"line":74,"column":37}},"74":{"start":{"line":75,"column":0},"end":{"line":75,"column":5}},"75":{"start":{"line":76,"column":0},"end":{"line":76,"column":0}},"76":{"start":{"line":77,"column":0},"end":{"line":77,"column":16}},"77":{"start":{"line":78,"column":0},"end":{"line":78,"column":3}},"78":{"start":{"line":79,"column":0},"end":{"line":79,"column":2}}},"s":{"0":1,"1":1,"2":1,"3":1,"4":1,"5":1,"6":1,"7":1,"8":1,"9":1,"10":1,"11":5,"12":5,"13":5,"14":3,"15":3,"16":4,"17":2,"18":2,"19":2,"20":2,"21":2,"22":0,"23":0,"24":0,"25":5,"26":1,"27":1,"28":6,"29":6,"30":6,"31":6,"32":5,"33":5,"34":5,"35":1,"36":1,"37":1,"38":1,"39":1,"40":0,"41":0,"42":0,"43":6,"44":1,"45":1,"46":6,"47":6,"48":6,"49":5,"50":5,"51":5,"52":1,"53":1,"54":1,"55":1,"56":1,"57":0,"58":0,"59":0,"60":6,"61":1,"62":1,"63":6,"64":6,"65":6,"66":6,"67":4,"68":4,"69":5,"70":2,"71":2,"72":2,"73":2,"74":2,"75":0,"76":0,"77":0,"78":6},"branchMap":{"0":{"type":"branch","line":11,"loc":{"start":{"line":11,"column":33},"end":{"line":26,"column":2}},"locations":[{"start":{"line":11,"column":33},"end":{"line":26,"column":2}}]},"1":{"type":"branch","line":15,"loc":{"start":{"line":15,"column":-1},"end":{"line":25,"column":3}},"locations":[{"start":{"line":15,"column":-1},"end":{"line":25,"column":3}}]},"2":{"type":"branch","line":15,"loc":{"start":{"line":15,"column":-1},"end":{"line":17,"column":4}},"locations":[{"start":{"line":15,"column":-1},"end":{"line":17,"column":4}}]},"3":{"type":"branch","line":17,"loc":{"start":{"line":17,"column":4},"end":{"line":25,"column":3}},"locations":[{"start":{"line":17,"column":4},"end":{"line":25,"column":3}}]},"4":{"type":"branch","line":22,"loc":{"start":{"line":22,"column":4},"end":{"line":25,"column":3}},"locations":[{"start":{"line":22,"column":4},"end":{"line":25,"column":3}}]},"5":{"type":"branch","line":28,"loc":{"start":{"line":28,"column":36},"end":{"line":44,"column":2}},"locations":[{"start":{"line":28,"column":36},"end":{"line":44,"column":2}}]},"6":{"type":"branch","line":32,"loc":{"start":{"line":32,"column":6},"end":{"line":43,"column":3}},"locations":[{"start":{"line":32,"column":6},"end":{"line":43,"column":3}}]},"7":{"type":"branch","line":35,"loc":{"start":{"line":35,"column":4},"end":{"line":43,"column":3}},"locations":[{"start":{"line":35,"column":4},"end":{"line":43,"column":3}}]},"8":{"type":"branch","line":40,"loc":{"start":{"line":40,"column":4},"end":{"line":43,"column":3}},"locations":[{"start":{"line":40,"column":4},"end":{"line":43,"column":3}}]},"9":{"type":"branch","line":46,"loc":{"start":{"line":46,"column":39},"end":{"line":61,"column":2}},"locations":[{"start":{"line":46,"column":39},"end":{"line":61,"column":2}}]},"10":{"type":"branch","line":50,"loc":{"start":{"line":50,"column":-1},"end":{"line":60,"column":3}},"locations":[{"start":{"line":50,"column":-1},"end":{"line":60,"column":3}}]},"11":{"type":"branch","line":52,"loc":{"start":{"line":52,"column":4},"end":{"line":60,"column":3}},"locations":[{"start":{"line":52,"column":4},"end":{"line":60,"column":3}}]},"12":{"type":"branch","line":57,"loc":{"start":{"line":57,"column":4},"end":{"line":60,"column":3}},"locations":[{"start":{"line":57,"column":4},"end":{"line":60,"column":3}}]},"13":{"type":"branch","line":63,"loc":{"start":{"line":63,"column":30},"end":{"line":79,"column":2}},"locations":[{"start":{"line":63,"column":30},"end":{"line":79,"column":2}}]},"14":{"type":"branch","line":67,"loc":{"start":{"line":67,"column":6},"end":{"line":78,"column":3}},"locations":[{"start":{"line":67,"column":6},"end":{"line":78,"column":3}}]},"15":{"type":"branch","line":67,"loc":{"start":{"line":67,"column":6},"end":{"line":70,"column":4}},"locations":[{"start":{"line":67,"column":6},"end":{"line":70,"column":4}}]},"16":{"type":"branch","line":70,"loc":{"start":{"line":70,"column":4},"end":{"line":78,"column":3}},"locations":[{"start":{"line":70,"column":4},"end":{"line":78,"column":3}}]},"17":{"type":"branch","line":75,"loc":{"start":{"line":75,"column":4},"end":{"line":78,"column":3}},"locations":[{"start":{"line":75,"column":4},"end":{"line":78,"column":3}}]}},"b":{"0":[5],"1":[4],"2":[3],"3":[2],"4":[0],"5":[6],"6":[5],"7":[1],"8":[0],"9":[6],"10":[5],"11":[1],"12":[0],"13":[6],"14":[5],"15":[4],"16":[2],"17":[0]},"fnMap":{"0":{"name":"getGameAttemptApi","decl":{"start":{"line":11,"column":33},"end":{"line":26,"column":2}},"loc":{"start":{"line":11,"column":33},"end":{"line":26,"column":2}},"line":11},"1":{"name":"createGameAttemptApi","decl":{"start":{"line":28,"column":36},"end":{"line":44,"column":2}},"loc":{"start":{"line":28,"column":36},"end":{"line":44,"column":2}},"line":28},"2":{"name":"generateGameQuestionApi","decl":{"start":{"line":46,"column":39},"end":{"line":61,"column":2}},"loc":{"start":{"line":46,"column":39},"end":{"line":61,"column":2}},"line":46},"3":{"name":"checkAnswerApi","decl":{"start":{"line":63,"column":30},"end":{"line":79,"column":2}},"loc":{"start":{"line":63,"column":30},"end":{"line":79,"column":2}},"line":63}},"f":{"0":5,"1":6,"2":6,"3":6}}
,"/Users/doxle/Desktop/fizzbuzz/frontend/src/apis/gameRule.ts": {"path":"/Users/doxle/Desktop/fizzbuzz/frontend/src/apis/gameRule.ts","all":false,"statementMap":{"0":{"start":{"line":1,"column":0},"end":{"line":1,"column":44}},"1":{"start":{"line":2,"column":0},"end":{"line":2,"column":0}},"2":{"start":{"line":3,"column":0},"end":{"line":3,"column":8}},"3":{"start":{"line":4,"column":0},"end":{"line":4,"column":22}},"4":{"start":{"line":5,"column":0},"end":{"line":5,"column":12}},"5":{"start":{"line":6,"column":0},"end":{"line":6,"column":25}},"6":{"start":{"line":7,"column":0},"end":{"line":7,"column":27}},"7":{"start":{"line":8,"column":0},"end":{"line":8,"column":59}},"8":{"start":{"line":9,"column":0},"end":{"line":9,"column":54}},"9":{"start":{"line":10,"column":0},"end":{"line":10,"column":42}},"10":{"start":{"line":11,"column":0},"end":{"line":11,"column":0}},"11":{"start":{"line":12,"column":0},"end":{"line":12,"column":75}},"12":{"start":{"line":13,"column":0},"end":{"line":13,"column":7}},"13":{"start":{"line":14,"column":0},"end":{"line":14,"column":40}},"14":{"start":{"line":15,"column":0},"end":{"line":15,"column":45}},"15":{"start":{"line":16,"column":0},"end":{"line":16,"column":46}},"16":{"start":{"line":17,"column":0},"end":{"line":17,"column":28}},"17":{"start":{"line":18,"column":0},"end":{"line":18,"column":6}},"18":{"start":{"line":19,"column":0},"end":{"line":19,"column":0}},"19":{"start":{"line":20,"column":0},"end":{"line":20,"column":20}},"20":{"start":{"line":21,"column":0},"end":{"line":21,"column":19}},"21":{"start":{"line":22,"column":0},"end":{"line":22,"column":57}},"22":{"start":{"line":23,"column":0},"end":{"line":23,"column":0}},"23":{"start":{"line":24,"column":0},"end":{"line":24,"column":36}},"24":{"start":{"line":25,"column":0},"end":{"line":25,"column":37}},"25":{"start":{"line":26,"column":0},"end":{"line":26,"column":5}},"26":{"start":{"line":27,"column":0},"end":{"line":27,"column":0}},"27":{"start":{"line":28,"column":0},"end":{"line":28,"column":16}},"28":{"start":{"line":29,"column":0},"end":{"line":29,"column":3}},"29":{"start":{"line":30,"column":0},"end":{"line":30,"column":2}},"30":{"start":{"line":31,"column":0},"end":{"line":31,"column":0}},"31":{"start":{"line":32,"column":0},"end":{"line":32,"column":71}},"32":{"start":{"line":33,"column":0},"end":{"line":33,"column":7}},"33":{"start":{"line":34,"column":0},"end":{"line":34,"column":44}},"34":{"start":{"line":35,"column":0},"end":{"line":35,"column":36}},"35":{"start":{"line":36,"column":0},"end":{"line":36,"column":13}},"36":{"start":{"line":37,"column":0},"end":{"line":37,"column":6}},"37":{"start":{"line":38,"column":0},"end":{"line":38,"column":0}},"38":{"start":{"line":39,"column":0},"end":{"line":39,"column":20}},"39":{"start":{"line":40,"column":0},"end":{"line":40,"column":19}},"40":{"start":{"line":41,"column":0},"end":{"line":41,"column":57}},"41":{"start":{"line":42,"column":0},"end":{"line":42,"column":0}},"42":{"start":{"line":43,"column":0},"end":{"line":43,"column":36}},"43":{"start":{"line":44,"column":0},"end":{"line":44,"column":37}},"44":{"start":{"line":45,"column":0},"end":{"line":45,"column":5}},"45":{"start":{"line":46,"column":0},"end":{"line":46,"column":0}},"46":{"start":{"line":47,"column":0},"end":{"line":47,"column":16}},"47":{"start":{"line":48,"column":0},"end":{"line":48,"column":3}},"48":{"start":{"line":49,"column":0},"end":{"line":49,"column":2}},"49":{"start":{"line":50,"column":0},"end":{"line":50,"column":0}},"50":{"start":{"line":51,"column":0},"end":{"line":51,"column":60}},"51":{"start":{"line":52,"column":0},"end":{"line":52,"column":7}},"52":{"start":{"line":53,"column":0},"end":{"line":53,"column":64}},"53":{"start":{"line":54,"column":0},"end":{"line":54,"column":19}},"54":{"start":{"line":55,"column":0},"end":{"line":55,"column":57}},"55":{"start":{"line":56,"column":0},"end":{"line":56,"column":0}},"56":{"start":{"line":57,"column":0},"end":{"line":57,"column":36}},"57":{"start":{"line":58,"column":0},"end":{"line":58,"column":37}},"58":{"start":{"line":59,"column":0},"end":{"line":59,"column":5}},"59":{"start":{"line":60,"column":0},"end":{"line":60,"column":0}},"60":{"start":{"line":61,"column":0},"end":{"line":61,"column":16}},"61":{"start":{"line":62,"column":0},"end":{"line":62,"column":3}},"62":{"start":{"line":63,"column":0},"end":{"line":63,"column":2}}},"s":{"0":1,"1":1,"2":1,"3":1,"4":1,"5":1,"6":1,"7":1,"8":1,"9":1,"10":1,"11":1,"12":4,"13":4,"14":4,"15":4,"16":4,"17":2,"18":2,"19":2,"20":2,"21":2,"22":2,"23":2,"24":2,"25":2,"26":0,"27":0,"28":0,"29":4,"30":1,"31":1,"32":2,"33":2,"34":2,"35":2,"36":1,"37":1,"38":1,"39":1,"40":1,"41":1,"42":1,"43":1,"44":1,"45":0,"46":0,"47":0,"48":2,"49":1,"50":1,"51":4,"52":4,"53":2,"54":2,"55":2,"56":2,"57":2,"58":2,"59":0,"60":0,"61":0,"62":4},"branchMap":{"0":{"type":"branch","line":12,"loc":{"start":{"line":12,"column":31},"end":{"line":30,"column":2}},"locations":[{"start":{"line":12,"column":31},"end":{"line":30,"column":2}}]},"1":{"type":"branch","line":17,"loc":{"start":{"line":17,"column":23},"end":{"line":29,"column":3}},"locations":[{"start":{"line":17,"column":23},"end":{"line":29,"column":3}}]},"2":{"type":"branch","line":26,"loc":{"start":{"line":26,"column":4},"end":{"line":29,"column":3}},"locations":[{"start":{"line":26,"column":4},"end":{"line":29,"column":3}}]},"3":{"type":"branch","line":32,"loc":{"start":{"line":32,"column":30},"end":{"line":49,"column":2}},"locations":[{"start":{"line":32,"column":30},"end":{"line":49,"column":2}}]},"4":{"type":"branch","line":36,"loc":{"start":{"line":36,"column":6},"end":{"line":48,"column":3}},"locations":[{"start":{"line":36,"column":6},"end":{"line":48,"column":3}}]},"5":{"type":"branch","line":45,"loc":{"start":{"line":45,"column":4},"end":{"line":48,"column":3}},"locations":[{"start":{"line":45,"column":4},"end":{"line":48,"column":3}}]},"6":{"type":"branch","line":51,"loc":{"start":{"line":51,"column":33},"end":{"line":63,"column":2}},"locations":[{"start":{"line":51,"column":33},"end":{"line":63,"column":2}}]},"7":{"type":"branch","line":53,"loc":{"start":{"line":53,"column":62},"end":{"line":62,"column":3}},"locations":[{"start":{"line":53,"column":62},"end":{"line":62,"column":3}}]},"8":{"type":"branch","line":59,"loc":{"start":{"line":59,"column":4},"end":{"line":62,"column":3}},"locations":[{"start":{"line":59,"column":4},"end":{"line":62,"column":3}}]}},"b":{"0":[4],"1":[2],"2":[0],"3":[2],"4":[1],"5":[0],"6":[4],"7":[2],"8":[0]},"fnMap":{"0":{"name":"editGameRuleApi","decl":{"start":{"line":12,"column":31},"end":{"line":30,"column":2}},"loc":{"start":{"line":12,"column":31},"end":{"line":30,"column":2}},"line":12},"1":{"name":"addGameRuleApi","decl":{"start":{"line":32,"column":30},"end":{"line":49,"column":2}},"loc":{"start":{"line":32,"column":30},"end":{"line":49,"column":2}},"line":32},"2":{"name":"deleteGameRuleApi","decl":{"start":{"line":51,"column":33},"end":{"line":63,"column":2}},"loc":{"start":{"line":51,"column":33},"end":{"line":63,"column":2}},"line":51}},"f":{"0":4,"1":2,"2":4}}
,"/Users/doxle/Desktop/fizzbuzz/frontend/src/app/(auth)/login/page.tsx": {"path":"/Users/doxle/Desktop/fizzbuzz/frontend/src/app/(auth)/login/page.tsx","all":false,"statementMap":{"0":{"start":{"line":1,"column":0},"end":{"line":1,"column":8}},"1":{"start":{"line":2,"column":0},"end":{"line":2,"column":14}},"2":{"start":{"line":3,"column":0},"end":{"line":3,"column":18}},"3":{"start":{"line":4,"column":0},"end":{"line":4,"column":13}},"4":{"start":{"line":5,"column":0},"end":{"line":5,"column":12}},"5":{"start":{"line":6,"column":0},"end":{"line":6,"column":30}},"6":{"start":{"line":7,"column":0},"end":{"line":7,"column":29}},"7":{"start":{"line":8,"column":0},"end":{"line":8,"column":26}},"8":{"start":{"line":9,"column":0},"end":{"line":9,"column":37}},"9":{"start":{"line":10,"column":0},"end":{"line":10,"column":64}},"10":{"start":{"line":11,"column":0},"end":{"line":11,"column":0}},"11":{"start":{"line":12,"column":0},"end":{"line":12,"column":21}},"12":{"start":{"line":13,"column":0},"end":{"line":13,"column":10}},"13":{"start":{"line":14,"column":0},"end":{"line":14,"column":6}},"14":{"start":{"line":15,"column":0},"end":{"line":15,"column":70}},"15":{"start":{"line":16,"column":0},"end":{"line":16,"column":61}},"16":{"start":{"line":17,"column":0},"end":{"line":17,"column":15}},"17":{"start":{"line":18,"column":0},"end":{"line":18,"column":20}},"18":{"start":{"line":19,"column":0},"end":{"line":19,"column":52}},"19":{"start":{"line":20,"column":0},"end":{"line":20,"column":37}},"20":{"start":{"line":21,"column":0},"end":{"line":21,"column":15}},"21":{"start":{"line":22,"column":0},"end":{"line":22,"column":37}},"22":{"start":{"line":23,"column":0},"end":{"line":23,"column":95}},"23":{"start":{"line":24,"column":0},"end":{"line":24,"column":11}},"24":{"start":{"line":25,"column":0},"end":{"line":25,"column":20}},"25":{"start":{"line":26,"column":0},"end":{"line":26,"column":17}},"26":{"start":{"line":27,"column":0},"end":{"line":27,"column":26}},"27":{"start":{"line":28,"column":0},"end":{"line":28,"column":19}},"28":{"start":{"line":29,"column":0},"end":{"line":29,"column":19}},"29":{"start":{"line":30,"column":0},"end":{"line":30,"column":21}},"30":{"start":{"line":31,"column":0},"end":{"line":31,"column":20}},"31":{"start":{"line":32,"column":0},"end":{"line":32,"column":7}},"32":{"start":{"line":33,"column":0},"end":{"line":33,"column":4}},"33":{"start":{"line":34,"column":0},"end":{"line":34,"column":2}},"34":{"start":{"line":35,"column":0},"end":{"line":35,"column":0}},"35":{"start":{"line":36,"column":0},"end":{"line":36,"column":21}}},"s":{"0":1,"1":1,"2":1,"3":1,"4":1,"5":1,"6":1,"7":1,"8":1,"9":1,"10":1,"11":1,"12":1,"13":1,"14":1,"15":1,"16":1,"17":1,"18":1,"19":1,"20":1,"21":1,"22":1,"23":1,"24":1,"25":1,"26":1,"27":1,"28":1,"29":1,"30":1,"31":1,"32":1,"33":1,"34":1,"35":1},"branchMap":{"0":{"type":"branch","line":12,"loc":{"start":{"line":12,"column":14},"end":{"line":34,"column":2}},"locations":[{"start":{"line":12,"column":14},"end":{"line":34,"column":2}}]}},"b":{"0":[1]},"fnMap":{"0":{"name":"Login","decl":{"start":{"line":12,"column":14},"end":{"line":34,"column":2}},"loc":{"start":{"line":12,"column":14},"end":{"line":34,"column":2}},"line":12}},"f":{"0":1}}
,"/Users/doxle/Desktop/fizzbuzz/frontend/src/app/(auth)/register/page.tsx": {"path":"/Users/doxle/Desktop/fizzbuzz/frontend/src/app/(auth)/register/page.tsx","all":false,"statementMap":{"0":{"start":{"line":1,"column":0},"end":{"line":1,"column":41}},"1":{"start":{"line":2,"column":0},"end":{"line":2,"column":8}},"2":{"start":{"line":3,"column":0},"end":{"line":3,"column":14}},"3":{"start":{"line":4,"column":0},"end":{"line":4,"column":18}},"4":{"start":{"line":5,"column":0},"end":{"line":5,"column":13}},"5":{"start":{"line":6,"column":0},"end":{"line":6,"column":12}},"6":{"start":{"line":7,"column":0},"end":{"line":7,"column":30}},"7":{"start":{"line":8,"column":0},"end":{"line":8,"column":29}},"8":{"start":{"line":9,"column":0},"end":{"line":9,"column":26}},"9":{"start":{"line":10,"column":0},"end":{"line":10,"column":73}},"10":{"start":{"line":11,"column":0},"end":{"line":11,"column":0}},"11":{"start":{"line":12,"column":0},"end":{"line":12,"column":24}},"12":{"start":{"line":13,"column":0},"end":{"line":13,"column":10}},"13":{"start":{"line":14,"column":0},"end":{"line":14,"column":6}},"14":{"start":{"line":15,"column":0},"end":{"line":15,"column":70}},"15":{"start":{"line":16,"column":0},"end":{"line":16,"column":54}},"16":{"start":{"line":17,"column":0},"end":{"line":17,"column":52}},"17":{"start":{"line":18,"column":0},"end":{"line":18,"column":39}},"18":{"start":{"line":19,"column":0},"end":{"line":19,"column":15}},"19":{"start":{"line":20,"column":0},"end":{"line":20,"column":38}},"20":{"start":{"line":21,"column":0},"end":{"line":21,"column":96}},"21":{"start":{"line":22,"column":0},"end":{"line":22,"column":11}},"22":{"start":{"line":23,"column":0},"end":{"line":23,"column":17}},"23":{"start":{"line":24,"column":0},"end":{"line":24,"column":17}},"24":{"start":{"line":25,"column":0},"end":{"line":25,"column":26}},"25":{"start":{"line":26,"column":0},"end":{"line":26,"column":19}},"26":{"start":{"line":27,"column":0},"end":{"line":27,"column":19}},"27":{"start":{"line":28,"column":0},"end":{"line":28,"column":24}},"28":{"start":{"line":29,"column":0},"end":{"line":29,"column":20}},"29":{"start":{"line":30,"column":0},"end":{"line":30,"column":7}},"30":{"start":{"line":31,"column":0},"end":{"line":31,"column":4}},"31":{"start":{"line":32,"column":0},"end":{"line":32,"column":2}},"32":{"start":{"line":33,"column":0},"end":{"line":33,"column":0}},"33":{"start":{"line":34,"column":0},"end":{"line":34,"column":24}}},"s":{"0":1,"1":1,"2":1,"3":1,"4":1,"5":1,"6":1,"7":1,"8":1,"9":1,"10":1,"11":1,"12":1,"13":1,"14":1,"15":1,"16":1,"17":1,"18":1,"19":1,"20":1,"21":1,"22":1,"23":1,"24":1,"25":1,"26":1,"27":1,"28":1,"29":1,"30":1,"31":1,"32":1,"33":1},"branchMap":{"0":{"type":"branch","line":12,"loc":{"start":{"line":12,"column":17},"end":{"line":32,"column":2}},"locations":[{"start":{"line":12,"column":17},"end":{"line":32,"column":2}}]}},"b":{"0":[1]},"fnMap":{"0":{"name":"Register","decl":{"start":{"line":12,"column":17},"end":{"line":32,"column":2}},"loc":{"start":{"line":12,"column":17},"end":{"line":32,"column":2}},"line":12}},"f":{"0":1}}
,"/Users/doxle/Desktop/fizzbuzz/frontend/src/app/game/page.tsx": {"path":"/Users/doxle/Desktop/fizzbuzz/frontend/src/app/game/page.tsx","all":false,"statementMap":{"0":{"start":{"line":1,"column":0},"end":{"line":1,"column":13}},"1":{"start":{"line":2,"column":0},"end":{"line":2,"column":55}},"2":{"start":{"line":3,"column":0},"end":{"line":3,"column":57}},"3":{"start":{"line":4,"column":0},"end":{"line":4,"column":60}},"4":{"start":{"line":5,"column":0},"end":{"line":5,"column":55}},"5":{"start":{"line":6,"column":0},"end":{"line":6,"column":48}},"6":{"start":{"line":7,"column":0},"end":{"line":7,"column":50}},"7":{"start":{"line":8,"column":0},"end":{"line":8,"column":62}},"8":{"start":{"line":9,"column":0},"end":{"line":9,"column":58}},"9":{"start":{"line":10,"column":0},"end":{"line":10,"column":37}},"10":{"start":{"line":11,"column":0},"end":{"line":11,"column":29}},"11":{"start":{"line":12,"column":0},"end":{"line":12,"column":26}},"12":{"start":{"line":13,"column":0},"end":{"line":13,"column":48}},"13":{"start":{"line":14,"column":0},"end":{"line":14,"column":0}},"14":{"start":{"line":15,"column":0},"end":{"line":15,"column":24}},"15":{"start":{"line":16,"column":0},"end":{"line":16,"column":59}},"16":{"start":{"line":17,"column":0},"end":{"line":17,"column":56}},"17":{"start":{"line":18,"column":0},"end":{"line":18,"column":40}},"18":{"start":{"line":19,"column":0},"end":{"line":19,"column":33}},"19":{"start":{"line":20,"column":0},"end":{"line":20,"column":34}},"20":{"start":{"line":21,"column":0},"end":{"line":21,"column":32}},"21":{"start":{"line":22,"column":0},"end":{"line":22,"column":6}},"22":{"start":{"line":23,"column":0},"end":{"line":23,"column":5}},"23":{"start":{"line":24,"column":0},"end":{"line":24,"column":10}},"24":{"start":{"line":25,"column":0},"end":{"line":25,"column":60}},"25":{"start":{"line":26,"column":0},"end":{"line":26,"column":64}},"26":{"start":{"line":27,"column":0},"end":{"line":27,"column":67}},"27":{"start":{"line":28,"column":0},"end":{"line":28,"column":19}},"28":{"start":{"line":29,"column":0},"end":{"line":29,"column":13}},"29":{"start":{"line":30,"column":0},"end":{"line":30,"column":0}},"30":{"start":{"line":31,"column":0},"end":{"line":31,"column":22}},"31":{"start":{"line":32,"column":0},"end":{"line":32,"column":13}},"32":{"start":{"line":33,"column":0},"end":{"line":33,"column":37}},"33":{"start":{"line":34,"column":0},"end":{"line":34,"column":37}},"34":{"start":{"line":35,"column":0},"end":{"line":35,"column":44}},"35":{"start":{"line":36,"column":0},"end":{"line":36,"column":9}},"36":{"start":{"line":37,"column":0},"end":{"line":37,"column":24}},"37":{"start":{"line":38,"column":0},"end":{"line":38,"column":70}},"38":{"start":{"line":39,"column":0},"end":{"line":39,"column":37}},"39":{"start":{"line":40,"column":0},"end":{"line":40,"column":12}},"40":{"start":{"line":41,"column":0},"end":{"line":41,"column":15}},"41":{"start":{"line":42,"column":0},"end":{"line":42,"column":12}},"42":{"start":{"line":43,"column":0},"end":{"line":43,"column":0}},"43":{"start":{"line":44,"column":0},"end":{"line":44,"column":65}},"44":{"start":{"line":45,"column":0},"end":{"line":45,"column":21}},"45":{"start":{"line":46,"column":0},"end":{"line":46,"column":12}},"46":{"start":{"line":47,"column":0},"end":{"line":47,"column":0}},"47":{"start":{"line":48,"column":0},"end":{"line":48,"column":20}},"48":{"start":{"line":49,"column":0},"end":{"line":49,"column":28}},"49":{"start":{"line":50,"column":0},"end":{"line":50,"column":33}},"50":{"start":{"line":51,"column":0},"end":{"line":51,"column":47}},"51":{"start":{"line":52,"column":0},"end":{"line":52,"column":10}},"52":{"start":{"line":53,"column":0},"end":{"line":53,"column":35}},"53":{"start":{"line":54,"column":0},"end":{"line":54,"column":86}},"54":{"start":{"line":55,"column":0},"end":{"line":55,"column":23}},"55":{"start":{"line":56,"column":0},"end":{"line":56,"column":12}},"56":{"start":{"line":57,"column":0},"end":{"line":57,"column":19}},"57":{"start":{"line":58,"column":0},"end":{"line":58,"column":27}},"58":{"start":{"line":59,"column":0},"end":{"line":59,"column":31}},"59":{"start":{"line":60,"column":0},"end":{"line":60,"column":55}},"60":{"start":{"line":61,"column":0},"end":{"line":61,"column":13}},"61":{"start":{"line":62,"column":0},"end":{"line":62,"column":20}},"62":{"start":{"line":63,"column":0},"end":{"line":63,"column":21}},"63":{"start":{"line":64,"column":0},"end":{"line":64,"column":19}},"64":{"start":{"line":65,"column":0},"end":{"line":65,"column":46}},"65":{"start":{"line":66,"column":0},"end":{"line":66,"column":28}},"66":{"start":{"line":67,"column":0},"end":{"line":67,"column":74}},"67":{"start":{"line":68,"column":0},"end":{"line":68,"column":45}},"68":{"start":{"line":69,"column":0},"end":{"line":69,"column":13}},"69":{"start":{"line":70,"column":0},"end":{"line":70,"column":63}},"70":{"start":{"line":71,"column":0},"end":{"line":71,"column":21}},"71":{"start":{"line":72,"column":0},"end":{"line":72,"column":13}},"72":{"start":{"line":73,"column":0},"end":{"line":73,"column":9}},"73":{"start":{"line":74,"column":0},"end":{"line":74,"column":8}},"74":{"start":{"line":75,"column":0},"end":{"line":75,"column":10}},"75":{"start":{"line":76,"column":0},"end":{"line":76,"column":4}},"76":{"start":{"line":77,"column":0},"end":{"line":77,"column":2}},"77":{"start":{"line":78,"column":0},"end":{"line":78,"column":0}},"78":{"start":{"line":79,"column":0},"end":{"line":79,"column":24}}},"s":{"0":1,"1":1,"2":1,"3":1,"4":1,"5":1,"6":1,"7":1,"8":1,"9":1,"10":1,"11":1,"12":1,"13":1,"14":1,"15":7,"16":7,"17":7,"18":7,"19":1,"20":1,"21":1,"22":7,"23":7,"24":7,"25":7,"26":7,"27":7,"28":7,"29":7,"30":7,"31":7,"32":7,"33":7,"34":7,"35":7,"36":7,"37":7,"38":7,"39":7,"40":7,"41":7,"42":7,"43":7,"44":7,"45":7,"46":7,"47":7,"48":7,"49":7,"50":0,"51":0,"52":7,"53":7,"54":7,"55":7,"56":7,"57":7,"58":7,"59":7,"60":7,"61":7,"62":7,"63":7,"64":7,"65":7,"66":7,"67":7,"68":7,"69":7,"70":7,"71":7,"72":7,"73":7,"74":7,"75":7,"76":7,"77":1,"78":1},"branchMap":{"0":{"type":"branch","line":15,"loc":{"start":{"line":15,"column":17},"end":{"line":77,"column":2}},"locations":[{"start":{"line":15,"column":17},"end":{"line":77,"column":2}}]},"1":{"type":"branch","line":54,"loc":{"start":{"line":54,"column":59},"end":{"line":54,"column":81}},"locations":[{"start":{"line":54,"column":59},"end":{"line":54,"column":81}}]},"2":{"type":"branch","line":70,"loc":{"start":{"line":70,"column":35},"end":{"line":70,"column":54}},"locations":[{"start":{"line":70,"column":35},"end":{"line":70,"column":54}}]},"3":{"type":"branch","line":19,"loc":{"start":{"line":19,"column":4},"end":{"line":22,"column":6}},"locations":[{"start":{"line":19,"column":4},"end":{"line":22,"column":6}}]},"4":{"type":"branch","line":60,"loc":{"start":{"line":60,"column":23},"end":{"line":60,"column":55}},"locations":[{"start":{"line":60,"column":23},"end":{"line":60,"column":55}}]},"5":{"type":"branch","line":67,"loc":{"start":{"line":67,"column":23},"end":{"line":67,"column":74}},"locations":[{"start":{"line":67,"column":23},"end":{"line":67,"column":74}}]},"6":{"type":"branch","line":67,"loc":{"start":{"line":67,"column":60},"end":{"line":67,"column":74}},"locations":[{"start":{"line":67,"column":60},"end":{"line":67,"column":74}}]}},"b":{"0":[7],"1":[2],"2":[0],"3":[1],"4":[1],"5":[1],"6":[0]},"fnMap":{"0":{"name":"GameList","decl":{"start":{"line":15,"column":17},"end":{"line":77,"column":2}},"loc":{"start":{"line":15,"column":17},"end":{"line":77,"column":2}},"line":15},"1":{"name":"onSuccessDeleteGame","decl":{"start":{"line":19,"column":4},"end":{"line":22,"column":6}},"loc":{"start":{"line":19,"column":4},"end":{"line":22,"column":6}},"line":19},"2":{"name":"onOpenChange","decl":{"start":{"line":50,"column":22},"end":{"line":52,"column":10}},"loc":{"start":{"line":50,"column":22},"end":{"line":52,"column":10}},"line":50},"3":{"name":"onClick","decl":{"start":{"line":60,"column":23},"end":{"line":60,"column":55}},"loc":{"start":{"line":60,"column":23},"end":{"line":60,"column":55}},"line":60},"4":{"name":"onClick","decl":{"start":{"line":67,"column":23},"end":{"line":67,"column":74}},"loc":{"start":{"line":67,"column":23},"end":{"line":67,"column":74}},"line":67}},"f":{"0":7,"1":1,"2":0,"3":1,"4":1}}
,"/Users/doxle/Desktop/fizzbuzz/frontend/src/app/game/[gameId]/page.tsx": {"path":"/Users/doxle/Desktop/fizzbuzz/frontend/src/app/game/[gameId]/page.tsx","all":false,"statementMap":{"0":{"start":{"line":1,"column":0},"end":{"line":1,"column":13}},"1":{"start":{"line":2,"column":0},"end":{"line":2,"column":66}},"2":{"start":{"line":3,"column":0},"end":{"line":3,"column":55}},"3":{"start":{"line":4,"column":0},"end":{"line":4,"column":84}},"4":{"start":{"line":5,"column":0},"end":{"line":5,"column":48}},"5":{"start":{"line":6,"column":0},"end":{"line":6,"column":42}},"6":{"start":{"line":7,"column":0},"end":{"line":7,"column":56}},"7":{"start":{"line":8,"column":0},"end":{"line":8,"column":50}},"8":{"start":{"line":9,"column":0},"end":{"line":9,"column":62}},"9":{"start":{"line":10,"column":0},"end":{"line":10,"column":38}},"10":{"start":{"line":11,"column":0},"end":{"line":11,"column":37}},"11":{"start":{"line":12,"column":0},"end":{"line":12,"column":48}},"12":{"start":{"line":13,"column":0},"end":{"line":13,"column":32}},"13":{"start":{"line":14,"column":0},"end":{"line":14,"column":44}},"14":{"start":{"line":15,"column":0},"end":{"line":15,"column":44}},"15":{"start":{"line":16,"column":0},"end":{"line":16,"column":40}},"16":{"start":{"line":17,"column":0},"end":{"line":17,"column":25}},"17":{"start":{"line":18,"column":0},"end":{"line":18,"column":0}},"18":{"start":{"line":19,"column":0},"end":{"line":19,"column":25}},"19":{"start":{"line":20,"column":0},"end":{"line":20,"column":78}},"20":{"start":{"line":21,"column":0},"end":{"line":21,"column":70}},"21":{"start":{"line":22,"column":0},"end":{"line":22,"column":74}},"22":{"start":{"line":23,"column":0},"end":{"line":23,"column":3}},"23":{"start":{"line":24,"column":0},"end":{"line":24,"column":0}},"24":{"start":{"line":25,"column":0},"end":{"line":25,"column":24}},"25":{"start":{"line":26,"column":0},"end":{"line":26,"column":79}},"26":{"start":{"line":27,"column":0},"end":{"line":27,"column":50}},"27":{"start":{"line":28,"column":0},"end":{"line":28,"column":29}},"28":{"start":{"line":29,"column":0},"end":{"line":29,"column":30}},"29":{"start":{"line":30,"column":0},"end":{"line":30,"column":32}},"30":{"start":{"line":31,"column":0},"end":{"line":31,"column":9}},"31":{"start":{"line":32,"column":0},"end":{"line":32,"column":53}},"32":{"start":{"line":33,"column":0},"end":{"line":33,"column":29}},"33":{"start":{"line":34,"column":0},"end":{"line":34,"column":44}},"34":{"start":{"line":35,"column":0},"end":{"line":35,"column":11}},"35":{"start":{"line":36,"column":0},"end":{"line":36,"column":34}},"36":{"start":{"line":37,"column":0},"end":{"line":37,"column":27}},"37":{"start":{"line":38,"column":0},"end":{"line":38,"column":6}},"38":{"start":{"line":39,"column":0},"end":{"line":39,"column":5}},"39":{"start":{"line":40,"column":0},"end":{"line":40,"column":40}},"40":{"start":{"line":41,"column":0},"end":{"line":41,"column":54}},"41":{"start":{"line":42,"column":0},"end":{"line":42,"column":38}},"42":{"start":{"line":43,"column":0},"end":{"line":43,"column":29}},"43":{"start":{"line":44,"column":0},"end":{"line":44,"column":69}},"44":{"start":{"line":45,"column":0},"end":{"line":45,"column":34}},"45":{"start":{"line":46,"column":0},"end":{"line":46,"column":6}},"46":{"start":{"line":47,"column":0},"end":{"line":47,"column":28}},"47":{"start":{"line":48,"column":0},"end":{"line":48,"column":13}},"48":{"start":{"line":49,"column":0},"end":{"line":49,"column":31}},"49":{"start":{"line":50,"column":0},"end":{"line":50,"column":35}},"50":{"start":{"line":51,"column":0},"end":{"line":51,"column":9}},"51":{"start":{"line":52,"column":0},"end":{"line":52,"column":6}},"52":{"start":{"line":53,"column":0},"end":{"line":53,"column":5}},"53":{"start":{"line":54,"column":0},"end":{"line":54,"column":67}},"54":{"start":{"line":55,"column":0},"end":{"line":55,"column":23}},"55":{"start":{"line":56,"column":0},"end":{"line":56,"column":24}},"56":{"start":{"line":57,"column":0},"end":{"line":57,"column":29}},"57":{"start":{"line":58,"column":0},"end":{"line":58,"column":0}},"58":{"start":{"line":59,"column":0},"end":{"line":59,"column":41}},"59":{"start":{"line":60,"column":0},"end":{"line":60,"column":37}},"60":{"start":{"line":61,"column":0},"end":{"line":61,"column":39}},"61":{"start":{"line":62,"column":0},"end":{"line":62,"column":43}},"62":{"start":{"line":63,"column":0},"end":{"line":63,"column":7}},"63":{"start":{"line":64,"column":0},"end":{"line":64,"column":30}},"64":{"start":{"line":65,"column":0},"end":{"line":65,"column":22}},"65":{"start":{"line":66,"column":0},"end":{"line":66,"column":71}},"66":{"start":{"line":67,"column":0},"end":{"line":67,"column":73}},"67":{"start":{"line":68,"column":0},"end":{"line":68,"column":77}},"68":{"start":{"line":69,"column":0},"end":{"line":69,"column":9}},"69":{"start":{"line":70,"column":0},"end":{"line":70,"column":0}},"70":{"start":{"line":71,"column":0},"end":{"line":71,"column":13}},"71":{"start":{"line":72,"column":0},"end":{"line":72,"column":5}},"72":{"start":{"line":73,"column":0},"end":{"line":73,"column":0}},"73":{"start":{"line":74,"column":0},"end":{"line":74,"column":21}},"74":{"start":{"line":75,"column":0},"end":{"line":75,"column":13}},"75":{"start":{"line":76,"column":0},"end":{"line":76,"column":37}},"76":{"start":{"line":77,"column":0},"end":{"line":77,"column":39}},"77":{"start":{"line":78,"column":0},"end":{"line":78,"column":43}},"78":{"start":{"line":79,"column":0},"end":{"line":79,"column":7}},"79":{"start":{"line":80,"column":0},"end":{"line":80,"column":4}},"80":{"start":{"line":81,"column":0},"end":{"line":81,"column":67}},"81":{"start":{"line":82,"column":0},"end":{"line":82,"column":28}},"82":{"start":{"line":83,"column":0},"end":{"line":83,"column":25}},"83":{"start":{"line":84,"column":0},"end":{"line":84,"column":26}},"84":{"start":{"line":85,"column":0},"end":{"line":85,"column":29}},"85":{"start":{"line":86,"column":0},"end":{"line":86,"column":5}},"86":{"start":{"line":87,"column":0},"end":{"line":87,"column":4}},"87":{"start":{"line":88,"column":0},"end":{"line":88,"column":0}},"88":{"start":{"line":89,"column":0},"end":{"line":89,"column":36}},"89":{"start":{"line":90,"column":0},"end":{"line":90,"column":72}},"90":{"start":{"line":91,"column":0},"end":{"line":91,"column":42}},"91":{"start":{"line":92,"column":0},"end":{"line":92,"column":8}},"92":{"start":{"line":93,"column":0},"end":{"line":93,"column":19}},"93":{"start":{"line":94,"column":0},"end":{"line":94,"column":26}},"94":{"start":{"line":95,"column":0},"end":{"line":95,"column":27}},"95":{"start":{"line":96,"column":0},"end":{"line":96,"column":36}},"96":{"start":{"line":97,"column":0},"end":{"line":97,"column":42}},"97":{"start":{"line":98,"column":0},"end":{"line":98,"column":44}},"98":{"start":{"line":99,"column":0},"end":{"line":99,"column":53}},"99":{"start":{"line":100,"column":0},"end":{"line":100,"column":46}},"100":{"start":{"line":101,"column":0},"end":{"line":101,"column":55}},"101":{"start":{"line":102,"column":0},"end":{"line":102,"column":9}},"102":{"start":{"line":103,"column":0},"end":{"line":103,"column":8}},"103":{"start":{"line":104,"column":0},"end":{"line":104,"column":6}},"104":{"start":{"line":105,"column":0},"end":{"line":105,"column":4}},"105":{"start":{"line":106,"column":0},"end":{"line":106,"column":32}},"106":{"start":{"line":107,"column":0},"end":{"line":107,"column":12}},"107":{"start":{"line":108,"column":0},"end":{"line":108,"column":76}},"108":{"start":{"line":109,"column":0},"end":{"line":109,"column":6}},"109":{"start":{"line":110,"column":0},"end":{"line":110,"column":50}},"110":{"start":{"line":111,"column":0},"end":{"line":111,"column":10}},"111":{"start":{"line":112,"column":0},"end":{"line":112,"column":9}},"112":{"start":{"line":113,"column":0},"end":{"line":113,"column":78}},"113":{"start":{"line":114,"column":0},"end":{"line":114,"column":31}},"114":{"start":{"line":115,"column":0},"end":{"line":115,"column":17}},"115":{"start":{"line":116,"column":0},"end":{"line":116,"column":5}},"116":{"start":{"line":117,"column":0},"end":{"line":117,"column":79}},"117":{"start":{"line":118,"column":0},"end":{"line":118,"column":0}},"118":{"start":{"line":119,"column":0},"end":{"line":119,"column":66}},"119":{"start":{"line":120,"column":0},"end":{"line":120,"column":27}},"120":{"start":{"line":121,"column":0},"end":{"line":121,"column":25}},"121":{"start":{"line":122,"column":0},"end":{"line":122,"column":33}},"122":{"start":{"line":123,"column":0},"end":{"line":123,"column":45}},"123":{"start":{"line":124,"column":0},"end":{"line":124,"column":67}},"124":{"start":{"line":125,"column":0},"end":{"line":125,"column":39}},"125":{"start":{"line":126,"column":0},"end":{"line":126,"column":48}},"126":{"start":{"line":127,"column":0},"end":{"line":127,"column":31}},"127":{"start":{"line":128,"column":0},"end":{"line":128,"column":10}},"128":{"start":{"line":129,"column":0},"end":{"line":129,"column":0}},"129":{"start":{"line":130,"column":0},"end":{"line":130,"column":27}},"130":{"start":{"line":131,"column":0},"end":{"line
[...]
:122,"column":4}}]},"33":{"type":"branch","line":101,"loc":{"start":{"line":101,"column":17},"end":{"line":101,"column":78}},"locations":[{"start":{"line":101,"column":17},"end":{"line":101,"column":78}}]},"34":{"type":"branch","line":101,"loc":{"start":{"line":101,"column":39},"end":{"line":101,"column":78}},"locations":[{"start":{"line":101,"column":39},"end":{"line":101,"column":78}}]},"35":{"type":"branch","line":104,"loc":{"start":{"line":104,"column":17},"end":{"line":105,"column":79}},"locations":[{"start":{"line":104,"column":17},"end":{"line":105,"column":79}}]},"36":{"type":"branch","line":105,"loc":{"start":{"line":105,"column":52},"end":{"line":105,"column":79}},"locations":[{"start":{"line":105,"column":52},"end":{"line":105,"column":79}}]},"37":{"type":"branch","line":105,"loc":{"start":{"line":105,"column":19},"end":{"line":105,"column":61}},"locations":[{"start":{"line":105,"column":19},"end":{"line":105,"column":61}}]},"38":{"type":"branch","line":108,"loc":{"start":{"line":108,"column":39},"end":{"line":118,"column":7}},"locations":[{"start":{"line":108,"column":39},"end":{"line":118,"column":7}}]},"39":{"type":"branch","line":124,"loc":{"start":{"line":124,"column":32},"end":{"line":151,"column":4}},"locations":[{"start":{"line":124,"column":32},"end":{"line":151,"column":4}}]},"40":{"type":"branch","line":127,"loc":{"start":{"line":127,"column":17},"end":{"line":128,"column":78}},"locations":[{"start":{"line":127,"column":17},"end":{"line":128,"column":78}}]},"41":{"type":"branch","line":128,"loc":{"start":{"line":128,"column":52},"end":{"line":128,"column":78}},"locations":[{"start":{"line":128,"column":52},"end":{"line":128,"column":78}}]},"42":{"type":"branch","line":128,"loc":{"start":{"line":128,"column":19},"end":{"line":128,"column":61}},"locations":[{"start":{"line":128,"column":19},"end":{"line":128,"column":61}}]},"43":{"type":"branch","line":131,"loc":{"start":{"line":131,"column":17},"end":{"line":132,"column":79}},"locations":[{"start":{"line":131,"column":17},"end":{"line":132,"column":79}}]},"44":{"type":"branch","line":132,"loc":{"start":{"line":132,"column":52},"end":{"line":132,"column":79}},"locations":[{"start":{"line":132,"column":52},"end":{"line":132,"column":79}}]},"45":{"type":"branch","line":132,"loc":{"start":{"line":132,"column":19},"end":{"line":132,"column":61}},"locations":[{"start":{"line":132,"column":19},"end":{"line":132,"column":61}}]},"46":{"type":"branch","line":135,"loc":{"start":{"line":135,"column":39},"end":{"line":147,"column":7}},"locations":[{"start":{"line":135,"column":39},"end":{"line":147,"column":7}}]},"47":{"type":"branch","line":153,"loc":{"start":{"line":153,"column":34},"end":{"line":181,"column":4}},"locations":[{"start":{"line":153,"column":34},"end":{"line":181,"column":4}}]},"48":{"type":"branch","line":156,"loc":{"start":{"line":156,"column":17},"end":{"line":157,"column":78}},"locations":[{"start":{"line":156,"column":17},"end":{"line":157,"column":78}}]},"49":{"type":"branch","line":157,"loc":{"start":{"line":157,"column":52},"end":{"line":157,"column":78}},"locations":[{"start":{"line":157,"column":52},"end":{"line":157,"column":78}}]},"50":{"type":"branch","line":157,"loc":{"start":{"line":157,"column":19},"end":{"line":157,"column":61}},"locations":[{"start":{"line":157,"column":19},"end":{"line":157,"column":61}}]},"51":{"type":"branch","line":160,"loc":{"start":{"line":160,"column":17},"end":{"line":161,"column":79}},"locations":[{"start":{"line":160,"column":17},"end":{"line":161,"column":79}}]},"52":{"type":"branch","line":161,"loc":{"start":{"line":161,"column":52},"end":{"line":161,"column":79}},"locations":[{"start":{"line":161,"column":52},"end":{"line":161,"column":79}}]},"53":{"type":"branch","line":161,"loc":{"start":{"line":161,"column":19},"end":{"line":161,"column":61}},"locations":[{"start":{"line":161,"column":19},"end":{"line":161,"column":61}}]},"54":{"type":"branch","line":164,"loc":{"start":{"line":164,"column":39},"end":{"line":177,"column":7}},"locations":[{"start":{"line":164,"column":39},"end":{"line":177,"column":7}}]}},"b":{"0":[82],"1":[2],"2":[2],"3":[1],"4":[2],"5":[2],"6":[1],"7":[2],"8":[1],"9":[2],"10":[4],"11":[4],"12":[4],"13":[2],"14":[4],"15":[2],"16":[1],"17":[0],"18":[1],"19":[1],"20":[2],"21":[3],"22":[2],"23":[3],"24":[3],"25":[2],"26":[3],"27":[2],"28":[1],"29":[0],"30":[1],"31":[1],"32":[1],"33":[2],"34":[3],"35":[2],"36":[1],"37":[3],"38":[1],"39":[1],"40":[2],"41":[1],"42":[3],"43":[2],"44":[1],"45":[3],"46":[1],"47":[1],"48":[2],"49":[1],"50":[3],"51":[2],"52":[1],"53":[3],"54":[1]},"fnMap":{"0":{"name":"useSetGameQueryData","decl":{"start":{"line":11,"column":28},"end":{"line":190,"column":2}},"loc":{"start":{"line":11,"column":28},"end":{"line":190,"column":2}},"line":11},"1":{"name":"addGameQueryData","decl":{"start":{"line":14,"column":27},"end":{"line":40,"column":4}},"loc":{"start":{"line":14,"column":27},"end":{"line":40,"column":4}},"line":14},"2":{"name":"predicate","decl":{"start":{"line":17,"column":17},"end":{"line":18,"column":78}},"loc":{"start":{"line":17,"column":17},"end":{"line":18,"column":78}},"line":17},"3":{"name":"predicate","decl":{"start":{"line":21,"column":17},"end":{"line":22,"column":79}},"loc":{"start":{"line":21,"column":17},"end":{"line":22,"column":79}},"line":21},"4":{"name":"editGameQueryData","decl":{"start":{"line":42,"column":28},"end":{"line":69,"column":4}},"loc":{"start":{"line":42,"column":28},"end":{"line":69,"column":4}},"line":42},"5":{"name":"predicate","decl":{"start":{"line":45,"column":17},"end":{"line":45,"column":78}},"loc":{"start":{"line":45,"column":17},"end":{"line":45,"column":78}},"line":45},"6":{"name":"predicate","decl":{"start":{"line":48,"column":17},"end":{"line":49,"column":79}},"loc":{"start":{"line":48,"column":17},"end":{"line":49,"column":79}},"line":48},"7":{"name":"deleteGameQueryData","decl":{"start":{"line":70,"column":30},"end":{"line":96,"column":4}},"loc":{"start":{"line":70,"column":30},"end":{"line":96,"column":4}},"line":70},"8":{"name":"predicate","decl":{"start":{"line":73,"column":17},"end":{"line":74,"column":78}},"loc":{"start":{"line":73,"column":17},"end":{"line":74,"column":78}},"line":73},"9":{"name":"predicate","decl":{"start":{"line":77,"column":17},"end":{"line":78,"column":79}},"loc":{"start":{"line":77,"column":17},"end":{"line":78,"column":79}},"line":77},"10":{"name":"addGameRuleQueryData","decl":{"start":{"line":97,"column":31},"end":{"line":122,"column":4}},"loc":{"start":{"line":97,"column":31},"end":{"line":122,"column":4}},"line":97},"11":{"name":"predicate","decl":{"start":{"line":101,"column":17},"end":{"line":101,"column":78}},"loc":{"start":{"line":101,"column":17},"end":{"line":101,"column":78}},"line":101},"12":{"name":"predicate","decl":{"start":{"line":104,"column":17},"end":{"line":105,"column":79}},"loc":{"start":{"line":104,"column":17},"end":{"line":105,"column":79}},"line":104},"13":{"name":"editGameRuleQueryData","decl":{"start":{"line":124,"column":32},"end":{"line":151,"column":4}},"loc":{"start":{"line":124,"column":32},"end":{"line":151,"column":4}},"line":124},"14":{"name":"predicate","decl":{"start":{"line":127,"column":17},"end":{"line":128,"column":78}},"loc":{"start":{"line":127,"column":17},"end":{"line":128,"column":78}},"line":127},"15":{"name":"predicate","decl":{"start":{"line":131,"column":17},"end":{"line":132,"column":79}},"loc":{"start":{"line":131,"column":17},"end":{"line":132,"column":79}},"line":131},"16":{"name":"deleteGameRuleQueryData","decl":{"start":{"line":153,"column":34},"end":{"line":181,"column":4}},"loc":{"start":{"line":153,"column":34},"end":{"line":181,"column":4}},"line":153},"17":{"name":"predicate","decl":{"start":{"line":156,"column":17},"end":{"line":157,"column":78}},"loc":{"start":{"line":156,"column":17},"end":{"line":157,"column":78}},"line":156},"18":{"name":"predicate","decl":{"start":{"line":160,"column":17},"end":{"line":161,"column":79}},"loc":{"start":{"line":160,"column":17},"end":{"line":161,"column":79}},"line":160}},"f":{"0":82,"1":2,"2":2,"3":2,"4":2,"5":4,"6":4,"7":2,"8":3,"9":3,"10":1,"11":2,"12":2,"13":1,"14":2,"15":2,"16":1,"17":2,"18":2}}
,"/Users/doxle/Desktop/fizzbuzz/frontend/src/lib/utils.ts": {"path":"/Users/doxle/Desktop/fizzbuzz/frontend/src/lib/utils.ts","all":false,"statementMap":{"0":{"start":{"line":1,"column":0},"end":{"line":1,"column":44}},"1":{"start":{"line":2,"column":0},"end":{"line":2,"column":40}},"2":{"start":{"line":3,"column":0},"end":{"line":3,"column":0}},"3":{"start":{"line":4,"column":0},"end":{"line":4,"column":45}},"4":{"start":{"line":5,"column":0},"end":{"line":5,"column":30}},"5":{"start":{"line":6,"column":0},"end":{"line":6,"column":1}}},"s":{"0":1,"1":1,"2":1,"3":1,"4":855,"5":855},"branchMap":{"0":{"type":"branch","line":4,"loc":{"start":{"line":4,"column":7},"end":{"line":6,"column":1}},"locations":[{"start":{"line":4,"column":7},"end":{"line":6,"column":1}}]}},"b":{"0":[855]},"fnMap":{"0":{"name":"cn","decl":{"start":{"line":4,"column":7},"end":{"line":6,"column":1}},"loc":{"start":{"line":4,"column":7},"end":{"line":6,"column":1}},"line":4}},"f":{"0":855}}
,"/Users/doxle/Desktop/fizzbuzz/frontend/src/stores/authStore.ts": {"path":"/Users/doxle/Desktop/fizzbuzz/frontend/src/stores/authStore.ts","all":false,"statementMap":{"0":{"start":{"line":1,"column":0},"end":{"line":1,"column":33}},"1":{"start":{"line":2,"column":0},"end":{"line":2,"column":61}},"2":{"start":{"line":3,"column":0},"end":{"line":3,"column":49}},"3":{"start":{"line":4,"column":0},"end":{"line":4,"column":73}},"4":{"start":{"line":5,"column":0},"end":{"line":5,"column":38}},"5":{"start":{"line":6,"column":0},"end":{"line":6,"column":47}},"6":{"start":{"line":7,"column":0},"end":{"line":7,"column":0}},"7":{"start":{"line":8,"column":0},"end":{"line":8,"column":26}},"8":{"start":{"line":9,"column":0},"end":{"line":9,"column":28}},"9":{"start":{"line":10,"column":0},"end":{"line":10,"column":47}},"10":{"start":{"line":11,"column":0},"end":{"line":11,"column":25}},"11":{"start":{"line":12,"column":0},"end":{"line":12,"column":2}},"12":{"start":{"line":13,"column":0},"end":{"line":13,"column":0}},"13":{"start":{"line":14,"column":0},"end":{"line":14,"column":50}},"14":{"start":{"line":15,"column":0},"end":{"line":15,"column":51}},"15":{"start":{"line":16,"column":0},"end":{"line":16,"column":22}},"16":{"start":{"line":17,"column":0},"end":{"line":17,"column":74}},"17":{"start":{"line":18,"column":0},"end":{"line":18,"column":40}},"18":{"start":{"line":19,"column":0},"end":{"line":19,"column":56}},"19":{"start":{"line":20,"column":0},"end":{"line":20,"column":4}},"20":{"start":{"line":21,"column":0},"end":{"line":21,"column":29}},"21":{"start":{"line":22,"column":0},"end":{"line":22,"column":94}},"22":{"start":{"line":23,"column":0},"end":{"line":23,"column":4}},"23":{"start":{"line":24,"column":0},"end":{"line":24,"column":25}},"24":{"start":{"line":25,"column":0},"end":{"line":25,"column":23}},"25":{"start":{"line":26,"column":0},"end":{"line":26,"column":4}},"26":{"start":{"line":27,"column":0},"end":{"line":27,"column":2}},"27":{"start":{"line":28,"column":0},"end":{"line":28,"column":0}},"28":{"start":{"line":29,"column":0},"end":{"line":29,"column":40}},"29":{"start":{"line":30,"column":0},"end":{"line":30,"column":35}},"30":{"start":{"line":31,"column":0},"end":{"line":31,"column":10}},"31":{"start":{"line":32,"column":0},"end":{"line":32,"column":33}},"32":{"start":{"line":33,"column":0},"end":{"line":33,"column":72}},"33":{"start":{"line":34,"column":0},"end":{"line":34,"column":31}},"34":{"start":{"line":35,"column":0},"end":{"line":35,"column":24}},"35":{"start":{"line":36,"column":0},"end":{"line":36,"column":35}},"36":{"start":{"line":37,"column":0},"end":{"line":37,"column":11}},"37":{"start":{"line":38,"column":0},"end":{"line":38,"column":25}},"38":{"start":{"line":39,"column":0},"end":{"line":39,"column":24}},"39":{"start":{"line":40,"column":0},"end":{"line":40,"column":35}},"40":{"start":{"line":41,"column":0},"end":{"line":41,"column":11}},"41":{"start":{"line":42,"column":0},"end":{"line":42,"column":44}},"42":{"start":{"line":43,"column":0},"end":{"line":43,"column":8}},"43":{"start":{"line":44,"column":0},"end":{"line":44,"column":8}},"44":{"start":{"line":45,"column":0},"end":{"line":45,"column":5}},"45":{"start":{"line":46,"column":0},"end":{"line":46,"column":61}},"46":{"start":{"line":47,"column":0},"end":{"line":47,"column":64}},"47":{"start":{"line":48,"column":0},"end":{"line":48,"column":5}},"48":{"start":{"line":49,"column":0},"end":{"line":49,"column":3}},"49":{"start":{"line":50,"column":0},"end":{"line":50,"column":2}}},"s":{"0":1,"1":1,"2":1,"3":1,"4":1,"5":1,"6":1,"7":1,"8":1,"9":1,"10":1,"11":1,"12":1,"13":1,"14":1,"15":1,"16":5,"17":5,"18":5,"19":5,"20":1,"21":0,"22":0,"23":1,"24":0,"25":0,"26":1,"27":1,"28":1,"29":1,"30":1,"31":1,"32":5,"33":5,"34":0,"35":0,"36":0,"37":5,"38":0,"39":0,"40":0,"41":0,"42":0,"43":5,"44":1,"45":1,"46":1,"47":1,"48":1,"49":1},"branchMap":{"0":{"type":"branch","line":16,"loc":{"start":{"line":16,"column":11},"end":{"line":20,"column":4}},"locations":[{"start":{"line":16,"column":11},"end":{"line":20,"column":4}}]},"1":{"type":"branch","line":17,"loc":{"start":{"line":17,"column":39},"end":{"line":17,"column":52}},"locations":[{"start":{"line":17,"column":39},"end":{"line":17,"column":52}}]},"2":{"type":"branch","line":19,"loc":{"start":{"line":19,"column":11},"end":{"line":19,"column":51}},"locations":[{"start":{"line":19,"column":11},"end":{"line":19,"column":51}}]},"3":{"type":"branch","line":32,"loc":{"start":{"line":32,"column":22},"end":{"line":44,"column":8}},"locations":[{"start":{"line":32,"column":22},"end":{"line":44,"column":8}}]}},"b":{"0":[5],"1":[0],"2":[0],"3":[5]},"fnMap":{"0":{"name":"getItem","decl":{"start":{"line":16,"column":11},"end":{"line":20,"column":4}},"loc":{"start":{"line":16,"column":11},"end":{"line":20,"column":4}},"line":16},"1":{"name":"setItem","decl":{"start":{"line":21,"column":11},"end":{"line":23,"column":4}},"loc":{"start":{"line":21,"column":11},"end":{"line":23,"column":4}},"line":21},"2":{"name":"removeItem","decl":{"start":{"line":24,"column":14},"end":{"line":26,"column":4}},"loc":{"start":{"line":24,"column":14},"end":{"line":26,"column":4}},"line":24},"3":{"name":"setCurrentUser","decl":{"start":{"line":34,"column":22},"end":{"line":37,"column":11}},"loc":{"start":{"line":34,"column":22},"end":{"line":37,"column":11}},"line":34},"4":{"name":"removeUser","decl":{"start":{"line":38,"column":18},"end":{"line":43,"column":8}},"loc":{"start":{"line":38,"column":18},"end":{"line":43,"column":8}},"line":38}},"f":{"0":5,"1":0,"2":0,"3":0,"4":0}}
,"/Users/doxle/Desktop/fizzbuzz/frontend/src/test_utils/testWrappers.tsx": {"path":"/Users/doxle/Desktop/fizzbuzz/frontend/src/test_utils/testWrappers.tsx","all":false,"statementMap":{"0":{"start":{"line":1,"column":0},"end":{"line":1,"column":73}},"1":{"start":{"line":2,"column":0},"end":{"line":2,"column":0}},"2":{"start":{"line":3,"column":0},"end":{"line":3,"column":67}},"3":{"start":{"line":4,"column":0},"end":{"line":4,"column":78}},"4":{"start":{"line":5,"column":0},"end":{"line":5,"column":75}},"5":{"start":{"line":6,"column":0},"end":{"line":6,"column":4}},"6":{"start":{"line":7,"column":0},"end":{"line":7,"column":0}},"7":{"start":{"line":8,"column":0},"end":{"line":8,"column":54}},"8":{"start":{"line":9,"column":0},"end":{"line":9,"column":27}},"9":{"start":{"line":10,"column":0},"end":{"line":10,"column":2}}},"s":{"0":1,"1":1,"2":1,"3":42,"4":42,"5":42,"6":42,"7":42,"8":42,"9":42},"branchMap":{"0":{"type":"branch","line":3,"loc":{"start":{"line":3,"column":39},"end":{"line":10,"column":2}},"locations":[{"start":{"line":3,"column":39},"end":{"line":10,"column":2}}]}},"b":{"0":[42]},"fnMap":{"0":{"name":"createReactQueryWrapper","decl":{"start":{"line":3,"column":39},"end":{"line":10,"column":2}},"loc":{"start":{"line":3,"column":39},"end":{"line":10,"column":2}},"line":3}},"f":{"0":42}}
,"/Users/doxle/Desktop/fizzbuzz/frontend/src/utils/cookies.ts": {"path":"/Users/doxle/Desktop/fizzbuzz/frontend/src/utils/cookies.ts","all":false,"statementMap":{"0":{"start":{"line":1,"column":0},"end":{"line":1,"column":26}},"1":{"start":{"line":2,"column":0},"end":{"line":2,"column":31}},"2":{"start":{"line":3,"column":0},"end":{"line":3,"column":1}}},"s":{"0":1,"1":1,"2":1},"branchMap":{},"b":{},"fnMap":{},"f":{}}
,"/Users/doxle/Desktop/fizzbuzz/frontend/src/utils/helperFncs.ts": {"path":"/Users/doxle/Desktop/fizzbuzz/frontend/src/utils/helperFncs.ts","all":false,"statementMap":{"0":{"start":{"line":1,"column":0},"end":{"line":1,"column":31}},"1":{"start":{"line":2,"column":0},"end":{"line":2,"column":0}},"2":{"start":{"line":3,"column":0},"end":{"line":3,"column":70}},"3":{"start":{"line":4,"column":0},"end":{"line":4,"column":23}},"4":{"start":{"line":5,"column":0},"end":{"line":5,"column":23}},"5":{"start":{"line":6,"column":0},"end":{"line":6,"column":43}},"6":{"start":{"line":7,"column":0},"end":{"line":7,"column":6}},"7":{"start":{"line":8,"column":0},"end":{"line":8,"column":33}},"8":{"start":{"line":9,"column":0},"end":{"line":9,"column":2}},"9":{"start":{"line":10,"column":0},"end":{"line":10,"column":54}},"10":{"start":{"line":11,"column":0},"end":{"line":11,"column":68}},"11":{"start":{"line":12,"column":0},"end":{"line":12,"column":8}},"12":{"start":{"line":13,"column":0},"end":{"line":13,"column":18}},"13":{"start":{"line":14,"column":0},"end":{"line":14,"column":28}},"14":{"start":{"line":15,"column":0},"end":{"line":15,"column":31}},"15":{"start":{"line":16,"column":0},"end":{"line":16,"column":21}},"16":{"start":{"line":17,"column":0},"end":{"line":17,"column":70}},"17":{"start":{"line":18,"column":0},"end":{"line":18,"column":5}},"18":{"start":{"line":19,"column":0},"end":{"line":19,"column":18}},"19":{"start":{"line":20,"column":0},"end":{"line":20,"column":2}}},"s":{"0":1,"1":1,"2":1,"3":10,"4":10,"5":20,"6":20,"7":10,"8":10,"9":1,"10":1,"11":11,"12":11,"13":11,"14":11,"15":11,"16":26,"17":11,"18":11,"19":11},"branchMap":{"0":{"type":"branch","line":3,"loc":{"start":{"line":3,"column":26},"end":{"line":9,"column":2}},"locations":[{"start":{"line":3,"column":26},"end":{"line":9,"column":2}}]},"1":{"type":"branch","line":4,"loc":{"start":{"line":4,"column":10},"end":{"line":4,"column":22}},"locations":[{"start":{"line":4,"column":10},"end":{"line":4,"column":22}}]},"2":{"type":"branch","line":5,"loc":{"start":{"line":5,"column":12},"end":{"line":7,"column":6}},"locations":[{"start":{"line":5,"column":12},"end":{"line":7,"column":6}}]},"3":{"type":"branch","line":8,"loc":{"start":{"line":8,"column":9},"end":{"line":8,"column":31}},"locations":[{"start":{"line":8,"column":9},"end":{"line":8,"column":31}}]},"4":{"type":"branch","line":11,"loc":{"start":{"line":11,"column":32},"end":{"line":20,"column":2}},"locations":[{"start":{"line":11,"column":32},"end":{"line":20,"column":2}}]},"5":{"type":"branch","line":16,"loc":{"start":{"line":16,"column":6},"end":{"line":17,"column":70}},"locations":[{"start":{"line":16,"column":6},"end":{"line":17,"column":70}}]},"6":{"type":"branch","line":17,"loc":{"start":{"line":17,"column":26},"end":{"line":17,"column":58}},"locations":[{"start":{"line":17,"column":26},"end":{"line":17,"column":58}}]},"7":{"type":"branch","line":17,"loc":{"start":{"line":17,"column":50},"end":{"line":17,"column":70}},"locations":[{"start":{"line":17,"column":50},"end":{"line":17,"column":70}}]}},"b":{"0":[10],"1":[0],"2":[20],"3":[8],"4":[11],"5":[26],"6":[23],"7":[23]},"fnMap":{"0":{"name":"findErrors","decl":{"start":{"line":3,"column":26},"end":{"line":9,"column":2}},"loc":{"start":{"line":3,"column":26},"end":{"line":9,"column":2}},"line":3},"1":{"name":"removeFalsyProps","decl":{"start":{"line":11,"column":32},"end":{"line":20,"column":2}},"loc":{"start":{"line":11,"column":32},"end":{"line":20,"column":2}},"line":11}},"f":{"0":10,"1":11}}
}
