TN:
SF:src/RoutePaths.ts
FNF:0
FNH:0
DA:1,1
DA:2,1
DA:3,1
DA:4,1
DA:5,1
DA:6,1
DA:7,1
DA:8,1
DA:9,1
DA:10,1
DA:11,1
DA:12,1
DA:13,1
DA:14,1
DA:15,1
DA:16,1
DA:17,1
LF:17
LH:17
BRF:0
BRH:0
end_of_record
TN:
SF:src/baseAddress.ts
FNF:0
FNH:0
DA:1,1
DA:2,1
DA:3,1
DA:4,1
DA:5,0
LF:5
LH:4
BRDA:4,0,0,0
BRF:1
BRH:0
end_of_record
TN:
SF:src/Providers/GamePlayProvider.tsx
FN:32,GamePlayProvider
FN:45,onSuccessCreateGameAttempt
FN:49,onErrorCreateGameAttempt
FN:52,onSuccessGenerateQuestion
FN:56,onErrorGenerateQuestion
FN:60,resetGamePlay
FN:105,useGamePlayContext
FNF:7
FNH:5
FNDA:14,GamePlayProvider
FNDA:4,onSuccessCreateGameAttempt
FNDA:0,onErrorCreateGameAttempt
FNDA:4,onSuccessGenerateQuestion
FNDA:0,onErrorGenerateQuestion
FNDA:1,resetGamePlay
FNDA:27,useGamePlayContext
DA:1,1
DA:2,1
DA:3,1
DA:4,1
DA:5,1
DA:6,1
DA:7,1
DA:8,1
DA:9,1
DA:10,1
DA:11,1
DA:12,1
DA:13,1
DA:14,1
DA:15,1
DA:16,1
DA:17,1
DA:18,1
DA:19,1
DA:20,1
DA:21,1
DA:22,1
DA:23,1
DA:24,1
DA:25,1
DA:26,1
DA:27,1
DA:28,1
DA:29,1
DA:30,1
DA:31,1
DA:32,1
DA:33,14
DA:34,14
DA:35,14
DA:36,14
DA:37,14
DA:38,14
DA:39,14
DA:40,14
DA:41,14
DA:42,14
DA:43,14
DA:44,14
DA:45,14
DA:46,4
DA:47,4
DA:48,4
DA:49,14
DA:50,0
DA:51,0
DA:52,14
DA:53,4
DA:54,4
DA:55,4
DA:56,14
DA:57,0
DA:58,0
DA:59,14
DA:60,14
DA:61,1
DA:62,1
DA:63,1
DA:64,1
DA:65,14
DA:66,14
DA:67,14
DA:68,14
DA:69,9
DA:70,9
DA:71,9
DA:72,9
DA:73,4
DA:74,9
DA:75,9
DA:76,4
DA:77,4
DA:78,4
DA:79,4
DA:80,4
DA:81,4
DA:82,14
DA:83,14
DA:84,14
DA:85,14
DA:86,12
DA:87,12
DA:88,12
DA:89,12
DA:90,12
DA:91,12
DA:92,12
DA:93,12
DA:94,14
DA:95,14
DA:96,14
DA:97,14
DA:98,14
DA:99,14
DA:100,14
DA:101,14
DA:102,1
DA:103,1
DA:104,1
DA:105,1
DA:106,27
DA:107,27
DA:108,0
DA:109,0
DA:110,27
DA:111,27
LF:111
LH:105
BRDA:32,0,0,14
BRDA:45,1,0,4
BRDA:52,2,0,4
BRDA:60,3,0,1
BRDA:68,4,0,9
BRDA:70,5,0,5
BRDA:71,6,0,4
BRDA:72,7,0,4
BRDA:75,8,0,5
BRDA:75,9,0,4
BRDA:85,10,0,12
BRDA:105,11,0,27
BRDA:107,12,0,0
BRF:13
BRH:12
end_of_record
TN:
SF:src/Providers/GameProvider.tsx
FN:25,GameProvider
FN:77,useGameContext
FNF:2
FNH:2
FNDA:39,GameProvider
FNDA:103,useGameContext
DA:1,1
DA:2,1
DA:3,1
DA:4,1
DA:5,1
DA:6,1
DA:7,1
DA:8,1
DA:9,1
DA:10,1
DA:11,1
DA:12,1
DA:13,1
DA:14,1
DA:15,1
DA:16,1
DA:17,1
DA:18,1
DA:19,1
DA:20,1
DA:21,1
DA:22,1
DA:23,1
DA:24,1
DA:25,1
DA:26,39
DA:27,39
DA:28,39
DA:29,39
DA:30,39
DA:31,39
DA:32,39
DA:33,39
DA:34,39
DA:35,39
DA:36,39
DA:37,39
DA:38,39
DA:39,39
DA:40,39
DA:41,1
DA:42,1
DA:43,1
DA:44,1
DA:45,1
DA:46,1
DA:47,1
DA:48,39
DA:49,39
DA:50,39
DA:51,39
DA:52,39
DA:53,39
DA:54,39
DA:55,39
DA:56,39
DA:57,39
DA:58,39
DA:59,39
DA:60,39
DA:61,39
DA:62,39
DA:63,39
DA:64,18
DA:65,18
DA:66,0
DA:67,0
DA:68,0
DA:69,18
DA:70,39
DA:71,39
DA:72,39
DA:73,39
DA:74,39
DA:75,39
DA:76,1
DA:77,1
DA:78,103
DA:79,103
DA:80,0
DA:81,0
DA:82,103
DA:83,103
DA:84,1
LF:84
LH:79
BRDA:25,0,0,39
BRDA:32,1,0,0
BRDA:27,2,0,39
BRDA:40,3,0,1
BRDA:44,4,0,0
BRDA:52,5,0,39
BRDA:63,6,0,18
BRDA:65,7,0,0
BRDA:77,8,0,103
BRDA:79,9,0,0
BRF:10
BRH:6
end_of_record
TN:
SF:src/apis/auth.ts
FN:6,loginApi
FN:24,registerApi
FNF:2
FNH:2
FNDA:4,loginApi
FNDA:2,registerApi
DA:1,1
DA:2,1
DA:3,1
DA:4,1
DA:5,1
DA:6,1
DA:7,4
DA:8,4
DA:9,4
DA:10,4
DA:11,2
DA:12,2
DA:13,2
DA:14,2
DA:15,2
DA:16,2
DA:17,2
DA:18,2
DA:19,0
DA:20,0
DA:21,0
DA:22,4
DA:23,1
DA:24,1
DA:25,2
DA:26,2
DA:27,1
DA:28,1
DA:29,1
DA:30,1
DA:31,1
DA:32,1
DA:33,1
DA:34,0
DA:35,0
DA:36,0
DA:37,2
LF:37
LH:31
BRDA:6,0,0,4
BRDA:10,1,0,2
BRDA:18,2,0,0
BRDA:24,3,0,2
BRDA:26,4,0,1
BRDA:33,5,0,0
BRF:6
BRH:4
end_of_record
TN:
SF:src/apis/game.ts
FN:13,getGameListApi
FN:31,addGameApi
FN:46,getGameDetailApi
FN:61,editGameApi
FN:79,deleteGameApi
FNF:5
FNH:5
FNDA:17,getGameListApi
FNDA:4,addGameApi
FNDA:11,getGameDetailApi
FNDA:4,editGameApi
FNDA:3,deleteGameApi
DA:1,1
DA:2,1
DA:3,1
DA:4,1
DA:5,1
DA:6,1
DA:7,1
DA:8,1
DA:9,1
DA:10,1
DA:11,1
DA:12,1
DA:13,1
DA:14,17
DA:15,17
DA:16,17
DA:17,17
DA:18,16
DA:19,16
DA:20,17
DA:21,1
DA:22,1
DA:23,1
DA:24,1
DA:25,1
DA:26,0
DA:27,0
DA:28,0
DA:29,17
DA:30,1
DA:31,1
DA:32,4
DA:33,4
DA:34,2
DA:35,2
DA:36,2
DA:37,2
DA:38,2
DA:39,2
DA:40,2
DA:41,0
DA:42,0
DA:43,0
DA:44,4
DA:45,1
DA:46,1
DA:47,11
DA:48,11
DA:49,10
DA:50,11
DA:51,1
DA:52,1
DA:53,1
DA:54,1
DA:55,1
DA:56,0
DA:57,0
DA:58,0
DA:59,11
DA:60,1
DA:61,1
DA:62,4
DA:63,4
DA:64,4
DA:65,4
DA:66,4
DA:67,2
DA:68,2
DA:69,2
DA:70,2
DA:71,2
DA:72,2
DA:73,2
DA:74,2
DA:75,0
DA:76,0
DA:77,0
DA:78,4
DA:79,1
DA:80,3
DA:81,3
DA:82,2
DA:83,2
DA:84,1
DA:85,1
DA:86,1
DA:87,1
DA:88,1
DA:89,0
DA:90,0
DA:91,0
DA:92,3
LF:92
LH:77
BRDA:13,0,0,17
BRDA:16,1,0,6
BRDA:17,2,0,16
BRDA:20,3,0,1
BRDA:25,4,0,0
BRDA:31,5,0,4
BRDA:33,6,0,2
BRDA:40,7,0,0
BRDA:46,8,0,11
BRDA:48,9,0,10
BRDA:50,10,0,1
BRDA:55,11,0,0
BRDA:61,12,0,4
BRDA:66,13,0,2
BRDA:74,14,0,0
BRDA:79,15,0,3
BRDA:81,16,0,2
BRDA:83,17,0,1
BRDA:88,18,0,0
BRF:19
BRH:14
end_of_record
TN:
SF:src/apis/gameAttempt.ts
FN:11,getGameAttemptApi
FN:28,createGameAttemptApi
FN:46,generateGameQuestionApi
FN:63,checkAnswerApi
FNF:4
FNH:4
FNDA:5,getGameAttemptApi
FNDA:6,createGameAttemptApi
FNDA:6,generateGameQuestionApi
FNDA:6,checkAnswerApi
DA:1,1
DA:2,1
DA:3,1
DA:4,1
DA:5,1
DA:6,1
DA:7,1
DA:8,1
DA:9,1
DA:10,1
DA:11,1
DA:12,5
DA:13,5
DA:14,5
DA:15,3
DA:16,3
DA:17,4
DA:18,2
DA:19,2
DA:20,2
DA:21,2
DA:22,2
DA:23,0
DA:24,0
DA:25,0
DA:26,5
DA:27,1
DA:28,1
DA:29,6
DA:30,6
DA:31,6
DA:32,6
DA:33,5
DA:34,5
DA:35,5
DA:36,1
DA:37,1
DA:38,1
DA:39,1
DA:40,1
DA:41,0
DA:42,0
DA:43,0
DA:44,6
DA:45,1
DA:46,1
DA:47,6
DA:48,6
DA:49,6
DA:50,5
DA:51,5
DA:52,5
DA:53,1
DA:54,1
DA:55,1
DA:56,1
DA:57,1
DA:58,0
DA:59,0
DA:60,0
DA:61,6
DA:62,1
DA:63,1
DA:64,6
DA:65,6
DA:66,6
DA:67,6
DA:68,4
DA:69,4
DA:70,5
DA:71,2
DA:72,2
DA:73,2
DA:74,2
DA:75,2
DA:76,0
DA:77,0
DA:78,0
DA:79,6
LF:79
LH:67
BRDA:11,0,0,5
BRDA:15,1,0,4
BRDA:15,2,0,3
BRDA:17,3,0,2
BRDA:22,4,0,0
BRDA:28,5,0,6
BRDA:32,6,0,5
BRDA:35,7,0,1
BRDA:40,8,0,0
BRDA:46,9,0,6
BRDA:50,10,0,5
BRDA:52,11,0,1
BRDA:57,12,0,0
BRDA:63,13,0,6
BRDA:67,14,0,5
BRDA:67,15,0,4
BRDA:70,16,0,2
BRDA:75,17,0,0
BRF:18
BRH:14
end_of_record
TN:
SF:src/apis/gameRule.ts
FN:12,editGameRuleApi
FN:32,addGameRuleApi
FN:51,deleteGameRuleApi
FNF:3
FNH:3
FNDA:4,editGameRuleApi
FNDA:4,addGameRuleApi
FNDA:4,deleteGameRuleApi
DA:1,1
DA:2,1
DA:3,1
DA:4,1
DA:5,1
DA:6,1
DA:7,1
DA:8,1
DA:9,1
DA:10,1
DA:11,1
DA:12,1
DA:13,4
DA:14,4
DA:15,4
DA:16,4
DA:17,4
DA:18,2
DA:19,2
DA:20,2
DA:21,2
DA:22,2
DA:23,2
DA:24,2
DA:25,2
DA:26,2
DA:27,0
DA:28,0
DA:29,0
DA:30,4
DA:31,1
DA:32,1
DA:33,4
DA:34,4
DA:35,4
DA:36,4
DA:37,2
DA:38,2
DA:39,2
DA:40,2
DA:41,2
DA:42,2
DA:43,2
DA:44,2
DA:45,2
DA:46,0
DA:47,0
DA:48,0
DA:49,4
DA:50,1
DA:51,1
DA:52,4
DA:53,4
DA:54,2
DA:55,2
DA:56,2
DA:57,2
DA:58,2
DA:59,2
DA:60,0
DA:61,0
DA:62,0
DA:63,4
LF:63
LH:54
BRDA:12,0,0,4
BRDA:17,1,0,2
BRDA:26,2,0,0
BRDA:32,3,0,4
BRDA:36,4,0,2
BRDA:45,5,0,0
BRDA:51,6,0,4
BRDA:53,7,0,2
BRDA:59,8,0,0
BRF:9
BRH:6
end_of_record
TN:
SF:src/app/(auth)/login/page.tsx
FN:12,Login
FNF:1
FNH:1
FNDA:1,Login
DA:1,1
DA:2,1
DA:3,1
DA:4,1
DA:5,1
DA:6,1
DA:7,1
DA:8,1
DA:9,1
DA:10,1
DA:11,1
DA:12,1
DA:13,1
DA:14,1
DA:15,1
DA:16,1
DA:17,1
DA:18,1
DA:19,1
DA:20,1
DA:21,1
DA:22,1
DA:23,1
DA:24,1
DA:25,1
DA:26,1
DA:27,1
DA:28,1
DA:29,1
DA:30,1
DA:31,1
DA:32,1
DA:33,1
DA:34,1
DA:35,1
DA:36,1
LF:36
LH:36
BRDA:12,0,0,1
BRF:1
BRH:1
end_of_record
TN:
SF:src/app/(auth)/register/page.tsx
FN:12,Register
FNF:1
FNH:1
FNDA:1,Register
DA:1,1
DA:2,1
DA:3,1
DA:4,1
DA:5,1
DA:6,1
DA:7,1
DA:8,1
DA:9,1
DA:10,1
DA:11,1
DA:12,1
DA:13,1
DA:14,1
DA:15,1
DA:16,1
DA:17,1
DA:18,1
DA:19,1
DA:20,1
DA:21,1
DA:22,1
DA:23,1
DA:24,1
DA:25,1
DA:26,1
DA:27,1
DA:28,1
DA:29,1
DA:30,1
DA:31,1
DA:32,1
DA:33,1
DA:34,1
LF:34
LH:34
BRDA:12,0,0,1
BRF:1
BRH:1
end_of_record
TN:
SF:src/app/game/page.tsx
FN:15,GameList
FN:19,onSuccessDeleteGame
FN:50,onOpenChange
FN:60,onClick
FN:67,onClick
FNF:5
FNH:4
FNDA:7,GameList
FNDA:1,onSuccessDeleteGame
FNDA:0,onOpenChange
FNDA:1,onClick
FNDA:1,onClick
DA:1,1
DA:2,1
DA:3,1
DA:4,1
DA:5,1
DA:6,1
DA:7,1
DA:8,1
DA:9,1
DA:10,1
DA:11,1
DA:12,1
DA:13,1
DA:14,1
DA:15,1
DA:16,7
DA:17,7
DA:18,7
DA:19,7
DA:20,1
DA:21,1
DA:22,1
DA:23,7
DA:24,7
DA:25,7
DA:26,7
DA:27,7
DA:28,7
DA:29,7
DA:30,7
DA:31,7
DA:32,7
DA:33,7
DA:34,7
DA:35,7
DA:36,7
DA:37,7
DA:38,7
DA:39,7
DA:40,7
DA:41,7
DA:42,7
DA:43,7
DA:44,7
DA:45,7
DA:46,7
DA:47,7
DA:48,7
DA:49,7
DA:50,7
DA:51,0
DA:52,0
DA:53,7
DA:54,7
DA:55,7
DA:56,7
DA:57,7
DA:58,7
DA:59,7
DA:60,7
DA:61,7
DA:62,7
DA:63,7
DA:64,7
DA:65,7
DA:66,7
DA:67,7
DA:68,7
DA:69,7
DA:70,7
DA:71,7
DA:72,7
DA:73,7
DA:74,7
DA:75,7
DA:76,7
DA:77,7
DA:78,1
DA:79,1
LF:79
LH:77
BRDA:15,0,0,7
BRDA:54,1,0,2
BRDA:70,2,0,0
BRDA:19,3,0,1
BRDA:60,4,0,1
BRDA:67,5,0,1
BRDA:67,6,0,0
BRF:7
BRH:5
end_of_record
TN:
SF:src/app/game/[gameId]/page.tsx
FN:25,EditGame
FN:36,onSuccessGetGameDetail
FN:43,onSuccessEditGame
FN:47,onErrorEditGame
FN:54,handleEditGame
FN:81,onKeyDown
FN:89,onGameDetailsInputChange
FN:124,onChange
FN:134,onChange
FN:139,onInput
FN:151,onChange
FN:156,onInput
FN:169,onClick
FNF:13
FNH:8
FNDA:21,EditGame
FNDA:5,onSuccessGetGameDetail
FNDA:1,onSuccessEditGame
FNDA:1,onErrorEditGame
FNDA:3,handleEditGame
FNDA:0,onKeyDown
FNDA:3,onGameDetailsInputChange
FNDA:3,onChange
FNDA:0,onChange
FNDA:0,onInput
FNDA:0,onChange
FNDA:0,onInput
FNDA:1,onClick
DA:1,1
DA:2,1
DA:3,1
DA:4,1
DA:5,1
DA:6,1
DA:7,1
DA:8,1
DA:9,1
DA:10,1
DA:11,1
DA:12,1
DA:13,1
DA:14,1
DA:15,1
DA:16,1
DA:17,1
DA:18,1
DA:19,1
DA:20,1
DA:21,1
DA:22,1
DA:23,1
DA:24,1
DA:25,1
DA:26,21
DA:27,21
DA:28,21
DA:29,21
DA:30,21
DA:31,21
DA:32,21
DA:33,21
DA:34,21
DA:35,21
DA:36,21
DA:37,5
DA:38,5
DA:39,21
DA:40,21
DA:41,21
DA:42,21
DA:43,21
DA:44,1
DA:45,1
DA:46,1
DA:47,21
DA:48,1
DA:49,1
DA:50,1
DA:51,1
DA:52,1
DA:53,21
DA:54,21
DA:55,3
DA:56,3
DA:57,3
DA:58,3
DA:59,3
DA:60,3
DA:61,3
DA:62,3
DA:63,3
DA:64,3
DA:65,1
DA:66,1
DA:67,1
DA:68,1
DA:69,1
DA:70,1
DA:71,1
DA:72,1
DA:73,2
DA:74,2
DA:75,2
DA:76,2
DA:77,2
DA:78,2
DA:79,2
DA:80,2
DA:81,21
DA:82,0
DA:83,0
DA:84,0
DA:85,0
DA:86,0
DA:87,0
DA:88,21
DA:89,21
DA:90,3
DA:91,3
DA:92,3
DA:93,3
DA:94,3
DA:95,3
DA:96,3
DA:97,3
DA:98,3
DA:99,0
DA:100,0
DA:101,0
DA:102,0
DA:103,3
DA:104,3
DA:105,3
DA:106,21
DA:107,21
DA:108,21
DA:109,21
DA:110,21
DA:111,21
DA:112,21
DA:113,21
DA:114,21
DA:115,21
DA:116,21
DA:117,21
DA:118,21
DA:119,21
DA:120,21
DA:121,21
DA:122,21
DA:123,21
DA:124,21
DA:125,21
DA:126,21
DA:127,21
DA:128,21
DA:129,21
DA:130,21
DA:131,21
DA:132,21
DA:133,21
DA:134,21
DA:135,21
DA:136,21
DA:137,21
DA:138,21
DA:139,21
DA:140,0
DA:141,0
DA:142,21
DA:143,21
DA:144,21
DA:145,21
DA:146,21
DA:147,21
DA:148,21
DA:149,21
DA:150,21
DA:151,21
DA:152,21
DA:153,21
DA:154,21
DA:155,21
DA:156,21
DA:157,0
DA:158,0
DA:159,21
DA:160,21
DA:161,21
DA:162,21
DA:163,21
DA:164,21
DA:165,21
DA:166,21
DA:167,21
DA:168,21
DA:169,21
DA:170,1
DA:171,1
DA:172,1
DA:173,1
DA:174,21
DA:175,21
DA:176,21
DA:177,21
DA:178,21
DA:179,21
DA:180,21
DA:181,21
DA:182,21
DA:183,21
DA:184,21
DA:185,21
DA:186,21
DA:187,21
DA:188,21
DA:189,21
DA:190,21
DA:191,1
DA:192,1
LF:192
LH:178
BRDA:25,0,0,21
BRDA:123,1,0,0
BRDA:133,2,0,16
BRDA:133,3,0,0
BRDA:150,4,0,16
BRDA:150,5,0,0
BRDA:36,6,0,5
BRDA:43,7,0,1
BRDA:47,8,0,1
BRDA:54,9,0,3
BRDA:57,10,0,0
BRDA:64,11,0,1
BRDA:72,12,0,2
BRDA:89,13,0,3
BRDA:94,14,0,3
BRDA:95,15,0,0
BRDA:98,16,0,0
BRDA:124,17,0,3
BRDA:169,18,0,1
BRF:19
BRH:13
end_of_record
TN:
SF:src/app/game/[gameId]/[attemptId]/page.tsx
FN:9,GameResult
FN:14,onErrorGetGameAttempt
FN:56,onClick
FNF:3
FNH:3
FNDA:6,GameResult
FNDA:1,onErrorGetGameAttempt
FNDA:1,onClick
DA:1,1
DA:2,1
DA:3,1
DA:4,1
DA:5,1
DA:6,1
DA:7,1
DA:8,1
DA:9,1
DA:10,6
DA:11,6
DA:12,6
DA:13,6
DA:14,6
DA:15,1
DA:16,1
DA:17,1
DA:18,1
DA:19,1
DA:20,6
DA:21,6
DA:22,6
DA:23,6
DA:24,6
DA:25,6
DA:26,6
DA:27,6
DA:28,6
DA:29,6
DA:30,6
DA:31,6
DA:32,6
DA:33,6
DA:34,6
DA:35,6
DA:36,6
DA:37,6
DA:38,6
DA:39,6
DA:40,6
DA:41,6
DA:42,6
DA:43,6
DA:44,6
DA:45,6
DA:46,6
DA:47,6
DA:48,6
DA:49,6
DA:50,6
DA:51,6
DA:52,6
DA:53,6
DA:54,6
DA:55,6
DA:56,6
DA:57,6
DA:58,6
DA:59,6
DA:60,6
DA:61,6
DA:62,6
DA:63,1
DA:64,1
LF:64
LH:64
BRDA:9,0,0,6
BRDA:24,1,0,3
BRDA:14,2,0,1
BRDA:39,3,0,4
BRDA:45,4,0,4
BRDA:56,5,0,1
BRF:6
BRH:6
end_of_record
TN:
SF:src/app/game/[gameId]/play/page.tsx
FN:11,PlayGame
FN:17,onErrorGetGameDetail
FNF:2
FNH:2
FNDA:10,PlayGame
FNDA:1,onErrorGetGameDetail
DA:1,1
DA:2,1
DA:3,1
DA:4,1
DA:5,1
DA:6,1
DA:7,1
DA:8,1
DA:9,1
DA:10,1
DA:11,1
DA:12,10
DA:13,10
DA:14,10
DA:15,10
DA:16,10
DA:17,10
DA:18,1
DA:19,1
DA:20,1
DA:21,1
DA:22,1
DA:23,10
DA:24,10
DA:25,10
DA:26,10
DA:27,10
DA:28,10
DA:29,10
DA:30,10
DA:31,10
DA:32,10
DA:33,10
DA:34,10
DA:35,10
DA:36,10
DA:37,10
DA:38,10
DA:39,10
DA:40,10
DA:41,10
DA:42,1
DA:43,1
LF:43
LH:43
BRDA:11,0,0,10
BRDA:27,1,0,5
BRDA:17,2,0,1
BRF:3
BRH:3
end_of_record
TN:
SF:src/app/game/create/page.tsx
FN:23,AddGame
FN:34,onSuccessAddGame
FN:39,onErrorAddGame
FN:43,handlePayloadChange
FN:56,handleAddGame
FN:91,onChange
FN:99,onChange
FN:104,onInput
FN:114,onChange
FN:119,onInput
FN:131,onClick
FNF:11
FNH:9
FNDA:26,AddGame
FNDA:1,onSuccessAddGame
FNDA:1,onErrorAddGame
FNDA:11,handlePayloadChange
FNDA:4,handleAddGame
FNDA:3,onChange
FNDA:4,onChange
FNDA:0,onInput
FNDA:4,onChange
FNDA:0,onInput
FNDA:1,onClick
DA:1,1
DA:2,1
DA:3,1
DA:4,1
DA:5,1
DA:6,1
DA:7,1
DA:8,1
DA:9,1
DA:10,1
DA:11,1
DA:12,1
DA:13,1
DA:14,1
DA:15,1
DA:16,1
DA:17,1
DA:18,1
DA:19,1
DA:20,1
DA:21,1
DA:22,1
DA:23,1
DA:24,26
DA:25,26
DA:26,26
DA:27,26
DA:28,26
DA:29,26
DA:30,26
DA:31,26
DA:32,26
DA:33,26
DA:34,26
DA:35,1
DA:36,1
DA:37,1
DA:38,1
DA:39,26
DA:40,1
DA:41,26
DA:42,26
DA:43,26
DA:44,11
DA:45,11
DA:46,11
DA:47,11
DA:48,11
DA:49,11
DA:50,11
DA:51,3
DA:52,11
DA:53,11
DA:54,11
DA:55,26
DA:56,26
DA:57,4
DA:58,4
DA:59,4
DA:60,4
DA:61,4
DA:62,4
DA:63,1
DA:64,1
DA:65,1
DA:66,1
DA:67,1
DA:68,1
DA:69,1
DA:70,1
DA:71,4
DA:72,1
DA:73,1
DA:74,1
DA:75,1
DA:76,1
DA:77,1
DA:78,2
DA:79,2
DA:80,2
DA:81,26
DA:82,26
DA:83,26
DA:84,26
DA:85,26
DA:86,26
DA:87,26
DA:88,26
DA:89,26
DA:90,26
DA:91,26
DA:92,26
DA:93,26
DA:94,26
DA:95,26
DA:96,26
DA:97,26
DA:98,26
DA:99,26
DA:100,26
DA:101,26
DA:102,26
DA:103,26
DA:104,26
DA:105,0
DA:106,0
DA:107,26
DA:108,26
DA:109,26
DA:110,26
DA:111,26
DA:112,26
DA:113,26
DA:114,26
DA:115,26
DA:116,26
DA:117,26
DA:118,26
DA:119,26
DA:120,0
DA:121,0
DA:122,26
DA:123,26
DA:124,26
DA:125,26
DA:126,26
DA:127,26
DA:128,26
DA:129,26
DA:130,26
DA:131,26
DA:132,26
DA:133,26
DA:134,26
DA:135,26
DA:136,26
DA:137,26
DA:138,26
DA:139,26
DA:140,26
DA:141,26
DA:142,26
DA:143,26
DA:144,26
DA:145,26
DA:146,26
DA:147,1
DA:148,1
LF:148
LH:144
BRDA:23,0,0,26
BRDA:34,1,0,1
BRDA:39,2,0,1
BRDA:43,3,0,11
BRDA:48,4,0,11
BRDA:49,5,0,7
BRDA:50,6,0,8
BRDA:50,7,0,3
BRDA:56,8,0,4
BRDA:62,9,0,1
BRDA:70,10,0,3
BRDA:71,11,0,1
BRDA:77,12,0,2
BRDA:91,13,0,3
BRDA:99,14,0,4
BRDA:114,15,0,4
BRDA:131,16,0,1
BRF:17
BRH:17
end_of_record
TN:
SF:src/components/ConfirmDialog.tsx
FN:18,ConfirmDialog
FNF:1
FNH:1
FNDA:7,ConfirmDialog
DA:1,1
DA:2,1
DA:3,1
DA:4,1
DA:5,1
DA:6,1
DA:7,1
DA:8,1
DA:9,1
DA:10,1
DA:11,1
DA:12,1
DA:13,1
DA:14,1
DA:15,1
DA:16,1
DA:17,1
DA:18,1
DA:19,7
DA:20,7
DA:21,7
DA:22,7
DA:23,7
DA:24,7
DA:25,7
DA:26,7
DA:27,7
DA:28,7
DA:29,7
DA:30,7
DA:31,7
DA:32,7
DA:33,7
DA:34,7
DA:35,7
DA:36,7
DA:37,7
DA:38,1
DA:39,1
LF:39
LH:39
BRDA:18,0,0,7
BRDA:28,1,0,0
BRDA:30,2,0,0
BRF:3
BRH:1
end_of_record
TN:
SF:src/components/LoaderOverlay.tsx
FN:8,LoaderOverlay
FNF:1
FNH:1
FNDA:13,LoaderOverlay
DA:1,1
DA:2,1
DA:3,1
DA:4,1
DA:5,1
DA:6,1
DA:7,1
DA:8,1
DA:9,13
DA:10,13
DA:11,13
DA:12,13
DA:13,13
DA:14,13
DA:15,13
DA:16,13
DA:17,13
DA:18,13
DA:19,13
DA:20,13
DA:21,13
DA:22,13
DA:23,13
DA:24,13
DA:25,13
DA:26,13
DA:27,13
DA:28,13
DA:29,13
DA:30,13
DA:31,13
DA:32,13
DA:33,1
DA:34,1
LF:34
LH:34
BRDA:8,0,0,13
BRF:1
BRH:1
end_of_record
TN:
SF:src/components/TooltipButton.tsx
FN:14,TooltipButton
FNF:1
FNH:1
FNDA:58,TooltipButton
DA:1,1
DA:2,1
DA:3,1
DA:4,1
DA:5,1
DA:6,1
DA:7,1
DA:8,1
DA:9,1
DA:10,1
DA:11,1
DA:12,1
DA:13,1
DA:14,1
DA:15,58
DA:16,58
DA:17,58
DA:18,58
DA:19,58
DA:20,58
DA:21,58
DA:22,58
DA:23,58
DA:24,58
DA:25,58
DA:26,58
DA:27,58
DA:28,58
DA:29,58
DA:30,58
DA:31,1
DA:32,1
LF:32
LH:32
BRDA:14,0,0,58
BRF:1
BRH:1
end_of_record
TN:
SF:src/components/AddGameRule/AddGameRule.tsx
FN:10,AddGameRule
FN:23,onSubmitNewRule
FN:72,onChange
FN:83,onChange
FNF:4
FNH:4
FNDA:43,AddGameRule
FNDA:7,onSubmitNewRule
FNDA:6,onChange
FNDA:6,onChange
DA:1,1
DA:2,1
DA:3,1
DA:4,1
DA:5,1
DA:6,1
DA:7,1
DA:8,1
DA:9,1
DA:10,1
DA:11,43
DA:12,43
DA:13,43
DA:14,43
DA:15,43
DA:16,2
DA:17,2
DA:18,1
DA:19,1
DA:20,2
DA:21,43
DA:22,43
DA:23,43
DA:24,7
DA:25,7
DA:26,7
DA:27,7
DA:28,7
DA:29,1
DA:30,1
DA:31,1
DA:32,1
DA:33,1
DA:34,1
DA:35,6
DA:36,6
DA:37,6
DA:38,7
DA:39,7
DA:40,1
DA:41,1
DA:42,1
DA:43,1
DA:44,1
DA:45,1
DA:46,5
DA:47,5
DA:48,4
DA:49,4
DA:50,4
DA:51,4
DA:52,4
DA:53,5
DA:54,5
DA:55,5
DA:56,5
DA:57,5
DA:58,7
DA:59,43
DA:60,43
DA:61,43
DA:62,43
DA:63,43
DA:64,43
DA:65,43
DA:66,43
DA:67,43
DA:68,43
DA:69,43
DA:70,43
DA:71,43
DA:72,43
DA:73,6
DA:74,6
DA:75,43
DA:76,43
DA:77,43
DA:78,43
DA:79,43
DA:80,43
DA:81,43
DA:82,43
DA:83,43
DA:84,43
DA:85,43
DA:86,43
DA:87,43
DA:88,43
DA:89,43
DA:90,43
DA:91,43
DA:92,12
DA:93,12
DA:94,43
DA:95,43
DA:96,43
DA:97,43
DA:98,43
DA:99,43
DA:100,43
DA:101,43
DA:102,43
DA:103,1
DA:104,1
LF:104
LH:104
BRDA:10,0,0,43
BRDA:15,1,0,2
BRDA:17,2,0,1
BRDA:23,3,0,7
BRDA:28,4,0,6
BRDA:28,5,0,1
BRDA:34,6,0,6
BRDA:39,7,0,5
BRDA:39,8,0,1
BRDA:37,9,0,2
BRDA:47,10,0,4
BRDA:72,11,0,6
BRDA:83,12,0,6
BRDA:91,13,0,12
BRF:14
BRH:14
end_of_record
TN:
SF:src/components/AnimatedComponents/AnimatedDiv.tsx
FNF:0
FNH:0
DA:1,1
DA:2,1
DA:3,1
DA:4,1
DA:5,1
DA:6,1
DA:7,1
DA:8,170
DA:9,170
DA:10,1
DA:11,1
DA:12,1
LF:12
LH:12
BRDA:7,0,0,170
BRF:1
BRH:1
end_of_record
TN:
SF:src/components/AnimatedComponents/AnimatedSpan.tsx
FNF:0
FNH:0
DA:1,1
DA:2,1
DA:3,1
DA:4,1
DA:5,1
DA:6,1
DA:7,1
DA:8,15
DA:9,15
DA:10,1
DA:11,1
LF:11
LH:11
BRDA:7,0,0,15
BRF:1
BRH:1
end_of_record
TN:
SF:src/components/AnimatedComponents/animated-button.tsx
FN:13,getAnimationVariants
FNF:1
FNH:1
FNDA:5,getAnimationVariants
DA:1,1
DA:2,1
DA:3,1
DA:4,1
DA:5,1
DA:6,1
DA:7,1
DA:8,1
DA:9,1
DA:10,1
DA:11,1
DA:12,1
DA:13,5
DA:14,5
DA:15,5
DA:16,5
DA:17,5
DA:18,5
DA:19,5
DA:20,5
DA:21,5
DA:22,5
DA:23,5
DA:24,5
DA:25,5
DA:26,5
DA:27,5
DA:28,5
DA:29,5
DA:30,5
DA:31,5
DA:32,5
DA:33,5
DA:34,5
DA:35,5
DA:36,5
DA:37,5
DA:38,5
DA:39,5
DA:40,5
DA:41,5
DA:42,5
DA:43,5
DA:44,5
DA:45,5
DA:46,5
DA:47,5
DA:48,5
DA:49,5
DA:50,1
DA:51,1
DA:52,1
DA:53,1
DA:54,1
LF:54
LH:54
BRDA:12,0,0,5
BRDA:13,1,0,5
BRF:2
BRH:2
end_of_record
TN:
SF:src/components/EditGameRule/EditGameRule.tsx
FN:15,EditGameRule
FN:20,onSuccessAddGameRule
FN:25,onErrorAddGameRule
FN:32,onAddNewRule
FN:60,handleAddInputKeyDown
FN:77,onChange
FN:85,onChange
FNF:7
FNH:6
FNDA:24,EditGameRule
FNDA:1,onSuccessAddGameRule
FNDA:1,onErrorAddGameRule
FNDA:4,onAddNewRule
FNDA:0,handleAddInputKeyDown
FNDA:3,onChange
FNDA:3,onChange
DA:1,1
DA:2,1
DA:3,1
DA:4,1
DA:5,1
DA:6,1
DA:7,1
DA:8,1
DA:9,1
DA:10,1
DA:11,1
DA:12,1
DA:13,1
DA:14,1
DA:15,1
DA:16,24
DA:17,24
DA:18,24
DA:19,24
DA:20,24
DA:21,1
DA:22,1
DA:23,1
DA:24,1
DA:25,24
DA:26,1
DA:27,1
DA:28,1
DA:29,1
DA:30,1
DA:31,24
DA:32,24
DA:33,4
DA:34,4
DA:35,4
DA:36,4
DA:37,4
DA:38,1
DA:39,1
DA:40,1
DA:41,1
DA:42,1
DA:43,1
DA:44,3
DA:45,3
DA:46,4
DA:47,1
DA:48,1
DA:49,1
DA:50,1
DA:51,1
DA:52,1
DA:53,2
DA:54,2
DA:55,2
DA:56,2
DA:57,2
DA:58,2
DA:59,24
DA:60,24
DA:61,0
DA:62,0
DA:63,0
DA:64,0
DA:65,0
DA:66,24
DA:67,24
DA:68,24
DA:69,24
DA:70,24
DA:71,24
DA:72,24
DA:73,24
DA:74,24
DA:75,24
DA:76,24
DA:77,24
DA:78,24
DA:79,24
DA:80,24
DA:81,24
DA:82,24
DA:83,24
DA:84,24
DA:85,24
DA:86,24
DA:87,24
DA:88,24
DA:89,24
DA:90,24
DA:91,24
DA:92,24
DA:93,24
DA:94,24
DA:95,24
DA:96,24
DA:97,24
DA:98,24
DA:99,24
DA:100,24
DA:101,24
DA:102,24
DA:103,24
DA:104,24
DA:105,24
DA:106,1
DA:107,1
LF:107
LH:102
BRDA:15,0,0,24
BRDA:95,1,0,0
BRDA:20,2,0,1
BRDA:25,3,0,1
BRDA:32,4,0,4
BRDA:37,5,0,3
BRDA:37,6,0,1
BRDA:43,7,0,3
BRDA:46,8,0,1
BRDA:52,9,0,2
BRDA:45,10,0,3
BRDA:77,11,0,3
BRDA:85,12,0,3
BRDA:99,13,0,24
BRF:14
BRH:13
end_of_record
TN:
SF:src/components/GameAnswer/GameAnswer.tsx
FN:15,GameAnswer
FN:18,onErrorCheckAnswer
FN:24,onSuccessCheckAnswer
FN:28,onCheckAnswer
FN:40,predicate
FN:73,onChange
FN:83,onKeyDown
FNF:7
FNH:7
FNDA:23,GameAnswer
FNDA:1,onErrorCheckAnswer
FNDA:3,onSuccessCheckAnswer
FNDA:4,onCheckAnswer
FNDA:16,predicate
FNDA:8,onChange
FNDA:5,onKeyDown
DA:1,1
DA:2,1
DA:3,1
DA:4,1
DA:5,1
DA:6,1
DA:7,1
DA:8,1
DA:9,1
DA:10,1
DA:11,1
DA:12,1
DA:13,1
DA:14,1
DA:15,1
DA:16,23
DA:17,23
DA:18,23
DA:19,1
DA:20,1
DA:21,1
DA:22,1
DA:23,1
DA:24,23
DA:25,3
DA:26,3
DA:27,23
DA:28,23
DA:29,4
DA:30,4
DA:31,4
DA:32,4
DA:33,4
DA:34,4
DA:35,23
DA:36,23
DA:37,23
DA:38,23
DA:39,23
DA:40,23
DA:41,16
DA:42,23
DA:43,23
DA:44,23
DA:45,23
DA:46,23
DA:47,23
DA:48,23
DA:49,23
DA:50,23
DA:51,23
DA:52,23
DA:53,23
DA:54,23
DA:55,31
DA:56,23
DA:57,23
DA:58,23
DA:59,23
DA:60,23
DA:61,23
DA:62,23
DA:63,23
DA:64,23
DA:65,23
DA:66,23
DA:67,23
DA:68,23
DA:69,23
DA:70,23
DA:71,23
DA:72,23
DA:73,23
DA:74,8
DA:75,8
DA:76,1
DA:77,1
DA:78,1
DA:79,1
DA:80,23
DA:81,23
DA:82,23
DA:83,23
DA:84,5
DA:85,1
DA:86,1
DA:87,1
DA:88,1
DA:89,5
DA:90,23
DA:91,23
DA:92,23
DA:93,23
DA:94,23
DA:95,23
DA:96,23
DA:97,23
DA:98,1
DA:99,1
DA:100,1
DA:101,23
DA:102,23
DA:103,23
DA:104,23
DA:105,23
DA:106,23
DA:107,23
DA:108,23
DA:109,23
DA:110,23
DA:111,23
DA:112,23
DA:113,23
DA:114,1
DA:115,1
LF:115
LH:115
BRDA:15,0,0,23
BRDA:97,1,0,1
BRDA:100,2,0,17
BRDA:108,3,0,0
BRDA:18,4,0,1
BRDA:24,5,0,3
BRDA:28,6,0,4
BRDA:40,7,0,16
BRDA:54,8,0,31
BRDA:73,9,0,8
BRDA:75,10,0,1
BRDA:83,11,0,5
BRDA:84,12,0,1
BRF:13
BRH:12
end_of_record
TN:
SF:src/components/GameItem/GameItem.tsx
FN:16,GameItem
FN:56,onClick
FNF:2
FNH:2
FNDA:17,GameItem
FNDA:3,onClick
DA:1,1
DA:2,1
DA:3,1
DA:4,1
DA:5,1
DA:6,1
DA:7,1
DA:8,1
DA:9,1
DA:10,1
DA:11,1
DA:12,1
DA:13,1
DA:14,1
DA:15,1
DA:16,1
DA:17,17
DA:18,17
DA:19,17
DA:20,17
DA:21,17
DA:22,17
DA:23,17
DA:24,17
DA:25,17
DA:26,17
DA:27,17
DA:28,17
DA:29,17
DA:30,17
DA:31,17
DA:32,17
DA:33,17
DA:34,17
DA:35,17
DA:36,17
DA:37,17
DA:38,17
DA:39,17
DA:40,17
DA:41,17
DA:42,17
DA:43,17
DA:44,17
DA:45,17
DA:46,17
DA:47,17
DA:48,17
DA:49,17
DA:50,17
DA:51,17
DA:52,17
DA:53,17
DA:54,17
DA:55,17
DA:56,17
DA:57,17
DA:58,17
DA:59,17
DA:60,17
DA:61,17
DA:62,17
DA:63,17
DA:64,17
DA:65,17
DA:66,1
DA:67,1
LF:67
LH:67
BRDA:16,0,0,17
BRDA:56,1,0,3
BRF:2
BRH:2
end_of_record
TN:
SF:src/components/GameTable/GameTable.tsx
FN:18,GameTable
FN:29,onErrorGetGame
FNF:2
FNH:2
FNDA:14,GameTable
FNDA:1,onErrorGetGame
DA:1,1
DA:2,1
DA:3,1
DA:4,1
DA:5,1
DA:6,1
DA:7,1
DA:8,1
DA:9,1
DA:10,1
DA:11,1
DA:12,1
DA:13,1
DA:14,1
DA:15,1
DA:16,1
DA:17,1
DA:18,1
DA:19,14
DA:20,14
DA:21,14
DA:22,14
DA:23,14
DA:24,14
DA:25,14
DA:26,14
DA:27,14
DA:28,14
DA:29,14
DA:30,1
DA:31,1
DA:32,1
DA:33,1
DA:34,1
DA:35,14
DA:36,14
DA:37,14
DA:38,14
DA:39,14
DA:40,14
DA:41,14
DA:42,14
DA:43,14
DA:44,14
DA:45,14
DA:46,14
DA:47,14
DA:48,14
DA:49,14
DA:50,14
DA:51,15
DA:52,14
DA:53,14
DA:54,14
DA:55,14
DA:56,14
DA:57,14
DA:58,14
DA:59,14
DA:60,14
DA:61,14
DA:62,14
DA:63,14
DA:64,14
DA:65,1
DA:66,1
LF:66
LH:66
BRDA:18,0,0,14
BRDA:26,1,0,0
BRDA:36,2,0,6
BRDA:58,3,0,7
BRDA:58,4,0,7
BRDA:20,5,0,14
BRDA:29,6,0,1
BRDA:50,7,0,15
BRF:8
BRH:7
end_of_record
TN:
SF:src/components/GameTimer/GameTimer.tsx
FN:12,formatTime
FN:19,GameTimer
FN:53,handleBeforeUnload
FNF:3
FNH:3
FNDA:16,formatTime
FNDA:16,GameTimer
FNDA:1,handleBeforeUnload
DA:1,1
DA:2,1
DA:3,1
DA:4,1
DA:5,1
DA:6,1
DA:7,1
DA:8,1
DA:9,1
DA:10,1
DA:11,1
DA:12,1
DA:13,16
DA:14,16
DA:15,16
DA:16,16
DA:17,16
DA:18,16
DA:19,1
DA:20,16
DA:21,16
DA:22,16
DA:23,16
DA:24,16
DA:25,16
DA:26,9
DA:27,7
DA:28,16
DA:29,16
DA:30,16
DA:31,16
DA:32,16
DA:33,16
DA:34,16
DA:35,16
DA:36,16
DA:37,16
DA:38,16
DA:39,16
DA:40,16
DA:41,16
DA:42,16
DA:43,14
DA:44,6
DA:45,14
DA:46,14
DA:47,16
DA:48,16
DA:49,16
DA:50,16
DA:51,16
DA:52,16
DA:53,8
DA:54,1
DA:55,1
DA:56,1
DA:57,1
DA:58,1
DA:59,8
DA:60,8
DA:61,8
DA:62,8
DA:63,8
DA:64,8
DA:65,16
DA:66,16
DA:67,16
DA:68,16
DA:69,14
DA:70,2
DA:71,2
DA:72,2
DA:73,16
DA:74,16
DA:75,16
DA:76,16
DA:77,16
DA:78,16
DA:79,16
DA:80,16
DA:81,16
DA:82,16
DA:83,16
DA:84,16
DA:85,16
DA:86,16
DA:87,16
DA:88,16
DA:89,16
DA:90,16
DA:91,16
DA:92,16
DA:93,16
DA:94,16
DA:95,16
DA:96,16
DA:97,16
DA:98,16
DA:99,16
DA:100,16
DA:101,16
DA:102,16
DA:103,16
DA:104,16
DA:105,16
DA:106,16
DA:107,16
DA:108,16
DA:109,1
DA:110,1
LF:110
LH:110
BRDA:12,0,0,16
BRDA:15,1,0,0
BRDA:19,2,0,16
BRDA:25,3,0,9
BRDA:26,4,0,7
BRDA:28,5,0,5
BRDA:75,6,0,7
BRDA:99,7,0,0
BRDA:99,8,0,0
BRDA:42,9,0,14
BRDA:43,10,0,6
BRDA:44,11,0,5
BRDA:44,12,0,0
BRDA:46,13,0,14
BRDA:52,14,0,8
BRDA:53,15,0,1
BRDA:62,16,0,8
BRDA:68,17,0,14
BRDA:69,18,0,2
BRF:19
BRH:15
end_of_record
TN:
SF:src/components/LoginForm/LoginForm.tsx
FN:24,LoginForm
FN:35,onSuccessLogin
FN:39,onErrorLogin
FN:47,handleSubmit
FN:99,onChange
FN:125,onChange
FNF:6
FNH:6
FNDA:14,LoginForm
FNDA:1,onSuccessLogin
FNDA:1,onErrorLogin
FNDA:3,handleSubmit
FNDA:3,onChange
FNDA:3,onChange
DA:1,1
DA:2,1
DA:3,1
DA:4,1
DA:5,1
DA:6,1
DA:7,1
DA:8,1
DA:9,1
DA:10,1
DA:11,1
DA:12,1
DA:13,1
DA:14,1
DA:15,1
DA:16,1
DA:17,1
DA:18,1
DA:19,1
DA:20,1
DA:21,1
DA:22,1
DA:23,1
DA:24,1
DA:25,14
DA:26,14
DA:27,14
DA:28,14
DA:29,14
DA:30,14
DA:31,14
DA:32,14
DA:33,14
DA:34,14
DA:35,14
DA:36,1
DA:37,1
DA:38,1
DA:39,14
DA:40,1
DA:41,1
DA:42,1
DA:43,1
DA:44,14
DA:45,14
DA:46,14
DA:47,14
DA:48,3
DA:49,3
DA:50,3
DA:51,3
DA:52,3
DA:53,3
DA:54,3
DA:55,1
DA:56,1
DA:57,1
DA:58,1
DA:59,1
DA:60,1
DA:61,1
DA:62,1
DA:63,1
DA:64,1
DA:65,1
DA:66,1
DA:67,1
DA:68,1
DA:69,1
DA:70,2
DA:71,2
DA:72,2
DA:73,2
DA:74,2
DA:75,14
DA:76,14
DA:77,14
DA:78,14
DA:79,14
DA:80,14
DA:81,14
DA:82,14
DA:83,14
DA:84,14
DA:85,14
DA:86,14
DA:87,14
DA:88,14
DA:89,14
DA:90,14
DA:91,14
DA:92,14
DA:93,14
DA:94,14
DA:95,14
DA:96,14
DA:97,14
DA:98,14
DA:99,14
DA:100,3
DA:101,3
DA:102,3
DA:103,3
DA:104,3
DA:105,3
DA:106,14
DA:107,14
DA:108,14
DA:109,14
DA:110,14
DA:111,14
DA:112,14
DA:113,14
DA:114,14
DA:115,14
DA:116,14
DA:117,14
DA:118,14
DA:119,14
DA:120,14
DA:121,14
DA:122,14
DA:123,14
DA:124,14
DA:125,14
DA:126,3
DA:127,3
DA:128,3
DA:129,3
DA:130,3
DA:131,3
DA:132,14
DA:133,14
DA:134,14
DA:135,14
DA:136,14
DA:137,14
DA:138,14
DA:139,14
DA:140,14
DA:141,14
DA:142,14
DA:143,14
DA:144,14
DA:145,14
DA:146,14
DA:147,14
DA:148,14
DA:149,14
DA:150,14
DA:151,14
DA:152,14
DA:153,14
DA:154,14
DA:155,14
DA:156,14
DA:157,14
DA:158,14
DA:159,14
DA:160,14
DA:161,14
DA:162,14
DA:163,14
DA:164,14
DA:165,14
DA:166,14
DA:167,1
DA:168,1
LF:168
LH:168
BRDA:24,0,0,14
BRDA:30,1,0,14
BRDA:35,2,0,1
BRDA:39,3,0,1
BRDA:41,4,0,1
BRDA:47,5,0,3
BRDA:54,6,0,1
BRDA:69,7,0,2
BRDA:56,8,0,1
BRDA:99,9,0,3
BRDA:101,10,0,3
BRDA:125,11,0,3
BRDA:127,12,0,3
BRF:13
BRH:13
end_of_record
TN:
SF:src/components/RegisterForm/RegisterForm.tsx
FN:20,RegisterForm
FN:29,onSuccessRegister
FN:32,onErrorRegister
FN:41,handleSubmit
FN:92,onChange
FN:118,onChange
FNF:6
FNH:6
FNDA:14,RegisterForm
FNDA:1,onSuccessRegister
FNDA:1,onErrorRegister
FNDA:3,handleSubmit
FNDA:3,onChange
FNDA:3,onChange
DA:1,1
DA:2,1
DA:3,1
DA:4,1
DA:5,1
DA:6,1
DA:7,1
DA:8,1
DA:9,1
DA:10,1
DA:11,1
DA:12,1
DA:13,1
DA:14,1
DA:15,1
DA:16,1
DA:17,1
DA:18,1
DA:19,1
DA:20,1
DA:21,14
DA:22,14
DA:23,14
DA:24,14
DA:25,14
DA:26,14
DA:27,14
DA:28,14
DA:29,14
DA:30,1
DA:31,1
DA:32,14
DA:33,1
DA:34,1
DA:35,1
DA:36,1
DA:37,1
DA:38,1
DA:39,14
DA:40,14
DA:41,14
DA:42,3
DA:43,3
DA:44,3
DA:45,3
DA:46,3
DA:47,3
DA:48,3
DA:49,1
DA:50,1
DA:51,1
DA:52,1
DA:53,1
DA:54,1
DA:55,1
DA:56,1
DA:57,1
DA:58,1
DA:59,1
DA:60,1
DA:61,1
DA:62,1
DA:63,2
DA:64,2
DA:65,2
DA:66,2
DA:67,2
DA:68,14
DA:69,14
DA:70,14
DA:71,14
DA:72,14
DA:73,14
DA:74,14
DA:75,14
DA:76,14
DA:77,14
DA:78,14
DA:79,14
DA:80,14
DA:81,14
DA:82,14
DA:83,14
DA:84,14
DA:85,14
DA:86,14
DA:87,14
DA:88,14
DA:89,14
DA:90,14
DA:91,14
DA:92,14
DA:93,3
DA:94,3
DA:95,3
DA:96,3
DA:97,14
DA:98,14
DA:99,14
DA:100,14
DA:101,14
DA:102,14
DA:103,14
DA:104,14
DA:105,14
DA:106,14
DA:107,14
DA:108,14
DA:109,14
DA:110,14
DA:111,14
DA:112,14
DA:113,14
DA:114,14
DA:115,14
DA:116,14
DA:117,14
DA:118,14
DA:119,3
DA:120,3
DA:121,3
DA:122,3
DA:123,14
DA:124,14
DA:125,14
DA:126,14
DA:127,14
DA:128,14
DA:129,14
DA:130,14
DA:131,14
DA:132,14
DA:133,14
DA:134,14
DA:135,14
DA:136,14
DA:137,14
DA:138,14
DA:139,14
DA:140,14
DA:141,14
DA:142,14
DA:143,14
DA:144,14
DA:145,14
DA:146,14
DA:147,14
DA:148,14
DA:149,14
DA:150,14
DA:151,14
DA:152,14
DA:153,14
DA:154,0
DA:155,0
DA:156,0
DA:157,0
DA:158,0
DA:159,0
DA:160,14
DA:161,14
DA:162,14
DA:163,14
DA:164,14
DA:165,1
DA:166,1
LF:166
LH:160
BRDA:20,0,0,14
BRDA:153,1,0,0
BRDA:29,2,0,1
BRDA:32,3,0,1
BRDA:34,4,0,1
BRDA:41,5,0,3
BRDA:48,6,0,1
BRDA:62,7,0,2
BRDA:50,8,0,1
BRDA:92,9,0,3
BRDA:94,10,0,3
BRDA:118,11,0,3
BRDA:120,12,0,3
BRF:13
BRH:12
end_of_record
TN:
SF:src/components/RuleItem/RuleItem.tsx
FN:17,RuleItem
FN:22,onSuccessEditGameRule
FN:25,onErrorEditGameRule
FN:31,onSuccessDeleteGameRule
FN:34,onErrorDeleteGameRule
FN:44,handleUpdateRule
FN:64,handleKeydown
FN:83,onChange
FN:96,onChange
FN:119,onClick
FNF:10
FNH:9
FNDA:48,RuleItem
FNDA:1,onSuccessEditGameRule
FNDA:1,onErrorEditGameRule
FNDA:1,onSuccessDeleteGameRule
FNDA:1,onErrorDeleteGameRule
FNDA:3,handleUpdateRule
FNDA:0,handleKeydown
FNDA:6,onChange
FNDA:6,onChange
FNDA:2,onClick
DA:1,1
DA:2,1
DA:3,1
DA:4,1
DA:5,1
DA:6,1
DA:7,1
DA:8,1
DA:9,1
DA:10,1
DA:11,1
DA:12,1
DA:13,1
DA:14,1
DA:15,1
DA:16,1
DA:17,1
DA:18,48
DA:19,48
DA:20,48
DA:21,48
DA:22,48
DA:23,1
DA:24,1
DA:25,48
DA:26,1
DA:27,1
DA:28,1
DA:29,1
DA:30,1
DA:31,48
DA:32,1
DA:33,1
DA:34,48
DA:35,1
DA:36,1
DA:37,1
DA:38,1
DA:39,1
DA:40,48
DA:41,48
DA:42,48
DA:43,48
DA:44,48
DA:45,3
DA:46,3
DA:47,3
DA:48,3
DA:49,3
DA:50,1
DA:51,1
DA:52,1
DA:53,1
DA:54,1
DA:55,1
DA:56,3
DA:57,2
DA:58,2
DA:59,2
DA:60,2
DA:61,2
DA:62,2
DA:63,48
DA:64,48
DA:65,0
DA:66,0
DA:67,0
DA:68,0
DA:69,0
DA:70,0
DA:71,0
DA:72,48
DA:73,48
DA:74,48
DA:75,48
DA:76,48
DA:77,48
DA:78,48
DA:79,48
DA:80,48
DA:81,48
DA:82,48
DA:83,48
DA:84,6
DA:85,6
DA:86,6
DA:87,6
DA:88,6
DA:89,6
DA:90,48
DA:91,48
DA:92,48
DA:93,48
DA:94,48
DA:95,48
DA:96,48
DA:97,6
DA:98,6
DA:99,6
DA:100,6
DA:101,6
DA:102,6
DA:103,48
DA:104,48
DA:105,48
DA:106,48
DA:107,48
DA:108,48
DA:109,48
DA:110,48
DA:111,48
DA:112,48
DA:113,48
DA:114,0
DA:115,0
DA:116,48
DA:117,48
DA:118,48
DA:119,48
DA:120,48
DA:121,48
DA:122,48
DA:123,48
DA:124,48
DA:125,1
DA:126,1
LF:126
LH:117
BRDA:17,0,0,48
BRDA:42,1,0,40
BRDA:109,2,0,13
BRDA:111,3,0,0
BRDA:113,4,0,0
BRDA:22,5,0,1
BRDA:25,6,0,1
BRDA:31,7,0,1
BRDA:34,8,0,1
BRDA:44,9,0,3
BRDA:49,10,0,2
BRDA:49,11,0,1
BRDA:55,12,0,2
BRDA:56,13,0,0
BRDA:56,14,0,2
BRDA:83,15,0,6
BRDA:85,16,0,6
BRDA:86,17,0,0
BRDA:96,18,0,6
BRDA:98,19,0,6
BRDA:119,20,0,2
BRF:21
BRH:17
end_of_record
TN:
SF:src/components/RuleItemDisplay/RuleItemDisplay.tsx
FN:14,RuleItemDisplay
FN:27,onClick
FNF:2
FNH:2
FNDA:44,RuleItemDisplay
FNDA:3,onClick
DA:1,1
DA:2,1
DA:3,1
DA:4,1
DA:5,1
DA:6,1
DA:7,1
DA:8,1
DA:9,1
DA:10,1
DA:11,1
DA:12,1
DA:13,1
DA:14,1
DA:15,44
DA:16,44
DA:17,44
DA:18,44
DA:19,44
DA:20,44
DA:21,44
DA:22,44
DA:23,44
DA:24,44
DA:25,44
DA:26,44
DA:27,44
DA:28,44
DA:29,44
DA:30,44
DA:31,44
DA:32,44
DA:33,44
DA:34,44
DA:35,44
DA:36,44
DA:37,44
DA:38,44
DA:39,1
DA:40,1
LF:40
LH:40
BRDA:14,0,0,44
BRDA:27,1,0,3
BRF:2
BRH:2
end_of_record
TN:
SF:src/components/SearchGame/SearchGame.tsx
FN:8,SearchGame
FN:28,onChange
FN:38,onClick
FNF:3
FNH:3
FNDA:18,SearchGame
FNDA:5,onChange
FNDA:1,onClick
DA:1,1
DA:2,1
DA:3,1
DA:4,1
DA:5,1
DA:6,1
DA:7,1
DA:8,1
DA:9,18
DA:10,18
DA:11,18
DA:12,18
DA:13,14
DA:14,4
DA:15,14
DA:16,14
DA:17,18
DA:18,18
DA:19,18
DA:20,18
DA:21,18
DA:22,18
DA:23,18
DA:24,18
DA:25,18
DA:26,18
DA:27,18
DA:28,18
DA:29,18
DA:30,18
DA:31,18
DA:32,18
DA:33,18
DA:34,18
DA:35,18
DA:36,18
DA:37,18
DA:38,18
DA:39,18
DA:40,18
DA:41,18
DA:42,18
DA:43,18
DA:44,18
DA:45,18
DA:46,1
DA:47,1
LF:47
LH:47
BRDA:8,0,0,18
BRDA:12,1,0,14
BRDA:13,2,0,4
BRDA:16,3,0,14
BRDA:28,4,0,5
BRDA:38,5,0,1
BRF:6
BRH:6
end_of_record
TN:
SF:src/components/TextFieldWithLabel/TextFieldWithLabel.tsx
FN:14,TextFieldWithLabel
FN:42,onFocus
FNF:2
FNH:1
FNDA:111,TextFieldWithLabel
FNDA:0,onFocus
DA:1,1
DA:2,1
DA:3,1
DA:4,1
DA:5,1
DA:6,1
DA:7,1
DA:8,1
DA:9,1
DA:10,1
DA:11,1
DA:12,1
DA:13,1
DA:14,1
DA:15,111
DA:16,111
DA:17,111
DA:18,111
DA:19,111
DA:20,111
DA:21,111
DA:22,111
DA:23,111
DA:24,111
DA:25,111
DA:26,111
DA:27,111
DA:28,111
DA:29,111
DA:30,111
DA:31,111
DA:32,111
DA:33,111
DA:34,111
DA:35,111
DA:36,111
DA:37,111
DA:38,111
DA:39,111
DA:40,111
DA:41,111
DA:42,111
DA:43,111
DA:44,111
DA:45,111
DA:46,111
DA:47,111
DA:48,111
DA:49,111
DA:50,111
DA:51,111
DA:52,111
DA:53,1
DA:54,1
LF:54
LH:54
BRDA:14,0,0,111
BRDA:35,1,0,0
BRDA:39,2,0,0
BRF:3
BRH:1
end_of_record
TN:
SF:src/components/ui/button.tsx
FNF:0
FNH:0
DA:1,1
DA:2,1
DA:3,1
DA:4,1
DA:5,1
DA:6,1
DA:7,1
DA:8,1
DA:9,1
DA:10,1
DA:11,1
DA:12,1
DA:13,1
DA:14,1
DA:15,1
DA:16,1
DA:17,1
DA:18,1
DA:19,1
DA:20,1
DA:21,1
DA:22,1
DA:23,1
DA:24,1
DA:25,1
DA:26,1
DA:27,1
DA:28,1
DA:29,1
DA:30,1
DA:31,1
DA:32,1
DA:33,1
DA:34,1
DA:35,1
DA:36,1
DA:37,1
DA:38,1
DA:39,1
DA:40,1
DA:41,1
DA:42,1
DA:43,1
DA:44,1
DA:45,1
DA:46,204
DA:47,204
DA:48,204
DA:49,204
DA:50,204
DA:51,204
DA:52,204
DA:53,204
DA:54,204
DA:55,1
DA:56,1
DA:57,1
DA:58,1
LF:58
LH:58
BRDA:45,0,0,204
BRDA:46,1,0,0
BRF:2
BRH:1
end_of_record
TN:
SF:src/components/ui/card.tsx
FNF:0
FNH:0
DA:1,1
DA:2,1
DA:3,1
DA:4,1
DA:5,1
DA:6,1
DA:7,1
DA:8,1
DA:9,1
DA:10,1
DA:11,1
DA:12,1
DA:13,1
DA:14,1
DA:15,1
DA:16,1
DA:17,1
DA:18,1
DA:19,1
DA:20,1
DA:21,1
DA:22,1
DA:23,1
DA:24,1
DA:25,1
DA:26,1
DA:27,1
DA:28,1
DA:29,1
DA:30,1
DA:31,1
DA:32,1
DA:33,1
DA:34,1
DA:35,1
DA:36,1
DA:37,1
DA:38,1
DA:39,1
DA:40,1
DA:41,1
DA:42,1
DA:43,1
DA:44,1
DA:45,1
DA:46,1
DA:47,1
DA:48,1
DA:49,1
DA:50,1
DA:51,1
DA:52,1
DA:53,1
DA:54,1
DA:55,1
DA:56,1
DA:57,1
DA:58,1
DA:59,1
DA:60,1
DA:61,1
DA:62,1
DA:63,1
DA:64,1
DA:65,1
DA:66,1
DA:67,1
DA:68,1
DA:69,1
DA:70,1
DA:71,1
DA:72,1
DA:73,1
DA:74,1
DA:75,1
DA:76,1
LF:76
LH:76
BRF:0
BRH:0
end_of_record
TN:
SF:src/components/ui/dialog.tsx
FNF:0
FNH:0
DA:1,1
DA:2,1
DA:3,1
DA:4,1
DA:5,1
DA:6,1
DA:7,1
DA:8,1
DA:9,1
DA:10,1
DA:11,1
DA:12,1
DA:13,1
DA:14,1
DA:15,1
DA:16,1
DA:17,1
DA:18,1
DA:19,1
DA:20,1
DA:21,1
DA:22,1
DA:23,1
DA:24,1
DA:25,1
DA:26,1
DA:27,1
DA:28,1
DA:29,1
DA:30,1
DA:31,1
DA:32,1
DA:33,1
DA:34,1
DA:35,1
DA:36,1
DA:37,1
DA:38,1
DA:39,1
DA:40,1
DA:41,1
DA:42,1
DA:43,1
DA:44,1
DA:45,1
DA:46,1
DA:47,1
DA:48,1
DA:49,1
DA:50,1
DA:51,1
DA:52,1
DA:53,1
DA:54,1
DA:55,1
DA:56,1
DA:57,1
DA:58,1
DA:59,1
DA:60,1
DA:61,1
DA:62,1
DA:63,1
DA:64,1
DA:65,1
DA:66,1
DA:67,1
DA:68,1
DA:69,1
DA:70,1
DA:71,1
DA:72,1
DA:73,1
DA:74,1
DA:75,1
DA:76,1
DA:77,1
DA:78,1
DA:79,1
DA:80,1
DA:81,1
DA:82,1
DA:83,1
DA:84,1
DA:85,1
DA:86,1
DA:87,1
DA:88,1
DA:89,1
DA:90,1
DA:91,1
DA:92,1
DA:93,1
DA:94,1
DA:95,1
DA:96,1
DA:97,1
DA:98,1
DA:99,1
DA:100,1
DA:101,1
DA:102,1
DA:103,1
DA:104,1
DA:105,1
DA:106,1
DA:107,1
DA:108,1
DA:109,1
DA:110,1
DA:111,1
DA:112,1
DA:113,1
DA:114,1
DA:115,1
DA:116,1
DA:117,1
DA:118,1
DA:119,1
DA:120,1
DA:121,1
DA:122,1
LF:122
LH:122
BRF:0
BRH:0
end_of_record
TN:
SF:src/components/ui/input.tsx
FNF:0
FNH:0
DA:1,1
DA:2,1
DA:3,1
DA:4,1
DA:5,1
DA:6,1
DA:7,346
DA:8,346
DA:9,346
DA:10,346
DA:11,346
DA:12,346
DA:13,346
DA:14,346
DA:15,346
DA:16,346
DA:17,346
DA:18,346
DA:19,1
DA:20,1
DA:21,1
DA:22,1
LF:22
LH:22
BRDA:6,0,0,346
BRF:1
BRH:1
end_of_record
TN:
SF:src/components/ui/label.tsx
FNF:0
FNH:0
DA:1,1
DA:2,1
DA:3,1
DA:4,1
DA:5,1
DA:6,1
DA:7,1
DA:8,1
DA:9,1
DA:10,1
DA:11,1
DA:12,1
DA:13,1
DA:14,1
DA:15,1
DA:16,1
DA:17,1
DA:18,1
DA:19,1
DA:20,1
DA:21,1
DA:22,1
DA:23,1
DA:24,1
DA:25,1
DA:26,1
LF:26
LH:26
BRF:0
BRH:0
end_of_record
TN:
SF:src/components/ui/spinner.tsx
FN:38,Spinner
FNF:1
FNH:1
FNDA:1,Spinner
DA:1,1
DA:2,1
DA:3,1
DA:4,1
DA:5,1
DA:6,1
DA:7,1
DA:8,1
DA:9,1
DA:10,1
DA:11,1
DA:12,1
DA:13,1
DA:14,1
DA:15,1
DA:16,1
DA:17,1
DA:18,1
DA:19,1
DA:20,1
DA:21,1
DA:22,1
DA:23,1
DA:24,1
DA:25,1
DA:26,1
DA:27,1
DA:28,1
DA:29,1
DA:30,1
DA:31,1
DA:32,1
DA:33,1
DA:34,1
DA:35,1
DA:36,1
DA:37,1
DA:38,1
DA:39,1
DA:40,1
DA:41,1
DA:42,1
DA:43,1
DA:44,1
DA:45,1
DA:46,1
DA:47,1
DA:48,1
DA:49,1
DA:50,1
LF:50
LH:50
BRDA:38,0,0,1
BRF:1
BRH:1
end_of_record
TN:
SF:src/components/ui/table.tsx
FNF:0
FNH:0
DA:1,1
DA:2,1
DA:3,1
DA:4,1
DA:5,1
DA:6,1
DA:7,1
DA:8,1
DA:9,1
DA:10,1
DA:11,1
DA:12,1
DA:13,1
DA:14,1
DA:15,1
DA:16,1
DA:17,1
DA:18,1
DA:19,1
DA:20,1
DA:21,1
DA:22,1
DA:23,1
DA:24,1
DA:25,1
DA:26,1
DA:27,1
DA:28,1
DA:29,1
DA:30,1
DA:31,1
DA:32,1
DA:33,1
DA:34,1
DA:35,1
DA:36,1
DA:37,1
DA:38,1
DA:39,1
DA:40,1
DA:41,1
DA:42,1
DA:43,1
DA:44,1
DA:45,1
DA:46,1
DA:47,1
DA:48,1
DA:49,1
DA:50,1
DA:51,1
DA:52,1
DA:53,1
DA:54,1
DA:55,1
DA:56,1
DA:57,1
DA:58,1
DA:59,1
DA:60,1
DA:61,1
DA:62,1
DA:63,1
DA:64,1
DA:65,1
DA:66,1
DA:67,1
DA:68,1
DA:69,1
DA:70,1
DA:71,1
DA:72,1
DA:73,1
DA:74,1
DA:75,1
DA:76,1
DA:77,1
DA:78,1
DA:79,1
DA:80,1
DA:81,1
DA:82,1
DA:83,1
DA:84,1
DA:85,1
DA:86,1
DA:87,1
DA:88,1
DA:89,1
DA:90,1
DA:91,1
DA:92,1
DA:93,1
DA:94,1
DA:95,1
DA:96,1
DA:97,1
DA:98,1
DA:99,1
DA:100,1
DA:101,1
DA:102,1
DA:103,1
DA:104,1
DA:105,1
DA:106,1
DA:107,1
DA:108,1
DA:109,1
DA:110,1
DA:111,1
DA:112,1
DA:113,1
DA:114,1
DA:115,1
DA:116,1
DA:117,1
DA:118,1
DA:119,1
DA:120,1
LF:120
LH:120
BRF:0
BRH:0
end_of_record
TN:
SF:src/components/ui/tooltip.tsx
FNF:0
FNH:0
DA:1,1
DA:2,1
DA:3,1
DA:4,1
DA:5,1
DA:6,1
DA:7,1
DA:8,1
DA:9,1
DA:10,1
DA:11,1
DA:12,1
DA:13,1
DA:14,1
DA:15,1
DA:16,1
DA:17,1
DA:18,1
DA:19,1
DA:20,1
DA:21,1
DA:22,1
DA:23,1
DA:24,1
DA:25,1
DA:26,1
DA:27,1
DA:28,1
DA:29,1
DA:30,1
DA:31,1
DA:32,1
LF:32
LH:32
BRF:0
BRH:0
end_of_record
TN:
SF:src/hooks/use-toast.ts
FN:27,genId
FN:58,addToRemoveQueue
FN:74,reducer
FN:133,dispatch
FN:142,toast
FN:171,useToast
FNF:6
FNH:0
FNDA:0,genId
FNDA:0,addToRemoveQueue
FNDA:0,reducer
FNDA:0,dispatch
FNDA:0,toast
FNDA:0,useToast
DA:1,1
DA:2,1
DA:3,1
DA:4,1
DA:5,1
DA:6,1
DA:7,1
DA:8,1
DA:9,1
DA:10,1
DA:11,1
DA:12,1
DA:13,1
DA:14,1
DA:15,1
DA:16,1
DA:17,1
DA:18,1
DA:19,1
DA:20,1
DA:21,1
DA:22,1
DA:23,1
DA:24,1
DA:25,1
DA:26,1
DA:27,0
DA:28,0
DA:29,0
DA:30,0
DA:31,1
DA:32,1
DA:33,1
DA:34,1
DA:35,1
DA:36,1
DA:37,1
DA:38,1
DA:39,1
DA:40,1
DA:41,1
DA:42,1
DA:43,1
DA:44,1
DA:45,1
DA:46,1
DA:47,1
DA:48,1
DA:49,1
DA:50,1
DA:51,1
DA:52,1
DA:53,1
DA:54,1
DA:55,1
DA:56,1
DA:57,1
DA:58,1
DA:59,0
DA:60,0
DA:61,0
DA:62,0
DA:63,0
DA:64,0
DA:65,0
DA:66,0
DA:67,0
DA:68,0
DA:69,0
DA:70,0
DA:71,0
DA:72,0
DA:73,1
DA:74,1
DA:75,0
DA:76,0
DA:77,0
DA:78,0
DA:79,0
DA:80,0
DA:81,0
DA:82,0
DA:83,0
DA:84,0
DA:85,0
DA:86,0
DA:87,0
DA:88,0
DA:89,0
DA:90,0
DA:91,0
DA:92,0
DA:93,0
DA:94,0
DA:95,0
DA:96,0
DA:97,0
DA:98,0
DA:99,0
DA:100,0
DA:101,0
DA:102,0
DA:103,0
DA:104,0
DA:105,0
DA:106,0
DA:107,0
DA:108,0
DA:109,0
DA:110,0
DA:111,0
DA:112,0
DA:113,0
DA:114,0
DA:115,0
DA:116,0
DA:117,0
DA:118,0
DA:119,0
DA:120,0
DA:121,0
DA:122,0
DA:123,0
DA:124,0
DA:125,0
DA:126,0
DA:127,0
DA:128,1
DA:129,1
DA:130,1
DA:131,1
DA:132,1
DA:133,0
DA:134,0
DA:135,0
DA:136,0
DA:137,0
DA:138,0
DA:139,1
DA:140,1
DA:141,1
DA:142,0
DA:143,0
DA:144,0
DA:145,0
DA:146,0
DA:147,0
DA:148,0
DA:149,0
DA:150,0
DA:151,0
DA:152,0
DA:153,0
DA:154,0
DA:155,0
DA:156,0
DA:157,0
DA:158,0
DA:159,0
DA:160,0
DA:161,0
DA:162,0
DA:163,0
DA:164,0
DA:165,0
DA:166,0
DA:167,0
DA:168,0
DA:169,0
DA:170,1
DA:171,0
DA:172,0
DA:173,0
DA:174,0
DA:175,0
DA:176,0
DA:177,0
DA:178,0
DA:179,0
DA:180,0
DA:181,0
DA:182,0
DA:183,0
DA:184,0
DA:185,0
DA:186,0
DA:187,0
DA:188,0
DA:189,0
DA:190,1
DA:191,1
LF:191
LH:67
BRF:0
BRH:0
end_of_record
TN:
SF:src/hooks/useAuth.ts
FN:17,useAuth
FN:21,onSuccess
FN:25,onError
FN:34,onSuccess
FN:38,onError
FNF:5
FNH:5
FNDA:28,useAuth
FNDA:2,onSuccess
FNDA:2,onError
FNDA:1,onSuccess
FNDA:1,onError
DA:1,1
DA:2,1
DA:3,1
DA:4,1
DA:5,1
DA:6,1
DA:7,1
DA:8,1
DA:9,1
DA:10,1
DA:11,1
DA:12,1
DA:13,1
DA:14,1
DA:15,1
DA:16,1
DA:17,1
DA:18,28
DA:19,28
DA:20,28
DA:21,28
DA:22,2
DA:23,2
DA:24,2
DA:25,28
DA:26,2
DA:27,2
DA:28,2
DA:29,28
DA:30,28
DA:31,28
DA:32,28
DA:33,28
DA:34,28
DA:35,1
DA:36,1
DA:37,1
DA:38,28
DA:39,1
DA:40,1
DA:41,1
DA:42,28
DA:43,28
DA:44,28
DA:45,28
DA:46,28
DA:47,28
DA:48,28
DA:49,1
DA:50,1
LF:50
LH:50
BRDA:17,0,0,28
BRDA:21,1,0,2
BRDA:25,2,0,2
BRDA:34,3,0,1
BRDA:38,4,0,1
BRF:5
BRH:5
end_of_record
TN:
SF:src/hooks/useGenerateMutationKey.ts
FN:1,useGenerateMutationKey
FN:2,getMutateGameKey
FN:5,getMutateGameRuleKey
FN:9,getMutateGameAttemptKey
FNF:4
FNH:4
FNDA:191,useGenerateMutationKey
FNDA:201,getMutateGameKey
FNDA:252,getMutateGameRuleKey
FNDA:196,getMutateGameAttemptKey
DA:1,1
DA:2,191
DA:3,201
DA:4,201
DA:5,191
DA:6,252
DA:7,252
DA:8,191
DA:9,191
DA:10,196
DA:11,196
DA:12,191
DA:13,191
DA:14,1
DA:15,1
LF:15
LH:15
BRDA:1,0,0,191
BRDA:2,1,0,201
BRDA:5,2,0,252
BRDA:9,3,0,196
BRF:4
BRH:4
end_of_record
TN:
SF:src/hooks/useGenerateQKey.ts
FN:3,useGenerateQKey
FN:4,getGameListQueryKey
FN:14,getGameDetailQueryKey
FN:18,getGameAttemptQKey
FNF:4
FNH:4
FNDA:135,useGenerateQKey
FNDA:48,getGameListQueryKey
FNDA:33,getGameDetailQueryKey
FNDA:11,getGameAttemptQKey
DA:1,1
DA:2,1
DA:3,1
DA:4,135
DA:5,48
DA:6,48
DA:7,0
DA:8,0
DA:9,48
DA:10,0
DA:11,0
DA:12,48
DA:13,48
DA:14,135
DA:15,33
DA:16,33
DA:17,135
DA:18,135
DA:19,11
DA:20,11
DA:21,11
DA:22,135
DA:23,135
DA:24,135
DA:25,135
DA:26,135
DA:27,135
DA:28,1
DA:29,1
LF:29
LH:25
BRDA:3,0,0,135
BRDA:4,1,0,48
BRDA:6,2,0,20
BRDA:6,3,0,0
BRDA:9,4,0,20
BRDA:9,5,0,0
BRDA:14,6,0,33
BRDA:18,7,0,11
BRF:8
BRH:6
end_of_record
TN:
SF:src/hooks/useGetGame.ts
FN:12,useGetGame
FN:19,queryFn
FNF:2
FNH:2
FNDA:37,useGetGame
FNDA:17,queryFn
DA:1,1
DA:2,1
DA:3,1
DA:4,1
DA:5,1
DA:6,1
DA:7,1
DA:8,1
DA:9,1
DA:10,1
DA:11,1
DA:12,1
DA:13,37
DA:14,37
DA:15,37
DA:16,37
DA:17,37
DA:18,37
DA:19,37
DA:20,17
DA:21,17
DA:22,17
DA:23,1
DA:24,1
DA:25,1
DA:26,17
DA:27,37
DA:28,37
DA:29,37
DA:30,37
DA:31,1
DA:32,1
LF:32
LH:32
BRDA:12,0,0,37
BRDA:19,1,0,17
BRDA:22,2,0,1
BRF:3
BRH:3
end_of_record
TN:
SF:src/hooks/useGetGameAttempt.ts
FN:12,useGetGameAttempt
FN:16,queryFn
FNF:2
FNH:2
FNDA:10,useGetGameAttempt
FNDA:5,queryFn
DA:1,1
DA:2,1
DA:3,1
DA:4,1
DA:5,1
DA:6,1
DA:7,1
DA:8,1
DA:9,1
DA:10,1
DA:11,1
DA:12,1
DA:13,10
DA:14,10
DA:15,10
DA:16,10
DA:17,5
DA:18,5
DA:19,5
DA:20,2
DA:21,2
DA:22,2
DA:23,5
DA:24,10
DA:25,10
DA:26,10
DA:27,10
DA:28,1
DA:29,1
LF:29
LH:29
BRDA:12,0,0,10
BRDA:16,1,0,5
BRDA:19,2,0,2
BRF:3
BRH:3
end_of_record
TN:
SF:src/hooks/useGetGameDetail.ts
FN:13,useGetGameDetail
FN:22,queryFn
FNF:2
FNH:2
FNDA:33,useGetGameDetail
FNDA:11,queryFn
DA:1,1
DA:2,1
DA:3,1
DA:4,1
DA:5,1
DA:6,1
DA:7,1
DA:8,1
DA:9,1
DA:10,1
DA:11,1
DA:12,1
DA:13,1
DA:14,33
DA:15,33
DA:16,33
DA:17,33
DA:18,33
DA:19,33
DA:20,33
DA:21,33
DA:22,33
DA:23,11
DA:24,11
DA:25,11
DA:26,11
DA:27,11
DA:28,1
DA:29,1
DA:30,1
DA:31,11
DA:32,33
DA:33,33
DA:34,33
DA:35,33
DA:36,1
DA:37,1
LF:37
LH:37
BRDA:13,0,0,33
BRDA:22,1,0,11
BRDA:24,2,0,10
BRDA:25,3,0,5
BRDA:27,4,0,1
BRF:5
BRH:5
end_of_record
TN:
SF:src/hooks/useMutateGame.ts
FN:16,useMutateGame
FN:21,onSuccess
FN:24,onError
FN:32,onSuccess
FN:35,onError
FN:43,onSuccess
FN:46,onError
FNF:7
FNH:7
FNDA:66,useMutateGame
FNDA:2,onSuccess
FNDA:2,onError
FNDA:2,onSuccess
FNDA:2,onError
FNDA:2,onSuccess
FNDA:1,onError
DA:1,1
DA:2,1
DA:3,1
DA:4,1
DA:5,1
DA:6,1
DA:7,1
DA:8,1
DA:9,1
DA:10,1
DA:11,1
DA:12,1
DA:13,1
DA:14,1
DA:15,1
DA:16,1
DA:17,66
DA:18,66
DA:19,66
DA:20,66
DA:21,66
DA:22,2
DA:23,2
DA:24,66
DA:25,2
DA:26,2
DA:27,66
DA:28,66
DA:29,66
DA:30,66
DA:31,66
DA:32,66
DA:33,2
DA:34,2
DA:35,66
DA:36,2
DA:37,2
DA:38,66
DA:39,66
DA:40,66
DA:41,66
DA:42,66
DA:43,66
DA:44,2
DA:45,2
DA:46,66
DA:47,1
DA:48,1
DA:49,66
DA:50,66
DA:51,66
DA:52,66
DA:53,66
DA:54,66
DA:55,66
DA:56,1
DA:57,1
LF:57
LH:57
BRDA:16,0,0,66
BRDA:21,1,0,2
BRDA:24,2,0,2
BRDA:32,3,0,2
BRDA:35,4,0,2
BRDA:43,5,0,2
BRDA:46,6,0,1
BRF:7
BRH:7
end_of_record
TN:
SF:src/hooks/useMutateGameAttempt.ts
FN:25,useMutateGameAttempt
FN:34,onSuccess
FN:38,onError
FN:46,onSuccess
FN:50,onError
FN:61,onSuccess
FN:64,onError
FNF:7
FNH:7
FNDA:49,useMutateGameAttempt
FNDA:5,onSuccess
FNDA:1,onError
FNDA:5,onSuccess
FNDA:1,onError
FNDA:4,onSuccess
FNDA:2,onError
DA:1,1
DA:2,1
DA:3,1
DA:4,1
DA:5,1
DA:6,1
DA:7,1
DA:8,1
DA:9,1
DA:10,1
DA:11,1
DA:12,1
DA:13,1
DA:14,1
DA:15,1
DA:16,1
DA:17,1
DA:18,1
DA:19,1
DA:20,1
DA:21,1
DA:22,1
DA:23,1
DA:24,1
DA:25,1
DA:26,49
DA:27,49
DA:28,49
DA:29,49
DA:30,49
DA:31,49
DA:32,49
DA:33,49
DA:34,49
DA:35,5
DA:36,5
DA:37,5
DA:38,49
DA:39,1
DA:40,1
DA:41,49
DA:42,49
DA:43,49
DA:44,49
DA:45,49
DA:46,49
DA:47,5
DA:48,5
DA:49,5
DA:50,49
DA:51,1
DA:52,1
DA:53,49
DA:54,49
DA:55,49
DA:56,49
DA:57,49
DA:58,49
DA:59,49
DA:60,49
DA:61,49
DA:62,4
DA:63,4
DA:64,49
DA:65,2
DA:66,2
DA:67,49
DA:68,49
DA:69,49
DA:70,1
DA:71,1
LF:71
LH:71
BRDA:25,0,0,49
BRDA:34,1,0,5
BRDA:38,2,0,1
BRDA:46,3,0,5
BRDA:50,4,0,1
BRDA:61,5,0,4
BRDA:64,6,0,2
BRF:7
BRH:7
end_of_record
TN:
SF:src/hooks/useMutateGameRule.ts
FN:24,useMutateGameRule
FN:34,onSuccess
FN:37,onError
FN:49,onSuccess
FN:52,onError
FN:60,onSuccess
FN:64,onError
FNF:7
FNH:7
FNDA:84,useMutateGameRule
FNDA:2,onSuccess
FNDA:2,onError
FNDA:2,onSuccess
FNDA:2,onError
FNDA:2,onSuccess
FNDA:2,onError
DA:1,1
DA:2,1
DA:3,1
DA:4,1
DA:5,1
DA:6,1
DA:7,1
DA:8,1
DA:9,1
DA:10,1
DA:11,1
DA:12,1
DA:13,1
DA:14,1
DA:15,1
DA:16,1
DA:17,1
DA:18,1
DA:19,1
DA:20,1
DA:21,1
DA:22,1
DA:23,1
DA:24,1
DA:25,84
DA:26,84
DA:27,84
DA:28,84
DA:29,84
DA:30,84
DA:31,84
DA:32,84
DA:33,84
DA:34,84
DA:35,2
DA:36,2
DA:37,84
DA:38,2
DA:39,2
DA:40,84
DA:41,84
DA:42,84
DA:43,84
DA:44,84
DA:45,84
DA:46,84
DA:47,84
DA:48,84
DA:49,84
DA:50,2
DA:51,2
DA:52,84
DA:53,2
DA:54,2
DA:55,84
DA:56,84
DA:57,84
DA:58,84
DA:59,84
DA:60,84
DA:61,2
DA:62,2
DA:63,2
DA:64,84
DA:65,2
DA:66,2
DA:67,84
DA:68,84
DA:69,84
DA:70,84
DA:71,84
DA:72,84
DA:73,84
DA:74,1
DA:75,1
LF:75
LH:75
BRDA:24,0,0,84
BRDA:34,1,0,2
BRDA:37,2,0,2
BRDA:49,3,0,2
BRDA:52,4,0,2
BRDA:60,5,0,2
BRDA:64,6,0,2
BRF:7
BRH:7
end_of_record
TN:
SF:src/hooks/useSetGameQueryData.ts
FN:11,useSetGameQueryData
FN:14,addGameQueryData
FN:17,predicate
FN:21,predicate
FN:42,editGameQueryData
FN:45,predicate
FN:48,predicate
FN:70,deleteGameQueryData
FN:73,predicate
FN:77,predicate
FN:97,addGameRuleQueryData
FN:101,predicate
FN:104,predicate
FN:124,editGameRuleQueryData
FN:127,predicate
FN:131,predicate
FN:153,deleteGameRuleQueryData
FN:156,predicate
FN:160,predicate
FNF:19
FNH:19
FNDA:82,useSetGameQueryData
FNDA:2,addGameQueryData
FNDA:2,predicate
FNDA:2,predicate
FNDA:2,editGameQueryData
FNDA:4,predicate
FNDA:4,predicate
FNDA:2,deleteGameQueryData
FNDA:3,predicate
FNDA:3,predicate
FNDA:1,addGameRuleQueryData
FNDA:2,predicate
FNDA:2,predicate
FNDA:1,editGameRuleQueryData
FNDA:2,predicate
FNDA:2,predicate
FNDA:1,deleteGameRuleQueryData
FNDA:2,predicate
FNDA:2,predicate
DA:1,1
DA:2,1
DA:3,1
DA:4,1
DA:5,1
DA:6,1
DA:7,1
DA:8,1
DA:9,1
DA:10,1
DA:11,1
DA:12,82
DA:13,82
DA:14,82
DA:15,2
DA:16,2
DA:17,2
DA:18,2
DA:19,2
DA:20,2
DA:21,2
DA:22,2
DA:23,2
DA:24,2
DA:25,2
DA:26,1
DA:27,0
DA:28,0
DA:29,0
DA:30,0
DA:31,0
DA:32,0
DA:33,0
DA:34,0
DA:35,0
DA:36,1
DA:37,2
DA:38,0
DA:39,0
DA:40,2
DA:41,82
DA:42,82
DA:43,2
DA:44,2
DA:45,2
DA:46,2
DA:47,2
DA:48,2
DA:49,4
DA:50,2
DA:51,2
DA:52,2
DA:53,2
DA:54,1
DA:55,1
DA:56,1
DA:57,1
DA:58,1
DA:59,1
DA:60,1
DA:61,1
DA:62,1
DA:63,1
DA:64,1
DA:65,2
DA:66,2
DA:67,0
DA:68,0
DA:69,2
DA:70,82
DA:71,2
DA:72,2
DA:73,2
DA:74,3
DA:75,2
DA:76,2
DA:77,2
DA:78,3
DA:79,2
DA:80,2
DA:81,2
DA:82,2
DA:83,1
DA:84,1
DA:85,1
DA:86,1
DA:87,1
DA:88,1
DA:89,1
DA:90,1
DA:91,1
DA:92,2
DA:93,2
DA:94,0
DA:95,0
DA:96,2
DA:97,82
DA:98,1
DA:99,1
DA:100,1
DA:101,1
DA:102,1
DA:103,1
DA:104,1
DA:105,2
DA:106,1
DA:107,1
DA:108,1
DA:109,1
DA:110,0
DA:111,0
DA:112,0
DA:113,0
DA:114,0
DA:115,0
DA:116,0
DA:117,0
DA:118,1
DA:119,1
DA:120,0
DA:121,0
DA:122,1
DA:123,82
DA:124,82
DA:125,1
DA:126,1
DA:127,1
DA:128,2
DA:129,1
DA:130,1
DA:131,1
DA:132,2
DA:133,1
DA:134,1
DA:135,1
DA:136,1
DA:137,0
DA:138,0
DA:139,0
DA:140,0
DA:141,0
DA:142,0
DA:143,0
DA:144,0
DA:145,0
DA:146,0
DA:147,1
DA:148,1
DA:149,0
DA:150,0
DA:151,1
DA:152,82
DA:153,82
DA:154,1
DA:155,1
DA:156,1
DA:157,2
DA:158,1
DA:159,1
DA:160,1
DA:161,2
DA:162,1
DA:163,1
DA:164,1
DA:165,1
DA:166,0
DA:167,0
DA:168,0
DA:169,0
DA:170,0
DA:171,0
DA:172,0
DA:173,0
DA:174,0
DA:175,0
DA:176,0
DA:177,1
DA:178,1
DA:179,0
DA:180,0
DA:181,1
DA:182,82
DA:183,82
DA:184,82
DA:185,82
DA:186,82
DA:187,82
DA:188,82
DA:189,82
DA:190,82
DA:191,1
DA:192,1
LF:192
LH:142
BRDA:11,0,0,82
BRDA:14,1,0,2
BRDA:17,2,0,2
BRDA:18,3,0,1
BRDA:18,4,0,2
BRDA:21,5,0,2
BRDA:22,6,0,1
BRDA:22,7,0,2
BRDA:25,8,0,1
BRDA:42,9,0,2
BRDA:45,10,0,4
BRDA:45,11,0,4
BRDA:48,12,0,4
BRDA:49,13,0,2
BRDA:49,14,0,4
BRDA:52,15,0,2
BRDA:53,16,0,1
BRDA:63,17,0,0
BRDA:55,18,0,1
BRDA:56,19,0,1
BRDA:70,20,0,2
BRDA:73,21,0,3
BRDA:74,22,0,2
BRDA:74,23,0,3
BRDA:77,24,0,3
BRDA:78,25,0,2
BRDA:78,26,0,3
BRDA:81,27,0,2
BRDA:82,28,0,1
BRDA:90,29,0,0
BRDA:84,30,0,1
BRDA:85,31,0,1
BRDA:97,32,0,1
BRDA:101,33,0,2
BRDA:101,34,0,3
BRDA:104,35,0,2
BRDA:105,36,0,1
BRDA:105,37,0,3
BRDA:108,38,0,1
BRDA:124,39,0,1
BRDA:127,40,0,2
BRDA:128,41,0,1
BRDA:128,42,0,3
BRDA:131,43,0,2
BRDA:132,44,0,1
BRDA:132,45,0,3
BRDA:135,46,0,1
BRDA:153,47,0,1
BRDA:156,48,0,2
BRDA:157,49,0,1
BRDA:157,50,0,3
BRDA:160,51,0,2
BRDA:161,52,0,1
BRDA:161,53,0,3
BRDA:164,54,0,1
BRF:55
BRH:53
end_of_record
TN:
SF:src/lib/utils.ts
FN:4,cn
FNF:1
FNH:1
FNDA:1138,cn
DA:1,1
DA:2,1
DA:3,1
DA:4,1
DA:5,1138
DA:6,1138
LF:6
LH:6
BRDA:4,0,0,1138
BRF:1
BRH:1
end_of_record
TN:
SF:src/stores/authStore.ts
FN:16,getItem
FN:21,setItem
FN:24,removeItem
FN:34,setCurrentUser
FN:38,removeUser
FNF:5
FNH:1
FNDA:5,getItem
FNDA:0,setItem
FNDA:0,removeItem
FNDA:0,setCurrentUser
FNDA:0,removeUser
DA:1,1
DA:2,1
DA:3,1
DA:4,1
DA:5,1
DA:6,1
DA:7,1
DA:8,1
DA:9,1
DA:10,1
DA:11,1
DA:12,1
DA:13,1
DA:14,1
DA:15,1
DA:16,1
DA:17,5
DA:18,5
DA:19,5
DA:20,5
DA:21,1
DA:22,0
DA:23,0
DA:24,1
DA:25,0
DA:26,0
DA:27,1
DA:28,1
DA:29,1
DA:30,1
DA:31,1
DA:32,1
DA:33,5
DA:34,5
DA:35,0
DA:36,0
DA:37,0
DA:38,5
DA:39,0
DA:40,0
DA:41,0
DA:42,0
DA:43,0
DA:44,5
DA:45,1
DA:46,1
DA:47,1
DA:48,1
DA:49,1
DA:50,1
LF:50
LH:38
BRDA:16,0,0,5
BRDA:17,1,0,0
BRDA:19,2,0,0
BRDA:32,3,0,5
BRF:4
BRH:2
end_of_record
TN:
SF:src/test_utils/testWrappers.tsx
FN:3,createReactQueryWrapper
FNF:1
FNH:1
FNDA:42,createReactQueryWrapper
DA:1,1
DA:2,1
DA:3,1
DA:4,42
DA:5,42
DA:6,42
DA:7,42
DA:8,42
DA:9,42
DA:10,42
LF:10
LH:10
BRDA:3,0,0,42
BRF:1
BRH:1
end_of_record
TN:
SF:src/utils/cookies.ts
FNF:0
FNH:0
DA:1,1
DA:2,1
DA:3,1
LF:3
LH:3
BRF:0
BRH:0
end_of_record
TN:
SF:src/utils/helperFncs.ts
FN:3,findErrors
FN:11,removeFalsyProps
FNF:2
FNH:2
FNDA:8,findErrors
FNDA:12,removeFalsyProps
DA:1,1
DA:2,1
DA:3,1
DA:4,8
DA:5,8
DA:6,16
DA:7,16
DA:8,8
DA:9,8
DA:10,1
DA:11,1
DA:12,12
DA:13,12
DA:14,12
DA:15,12
DA:16,12
DA:17,26
DA:18,12
DA:19,12
DA:20,12
LF:20
LH:20
BRDA:3,0,0,8
BRDA:4,1,0,0
BRDA:5,2,0,16
BRDA:8,3,0,6
BRDA:11,4,0,12
BRDA:16,5,0,26
BRDA:17,6,0,20
BRDA:17,7,0,20
BRF:8
BRH:7
end_of_record
